RUN	graffitab.LoadAppHome		loadapphome	1500221647953	 	2.0
USER	Load GraffiTab App	1	START	1500221648424	1500221648424
USER	Load GraffiTab App	2	START	1500221648648	1500221648648
REQUEST	Load GraffiTab App	1		Login	1500221648463	1500221648703	OK	 
REQUEST	Load GraffiTab App	2		Login	1500221648648	1500221648826	OK	 
USER	Load GraffiTab App	3	START	1500221648848	1500221648848
REQUEST	Load GraffiTab App	3		Login	1500221648849	1500221649041	OK	 
USER	Load GraffiTab App	4	START	1500221649047	1500221649047
REQUEST	Load GraffiTab App	1		Me	1500221649032	1500221649070	OK	 
REQUEST	Load GraffiTab App	2		Me	1500221649139	1500221649174	OK	 
REQUEST	Load GraffiTab App	4		Login	1500221649048	1500221649242	OK	 
USER	Load GraffiTab App	5	START	1500221649248	1500221649248
REQUEST	Load GraffiTab App	3		Me	1500221649359	1500221649394	OK	 
REQUEST	Load GraffiTab App	1		Unread notifications	1500221649368	1500221649401	OK	 
USER	Load GraffiTab App	6	START	1500221649448	1500221649448
REQUEST	Load GraffiTab App	5		Login	1500221649248	1500221649460	OK	 
REQUEST	Load GraffiTab App	2		Unread notifications	1500221649481	1500221649508	OK	 
REQUEST	Load GraffiTab App	4		Me	1500221649561	1500221649604	OK	 
USER	Load GraffiTab App	7	START	1500221649648	1500221649648
REQUEST	Load GraffiTab App	1		Get My Feed	1500221649700	1500221649742	OK	 
REQUEST	Load GraffiTab App	3		Unread notifications	1500221649700	1500221649749	OK	 
REQUEST	Load GraffiTab App	6		Login	1500221649448	1500221649822	OK	 
REQUEST	Load GraffiTab App	5		Me	1500221649781	1500221649825	OK	 
REQUEST	Load GraffiTab App	2		Get My Feed	1500221649810	1500221649843	OK	 
USER	Load GraffiTab App	8	START	1500221649848	1500221649848
REQUEST	Load GraffiTab App	7		Login	1500221649649	1500221649891	OK	 
REQUEST	Load GraffiTab App	4		Unread notifications	1500221649899	1500221649927	OK	 
USER	Load GraffiTab App	9	START	1500221650048	1500221650048
REQUEST	Load GraffiTab App	3		Get My Feed	1500221650048	1500221650074	OK	 
REQUEST	Load GraffiTab App	1		Notifications	1500221650039	1500221650085	OK	 
REQUEST	Load GraffiTab App	5		Unread notifications	1500221650118	1500221650144	OK	 
REQUEST	Load GraffiTab App	2		Notifications	1500221650140	1500221650175	OK	 
REQUEST	Load GraffiTab App	8		Login	1500221649849	1500221650193	OK	 
REQUEST	Load GraffiTab App	6		Me	1500221650140	1500221650195	OK	 
USER	Load GraffiTab App	10	START	1500221650248	1500221650248
REQUEST	Load GraffiTab App	7		Me	1500221650209	1500221650258	OK	 
REQUEST	Load GraffiTab App	4		Get My Feed	1500221650240	1500221650266	OK	 
REQUEST	Load GraffiTab App	3		Notifications	1500221650368	1500221650399	OK	 
REQUEST	Load GraffiTab App	1		Trending	1500221650389	1500221650438	OK	 
USER	Load GraffiTab App	11	START	1500221650448	1500221650448
REQUEST	Load GraffiTab App	5		Get My Feed	1500221650448	1500221650474	OK	 
REQUEST	Load GraffiTab App	2		Trending	1500221650478	1500221650503	OK	 
REQUEST	Load GraffiTab App	8		Me	1500221650510	1500221650537	OK	 
REQUEST	Load GraffiTab App	6		Unread notifications	1500221650500	1500221650562	OK	 
REQUEST	Load GraffiTab App	4		Notifications	1500221650560	1500221650590	OK	 
REQUEST	Load GraffiTab App	7		Unread notifications	1500221650560	1500221650615	OK	 
USER	Load GraffiTab App	12	START	1500221650648	1500221650648
REQUEST	Load GraffiTab App	3		Trending	1500221650710	1500221650739	OK	 
REQUEST	Load GraffiTab App	1		Newest streamables	1500221650738	1500221650795	OK	 
REQUEST	Load GraffiTab App	9		Login	1500221650048	1500221650796	OK	 
USER	Load GraffiTab App	1	END	1500221648424	1500221650799
REQUEST	Load GraffiTab App	5		Notifications	1500221650778	1500221650809	OK	 
USER	Load GraffiTab App	13	START	1500221650848	1500221650848
REQUEST	Load GraffiTab App	8		Unread notifications	1500221650840	1500221650870	OK	 
REQUEST	Load GraffiTab App	2		Newest streamables	1500221650799	1500221650875	OK	 
USER	Load GraffiTab App	2	END	1500221648648	1500221650875
REQUEST	Load GraffiTab App	7		Get My Feed	1500221650909	1500221650937	OK	 
REQUEST	Load GraffiTab App	6		Get My Feed	1500221650860	1500221650946	OK	 
REQUEST	Load GraffiTab App	4		Trending	1500221650891	1500221650970	OK	 
REQUEST	Load GraffiTab App	13		Login	1500221650849	1500221651043	OK	 
USER	Load GraffiTab App	14	START	1500221651050	1500221651050
REQUEST	Load GraffiTab App	3		Newest streamables	1500221651038	1500221651114	OK	 
USER	Load GraffiTab App	3	END	1500221648848	1500221651115
REQUEST	Load GraffiTab App	9		Me	1500221651110	1500221651141	OK	 
REQUEST	Load GraffiTab App	5		Trending	1500221651110	1500221651201	OK	 
REQUEST	Load GraffiTab App	10		Login	1500221650248	1500221651206	OK	 
REQUEST	Load GraffiTab App	8		Get My Feed	1500221651169	1500221651237	OK	 
USER	Load GraffiTab App	15	START	1500221651250	1500221651250
REQUEST	Load GraffiTab App	14		Login	1500221651051	1500221651259	OK	 
REQUEST	Load GraffiTab App	6		Notifications	1500221651240	1500221651274	OK	 
REQUEST	Load GraffiTab App	4		Newest streamables	1500221651268	1500221651296	OK	 
USER	Load GraffiTab App	4	END	1500221649047	1500221651298
REQUEST	Load GraffiTab App	7		Notifications	1500221651240	1500221651327	OK	 
REQUEST	Load GraffiTab App	13		Me	1500221651358	1500221651387	OK	 
REQUEST	Load GraffiTab App	11		Login	1500221650448	1500221651416	OK	 
USER	Load GraffiTab App	16	START	1500221651448	1500221651448
REQUEST	Load GraffiTab App	9		Unread notifications	1500221651449	1500221651493	OK	 
REQUEST	Load GraffiTab App	12		Login	1500221650649	1500221651493	OK	 
REQUEST	Load GraffiTab App	5		Newest streamables	1500221651500	1500221651540	OK	 
USER	Load GraffiTab App	5	END	1500221649248	1500221651541
REQUEST	Load GraffiTab App	10		Me	1500221651518	1500221651553	OK	 
REQUEST	Load GraffiTab App	8		Notifications	1500221651539	1500221651604	OK	 
REQUEST	Load GraffiTab App	6		Trending	1500221651578	1500221651610	OK	 
REQUEST	Load GraffiTab App	14		Me	1500221651578	1500221651626	OK	 
USER	Load GraffiTab App	17	START	1500221651638	1500221651638
REQUEST	Load GraffiTab App	15		Login	1500221651250	1500221651647	OK	 
REQUEST	Load GraffiTab App	7		Trending	1500221651638	1500221651666	OK	 
REQUEST	Load GraffiTab App	16		Login	1500221651449	1500221651694	OK	 
REQUEST	Load GraffiTab App	13		Unread notifications	1500221651698	1500221651724	OK	 
REQUEST	Load GraffiTab App	11		Me	1500221651728	1500221651756	OK	 
REQUEST	Load GraffiTab App	9		Get My Feed	1500221651790	1500221651816	OK	 
REQUEST	Load GraffiTab App	17		Login	1500221651638	1500221651837	OK	 
USER	Load GraffiTab App	18	START	1500221651838	1500221651838
REQUEST	Load GraffiTab App	12		Me	1500221651808	1500221651844	OK	 
REQUEST	Load GraffiTab App	10		Unread notifications	1500221651859	1500221651890	OK	 
REQUEST	Load GraffiTab App	8		Trending	1500221651910	1500221651936	OK	 
REQUEST	Load GraffiTab App	14		Unread notifications	1500221651930	1500221651955	OK	 
REQUEST	Load GraffiTab App	6		Newest streamables	1500221651919	1500221651990	OK	 
USER	Load GraffiTab App	6	END	1500221649448	1500221651991
REQUEST	Load GraffiTab App	15		Me	1500221651968	1500221652001	OK	 
REQUEST	Load GraffiTab App	7		Newest streamables	1500221651960	1500221652014	OK	 
USER	Load GraffiTab App	7	END	1500221649648	1500221652015
USER	Load GraffiTab App	19	START	1500221652038	1500221652038
REQUEST	Load GraffiTab App	13		Get My Feed	1500221652018	1500221652044	OK	 
REQUEST	Load GraffiTab App	16		Me	1500221652011	1500221652053	OK	 
REQUEST	Load GraffiTab App	11		Unread notifications	1500221652060	1500221652101	OK	 
REQUEST	Load GraffiTab App	9		Notifications	1500221652120	1500221652168	OK	 
REQUEST	Load GraffiTab App	17		Me	1500221652150	1500221652197	OK	 
REQUEST	Load GraffiTab App	12		Unread notifications	1500221652150	1500221652197	OK	 
USER	Load GraffiTab App	20	START	1500221652239	1500221652239
REQUEST	Load GraffiTab App	10		Get My Feed	1500221652198	1500221652239	OK	 
REQUEST	Load GraffiTab App	8		Newest streamables	1500221652228	1500221652266	OK	 
USER	Load GraffiTab App	8	END	1500221649848	1500221652267
REQUEST	Load GraffiTab App	14		Get My Feed	1500221652249	1500221652278	OK	 
REQUEST	Load GraffiTab App	19		Login	1500221652039	1500221652284	OK	 
REQUEST	Load GraffiTab App	15		Unread notifications	1500221652298	1500221652324	OK	 
REQUEST	Load GraffiTab App	18		Login	1500221651839	1500221652378	OK	 
REQUEST	Load GraffiTab App	13		Notifications	1500221652348	1500221652379	OK	 
REQUEST	Load GraffiTab App	16		Unread notifications	1500221652358	1500221652383	OK	 
REQUEST	Load GraffiTab App	11		Get My Feed	1500221652410	1500221652437	OK	 
USER	Load GraffiTab App	21	START	1500221652439	1500221652439
REQUEST	Load GraffiTab App	20		Login	1500221652239	1500221652497	OK	 
REQUEST	Load GraffiTab App	9		Trending	1500221652469	1500221652500	OK	 
REQUEST	Load GraffiTab App	12		Get My Feed	1500221652498	1500221652526	OK	 
REQUEST	Load GraffiTab App	17		Unread notifications	1500221652509	1500221652535	OK	 
REQUEST	Load GraffiTab App	10		Notifications	1500221652539	1500221652572	OK	 
REQUEST	Load GraffiTab App	14		Notifications	1500221652590	1500221652623	OK	 
REQUEST	Load GraffiTab App	19		Me	1500221652599	1500221652630	OK	 
USER	Load GraffiTab App	22	START	1500221652648	1500221652648
REQUEST	Load GraffiTab App	15		Get My Feed	1500221652628	1500221652655	OK	 
REQUEST	Load GraffiTab App	21		Login	1500221652440	1500221652659	OK	 
REQUEST	Load GraffiTab App	16		Get My Feed	1500221652681	1500221652707	OK	 
REQUEST	Load GraffiTab App	13		Trending	1500221652681	1500221652710	OK	 
REQUEST	Load GraffiTab App	18		Me	1500221652698	1500221652723	OK	 
REQUEST	Load GraffiTab App	11		Notifications	1500221652728	1500221652760	OK	 
REQUEST	Load GraffiTab App	9		Newest streamables	1500221652800	1500221652826	OK	 
USER	Load GraffiTab App	9	END	1500221650048	1500221652827
USER	Load GraffiTab App	23	START	1500221652848	1500221652848
REQUEST	Load GraffiTab App	20		Me	1500221652818	1500221652856	OK	 
REQUEST	Load GraffiTab App	17		Get My Feed	1500221652829	1500221652860	OK	 
REQUEST	Load GraffiTab App	22		Login	1500221652649	1500221652869	OK	 
REQUEST	Load GraffiTab App	12		Notifications	1500221652818	1500221652889	OK	 
REQUEST	Load GraffiTab App	10		Trending	1500221652868	1500221652908	OK	 
REQUEST	Load GraffiTab App	14		Trending	1500221652919	1500221652952	OK	 
REQUEST	Load GraffiTab App	19		Unread notifications	1500221652939	1500221652972	OK	 
REQUEST	Load GraffiTab App	15		Notifications	1500221652949	1500221652994	OK	 
REQUEST	Load GraffiTab App	21		Me	1500221652978	1500221653006	OK	 
REQUEST	Load GraffiTab App	13		Newest streamables	1500221653008	1500221653038	OK	 
USER	Load GraffiTab App	13	END	1500221650848	1500221653039
USER	Load GraffiTab App	24	START	1500221653047	1500221653047
REQUEST	Load GraffiTab App	16		Notifications	1500221653008	1500221653057	OK	 
REQUEST	Load GraffiTab App	18		Unread notifications	1500221653020	1500221653062	OK	 
REQUEST	Load GraffiTab App	23		Login	1500221652849	1500221653062	OK	 
REQUEST	Load GraffiTab App	11		Trending	1500221653069	1500221653094	OK	 
REQUEST	Load GraffiTab App	20		Unread notifications	1500221653148	1500221653174	OK	 
REQUEST	Load GraffiTab App	17		Notifications	1500221653169	1500221653205	OK	 
REQUEST	Load GraffiTab App	22		Me	1500221653189	1500221653214	OK	 
REQUEST	Load GraffiTab App	12		Trending	1500221653198	1500221653234	OK	 
REQUEST	Load GraffiTab App	10		Newest streamables	1500221653211	1500221653236	OK	 
USER	Load GraffiTab App	10	END	1500221650248	1500221653237
USER	Load GraffiTab App	25	START	1500221653249	1500221653249
REQUEST	Load GraffiTab App	19		Get My Feed	1500221653269	1500221653293	OK	 
REQUEST	Load GraffiTab App	14		Newest streamables	1500221653250	1500221653297	OK	 
USER	Load GraffiTab App	14	END	1500221651050	1500221653298
REQUEST	Load GraffiTab App	21		Unread notifications	1500221653299	1500221653324	OK	 
REQUEST	Load GraffiTab App	15		Trending	1500221653299	1500221653358	OK	 
REQUEST	Load GraffiTab App	16		Trending	1500221653358	1500221653383	OK	 
REQUEST	Load GraffiTab App	23		Me	1500221653378	1500221653402	OK	 
USER	Load GraffiTab App	26	START	1500221653448	1500221653448
REQUEST	Load GraffiTab App	18		Get My Feed	1500221653368	1500221653448	OK	 
REQUEST	Load GraffiTab App	11		Newest streamables	1500221653388	1500221653471	OK	 
USER	Load GraffiTab App	11	END	1500221650448	1500221653473
REQUEST	Load GraffiTab App	17		Trending	1500221653498	1500221653528	OK	 
REQUEST	Load GraffiTab App	20		Get My Feed	1500221653478	1500221653547	OK	 
REQUEST	Load GraffiTab App	12		Newest streamables	1500221653528	1500221653556	OK	 
USER	Load GraffiTab App	12	END	1500221650648	1500221653557
REQUEST	Load GraffiTab App	22		Unread notifications	1500221653508	1500221653576	OK	 
REQUEST	Load GraffiTab App	24		Login	1500221653048	1500221653633	OK	 
USER	Load GraffiTab App	27	START	1500221653651	1500221653651
REQUEST	Load GraffiTab App	26		Login	1500221653448	1500221653653	OK	 
REQUEST	Load GraffiTab App	21		Get My Feed	1500221653628	1500221653656	OK	 
REQUEST	Load GraffiTab App	19		Notifications	1500221653600	1500221653687	OK	 
REQUEST	Load GraffiTab App	23		Unread notifications	1500221653708	1500221653736	OK	 
REQUEST	Load GraffiTab App	15		Newest streamables	1500221653659	1500221653746	OK	 
USER	Load GraffiTab App	15	END	1500221651250	1500221653747
REQUEST	Load GraffiTab App	16		Newest streamables	1500221653688	1500221653773	OK	 
USER	Load GraffiTab App	16	END	1500221651448	1500221653774
REQUEST	Load GraffiTab App	18		Notifications	1500221653748	1500221653804	OK	 
USER	Load GraffiTab App	28	START	1500221653848	1500221653848
REQUEST	Load GraffiTab App	27		Login	1500221653651	1500221653873	OK	 
REQUEST	Load GraffiTab App	17		Newest streamables	1500221653829	1500221653878	OK	 
REQUEST	Load GraffiTab App	20		Notifications	1500221653848	1500221653878	OK	 
USER	Load GraffiTab App	17	END	1500221651638	1500221653879
REQUEST	Load GraffiTab App	22		Get My Feed	1500221653878	1500221653908	OK	 
REQUEST	Load GraffiTab App	25		Login	1500221653250	1500221653946	OK	 
REQUEST	Load GraffiTab App	24		Me	1500221653949	1500221653987	OK	 
REQUEST	Load GraffiTab App	21		Notifications	1500221653960	1500221653992	OK	 
REQUEST	Load GraffiTab App	26		Me	1500221653969	1500221654011	OK	 
REQUEST	Load GraffiTab App	19		Trending	1500221653990	1500221654012	OK	 
USER	Load GraffiTab App	29	START	1500221654049	1500221654049
REQUEST	Load GraffiTab App	23		Get My Feed	1500221654029	1500221654063	OK	 
REQUEST	Load GraffiTab App	18		Trending	1500221654098	1500221654134	OK	 
REQUEST	Load GraffiTab App	28		Login	1500221653848	1500221654178	OK	 
REQUEST	Load GraffiTab App	27		Me	1500221654188	1500221654212	OK	 
REQUEST	Load GraffiTab App	20		Trending	1500221654188	1500221654213	OK	 
REQUEST	Load GraffiTab App	29		Login	1500221654050	1500221654243	OK	 
REQUEST	Load GraffiTab App	22		Notifications	1500221654219	1500221654246	OK	 
USER	Load GraffiTab App	30	START	1500221654249	1500221654249
REQUEST	Load GraffiTab App	25		Me	1500221654260	1500221654284	OK	 
REQUEST	Load GraffiTab App	24		Unread notifications	1500221654289	1500221654315	OK	 
REQUEST	Load GraffiTab App	19		Newest streamables	1500221654309	1500221654340	OK	 
USER	Load GraffiTab App	19	END	1500221652038	1500221654342
REQUEST	Load GraffiTab App	21		Trending	1500221654300	1500221654345	OK	 
REQUEST	Load GraffiTab App	26		Unread notifications	1500221654319	1500221654381	OK	 
REQUEST	Load GraffiTab App	23		Notifications	1500221654369	1500221654396	OK	 
USER	Load GraffiTab App	31	START	1500221654448	1500221654448
REQUEST	Load GraffiTab App	18		Newest streamables	1500221654438	1500221654487	OK	 
USER	Load GraffiTab App	18	END	1500221651838	1500221654489
REQUEST	Load GraffiTab App	20		Newest streamables	1500221654511	1500221654545	OK	 
USER	Load GraffiTab App	20	END	1500221652239	1500221654546
REQUEST	Load GraffiTab App	28		Me	1500221654498	1500221654547	OK	 
REQUEST	Load GraffiTab App	27		Unread notifications	1500221654519	1500221654563	OK	 
REQUEST	Load GraffiTab App	22		Trending	1500221654538	1500221654564	OK	 
REQUEST	Load GraffiTab App	29		Me	1500221654558	1500221654595	OK	 
REQUEST	Load GraffiTab App	25		Unread notifications	1500221654588	1500221654618	OK	 
USER	Load GraffiTab App	32	START	1500221654650	1500221654650
REQUEST	Load GraffiTab App	24		Get My Feed	1500221654618	1500221654660	OK	 
REQUEST	Load GraffiTab App	21		Newest streamables	1500221654639	1500221654666	OK	 
USER	Load GraffiTab App	21	END	1500221652439	1500221654667
REQUEST	Load GraffiTab App	31		Login	1500221654448	1500221654672	OK	 
REQUEST	Load GraffiTab App	30		Login	1500221654250	1500221654675	OK	 
REQUEST	Load GraffiTab App	26		Get My Feed	1500221654678	1500221654702	OK	 
REQUEST	Load GraffiTab App	23		Trending	1500221654689	1500221654759	OK	 
USER	Load GraffiTab App	33	START	1500221654848	1500221654848
REQUEST	Load GraffiTab App	28		Unread notifications	1500221654848	1500221654873	OK	 
REQUEST	Load GraffiTab App	22		Newest streamables	1500221654869	1500221654892	OK	 
USER	Load GraffiTab App	22	END	1500221652648	1500221654893
REQUEST	Load GraffiTab App	29		Unread notifications	1500221654899	1500221654922	OK	 
REQUEST	Load GraffiTab App	27		Get My Feed	1500221654859	1500221654922	OK	 
REQUEST	Load GraffiTab App	25		Get My Feed	1500221654928	1500221654985	OK	 
REQUEST	Load GraffiTab App	24		Notifications	1500221654960	1500221654990	OK	 
REQUEST	Load GraffiTab App	30		Me	1500221654989	1500221655016	OK	 
REQUEST	Load GraffiTab App	31		Me	1500221654989	1500221655038	OK	 
USER	Load GraffiTab App	34	START	1500221655048	1500221655048
REQUEST	Load GraffiTab App	26		Notifications	1500221655000	1500221655049	OK	 
REQUEST	Load GraffiTab App	23		Newest streamables	1500221655070	1500221655097	OK	 
USER	Load GraffiTab App	23	END	1500221652848	1500221655099
REQUEST	Load GraffiTab App	28		Get My Feed	1500221655168	1500221655194	OK	 
USER	Load GraffiTab App	35	START	1500221655248	1500221655248
REQUEST	Load GraffiTab App	29		Get My Feed	1500221655228	1500221655254	OK	 
REQUEST	Load GraffiTab App	32		Login	1500221654651	1500221655259	OK	 
REQUEST	Load GraffiTab App	27		Notifications	1500221655228	1500221655278	OK	 
REQUEST	Load GraffiTab App	25		Notifications	1500221655278	1500221655314	OK	 
REQUEST	Load GraffiTab App	30		Unread notifications	1500221655319	1500221655343	OK	 
REQUEST	Load GraffiTab App	24		Trending	1500221655289	1500221655373	OK	 
REQUEST	Load GraffiTab App	26		Trending	1500221655359	1500221655385	OK	 
REQUEST	Load GraffiTab App	31		Unread notifications	1500221655348	1500221655419	OK	 
USER	Load GraffiTab App	36	START	1500221655448	1500221655448
REQUEST	Load GraffiTab App	28		Notifications	1500221655500	1500221655528	OK	 
REQUEST	Load GraffiTab App	27		Trending	1500221655579	1500221655605	OK	 
REQUEST	Load GraffiTab App	25		Trending	1500221655611	1500221655635	OK	 
USER	Load GraffiTab App	37	START	1500221655648	1500221655648
REQUEST	Load GraffiTab App	29		Notifications	1500221655550	1500221655649	OK	 
REQUEST	Load GraffiTab App	32		Me	1500221655579	1500221655655	OK	 
REQUEST	Load GraffiTab App	26		Newest streamables	1500221655678	1500221655711	OK	 
USER	Load GraffiTab App	26	END	1500221653448	1500221655712
REQUEST	Load GraffiTab App	30		Get My Feed	1500221655648	1500221655756	OK	 
REQUEST	Load GraffiTab App	24		Newest streamables	1500221655678	1500221655781	OK	 
USER	Load GraffiTab App	24	END	1500221653047	1500221655782
REQUEST	Load GraffiTab App	31		Get My Feed	1500221655720	1500221655795	OK	 
REQUEST	Load GraffiTab App	33		Login	1500221654848	1500221655838	OK	 
REQUEST	Load GraffiTab App	37		Login	1500221655648	1500221655838	OK	 
USER	Load GraffiTab App	38	START	1500221655848	1500221655848
REQUEST	Load GraffiTab App	28		Trending	1500221655829	1500221655853	OK	 
REQUEST	Load GraffiTab App	27		Newest streamables	1500221655900	1500221655924	OK	 
USER	Load GraffiTab App	27	END	1500221653651	1500221655926
REQUEST	Load GraffiTab App	32		Unread notifications	1500221655948	1500221655977	OK	 
REQUEST	Load GraffiTab App	25		Newest streamables	1500221655938	1500221656030	OK	 
USER	Load GraffiTab App	25	END	1500221653249	1500221656031
REQUEST	Load GraffiTab App	29		Trending	1500221655958	1500221656039	OK	 
USER	Load GraffiTab App	39	START	1500221656048	1500221656048
REQUEST	Load GraffiTab App	30		Notifications	1500221656048	1500221656076	OK	 
REQUEST	Load GraffiTab App	31		Notifications	1500221656090	1500221656120	OK	 
REQUEST	Load GraffiTab App	33		Me	1500221656160	1500221656185	OK	 
REQUEST	Load GraffiTab App	34		Login	1500221655049	1500221656193	OK	 
REQUEST	Load GraffiTab App	37		Me	1500221656160	1500221656235	OK	 
REQUEST	Load GraffiTab App	28		Newest streamables	1500221656149	1500221656239	OK	 
USER	Load GraffiTab App	28	END	1500221653848	1500221656240
USER	Load GraffiTab App	40	START	1500221656249	1500221656249
REQUEST	Load GraffiTab App	32		Get My Feed	1500221656290	1500221656358	OK	 
REQUEST	Load GraffiTab App	29		Newest streamables	1500221656338	1500221656364	OK	 
USER	Load GraffiTab App	29	END	1500221654049	1500221656365
REQUEST	Load GraffiTab App	30		Trending	1500221656378	1500221656436	OK	 
REQUEST	Load GraffiTab App	40		Login	1500221656250	1500221656442	OK	 
REQUEST	Load GraffiTab App	31		Trending	1500221656420	1500221656444	OK	 
USER	Load GraffiTab App	41	START	1500221656448	1500221656448
REQUEST	Load GraffiTab App	35		Login	1500221655249	1500221656457	OK	 
REQUEST	Load GraffiTab App	33		Unread notifications	1500221656478	1500221656503	OK	 
REQUEST	Load GraffiTab App	34		Me	1500221656508	1500221656541	OK	 
REQUEST	Load GraffiTab App	37		Unread notifications	1500221656527	1500221656552	OK	 
REQUEST	Load GraffiTab App	36		Login	1500221655448	1500221656564	OK	 
USER	Load GraffiTab App	42	START	1500221656648	1500221656648
REQUEST	Load GraffiTab App	38		Login	1500221655849	1500221656665	OK	 
REQUEST	Load GraffiTab App	32		Notifications	1500221656659	1500221656691	OK	 
REQUEST	Load GraffiTab App	39		Login	1500221656048	1500221656711	OK	 
REQUEST	Load GraffiTab App	30		Newest streamables	1500221656741	1500221656770	OK	 
USER	Load GraffiTab App	30	END	1500221654249	1500221656771
REQUEST	Load GraffiTab App	31		Newest streamables	1500221656741	1500221656783	OK	 
USER	Load GraffiTab App	31	END	1500221654448	1500221656783
REQUEST	Load GraffiTab App	40		Me	1500221656758	1500221656788	OK	 
REQUEST	Load GraffiTab App	41		Login	1500221656448	1500221656796	OK	 
REQUEST	Load GraffiTab App	35		Me	1500221656778	1500221656808	OK	 
REQUEST	Load GraffiTab App	33		Get My Feed	1500221656808	1500221656837	OK	 
USER	Load GraffiTab App	43	START	1500221656848	1500221656848
REQUEST	Load GraffiTab App	34		Unread notifications	1500221656848	1500221656878	OK	 
REQUEST	Load GraffiTab App	37		Get My Feed	1500221656858	1500221656884	OK	 
REQUEST	Load GraffiTab App	42		Login	1500221656648	1500221656893	OK	 
REQUEST	Load GraffiTab App	36		Me	1500221656878	1500221656924	OK	 
REQUEST	Load GraffiTab App	38		Me	1500221656979	1500221657010	OK	 
REQUEST	Load GraffiTab App	32		Trending	1500221656988	1500221657015	OK	 
REQUEST	Load GraffiTab App	43		Login	1500221656848	1500221657042	OK	 
USER	Load GraffiTab App	44	START	1500221657048	1500221657048
REQUEST	Load GraffiTab App	39		Me	1500221657029	1500221657057	OK	 
REQUEST	Load GraffiTab App	40		Unread notifications	1500221657098	1500221657129	OK	 
REQUEST	Load GraffiTab App	41		Me	1500221657108	1500221657130	OK	 
REQUEST	Load GraffiTab App	35		Unread notifications	1500221657108	1500221657138	OK	 
REQUEST	Load GraffiTab App	33		Notifications	1500221657138	1500221657166	OK	 
REQUEST	Load GraffiTab App	34		Get My Feed	1500221657178	1500221657203	OK	 
REQUEST	Load GraffiTab App	37		Notifications	1500221657190	1500221657217	OK	 
REQUEST	Load GraffiTab App	42		Me	1500221657208	1500221657230	OK	 
USER	Load GraffiTab App	45	START	1500221657248	1500221657248
REQUEST	Load GraffiTab App	36		Unread notifications	1500221657229	1500221657260	OK	 
REQUEST	Load GraffiTab App	32		Newest streamables	1500221657311	1500221657342	OK	 
USER	Load GraffiTab App	32	END	1500221654650	1500221657343
REQUEST	Load GraffiTab App	38		Unread notifications	1500221657319	1500221657348	OK	 
REQUEST	Load GraffiTab App	44		Login	1500221657049	1500221657380	OK	 
REQUEST	Load GraffiTab App	43		Me	1500221657361	1500221657388	OK	 
REQUEST	Load GraffiTab App	39		Unread notifications	1500221657368	1500221657394	OK	 
USER	Load GraffiTab App	46	START	1500221657448	1500221657448
REQUEST	Load GraffiTab App	45		Login	1500221657249	1500221657451	OK	 
REQUEST	Load GraffiTab App	40		Get My Feed	1500221657428	1500221657460	OK	 
REQUEST	Load GraffiTab App	41		Unread notifications	1500221657440	1500221657462	OK	 
REQUEST	Load GraffiTab App	35		Get My Feed	1500221657440	1500221657463	OK	 
REQUEST	Load GraffiTab App	33		Trending	1500221657468	1500221657494	OK	 
REQUEST	Load GraffiTab App	34		Notifications	1500221657500	1500221657529	OK	 
REQUEST	Load GraffiTab App	37		Trending	1500221657520	1500221657552	OK	 
REQUEST	Load GraffiTab App	42		Unread notifications	1500221657540	1500221657565	OK	 
REQUEST	Load GraffiTab App	36		Get My Feed	1500221657569	1500221657598	OK	 
USER	Load GraffiTab App	47	START	1500221657650	1500221657650
REQUEST	Load GraffiTab App	38		Get My Feed	1500221657650	1500221657676	OK	 
REQUEST	Load GraffiTab App	39		Get My Feed	1500221657689	1500221657725	OK	 
REQUEST	Load GraffiTab App	43		Unread notifications	1500221657698	1500221657729	OK	 
REQUEST	Load GraffiTab App	44		Me	1500221657698	1500221657729	OK	 
REQUEST	Load GraffiTab App	35		Notifications	1500221657761	1500221657793	OK	 
REQUEST	Load GraffiTab App	45		Me	1500221657769	1500221657793	OK	 
REQUEST	Load GraffiTab App	41		Get My Feed	1500221657761	1500221657799	OK	 
REQUEST	Load GraffiTab App	46		Login	1500221657448	1500221657801	OK	 
REQUEST	Load GraffiTab App	40		Notifications	1500221657761	1500221657802	OK	 
REQUEST	Load GraffiTab App	33		Newest streamables	1500221657788	1500221657815	OK	 
USER	Load GraffiTab App	33	END	1500221654848	1500221657816
USER	Load GraffiTab App	48	START	1500221657849	1500221657849
REQUEST	Load GraffiTab App	34		Trending	1500221657831	1500221657855	OK	 
REQUEST	Load GraffiTab App	37		Newest streamables	1500221657850	1500221657876	OK	 
USER	Load GraffiTab App	37	END	1500221655648	1500221657877
REQUEST	Load GraffiTab App	42		Get My Feed	1500221657859	1500221657896	OK	 
REQUEST	Load GraffiTab App	36		Notifications	1500221657900	1500221657937	OK	 
REQUEST	Load GraffiTab App	38		Notifications	1500221657970	1500221658003	OK	 
USER	Load GraffiTab App	49	START	1500221658048	1500221658048
REQUEST	Load GraffiTab App	39		Notifications	1500221658019	1500221658049	OK	 
REQUEST	Load GraffiTab App	43		Get My Feed	1500221658028	1500221658060	OK	 
REQUEST	Load GraffiTab App	44		Unread notifications	1500221658037	1500221658072	OK	 
REQUEST	Load GraffiTab App	47		Login	1500221657650	1500221658072	OK	 
REQUEST	Load GraffiTab App	35		Trending	1500221658090	1500221658123	OK	 
REQUEST	Load GraffiTab App	40		Trending	1500221658101	1500221658127	OK	 
REQUEST	Load GraffiTab App	45		Unread notifications	1500221658101	1500221658134	OK	 
REQUEST	Load GraffiTab App	41		Notifications	1500221658101	1500221658136	OK	 
REQUEST	Load GraffiTab App	46		Me	1500221658120	1500221658143	OK	 
REQUEST	Load GraffiTab App	34		Newest streamables	1500221658148	1500221658176	OK	 
USER	Load GraffiTab App	34	END	1500221655048	1500221658177
REQUEST	Load GraffiTab App	42		Notifications	1500221658198	1500221658227	OK	 
USER	Load GraffiTab App	50	START	1500221658248	1500221658248
REQUEST	Load GraffiTab App	36		Trending	1500221658228	1500221658261	OK	 
REQUEST	Load GraffiTab App	48		Login	1500221657850	1500221658286	OK	 
REQUEST	Load GraffiTab App	38		Trending	1500221658308	1500221658340	OK	 
REQUEST	Load GraffiTab App	39		Trending	1500221658358	1500221658383	OK	 
REQUEST	Load GraffiTab App	43		Notifications	1500221658358	1500221658391	OK	 
REQUEST	Load GraffiTab App	44		Get My Feed	1500221658369	1500221658402	OK	 
REQUEST	Load GraffiTab App	47		Me	1500221658388	1500221658427	OK	 
REQUEST	Load GraffiTab App	49		Login	1500221658048	1500221658439	OK	 
USER	Load GraffiTab App	51	START	1500221658448	1500221658448
REQUEST	Load GraffiTab App	40		Newest streamables	1500221658420	1500221658450	OK	 
USER	Load GraffiTab App	40	END	1500221656249	1500221658451
REQUEST	Load GraffiTab App	35		Newest streamables	1500221658428	1500221658454	OK	 
USER	Load GraffiTab App	35	END	1500221655248	1500221658455
REQUEST	Load GraffiTab App	41		Trending	1500221658428	1500221658455	OK	 
REQUEST	Load GraffiTab App	45		Get My Feed	1500221658428	1500221658456	OK	 
REQUEST	Load GraffiTab App	50		Login	1500221658249	1500221658466	OK	 
REQUEST	Load GraffiTab App	46		Unread notifications	1500221658448	1500221658480	OK	 
REQUEST	Load GraffiTab App	42		Trending	1500221658519	1500221658546	OK	 
REQUEST	Load GraffiTab App	36		Newest streamables	1500221658569	1500221658601	OK	 
USER	Load GraffiTab App	36	END	1500221655448	1500221658602
REQUEST	Load GraffiTab App	48		Me	1500221658598	1500221658628	OK	 
USER	Load GraffiTab App	52	START	1500221658648	1500221658648
REQUEST	Load GraffiTab App	38		Newest streamables	1500221658638	1500221658667	OK	 
USER	Load GraffiTab App	38	END	1500221655848	1500221658668
REQUEST	Load GraffiTab App	39		Newest streamables	1500221658678	1500221658706	OK	 
USER	Load GraffiTab App	39	END	1500221656048	1500221658707
REQUEST	Load GraffiTab App	43		Trending	1500221658689	1500221658718	OK	 
REQUEST	Load GraffiTab App	44		Notifications	1500221658700	1500221658731	OK	 
REQUEST	Load GraffiTab App	47		Unread notifications	1500221658729	1500221658764	OK	 
REQUEST	Load GraffiTab App	51		Login	1500221658448	1500221658764	OK	 
REQUEST	Load GraffiTab App	49		Me	1500221658761	1500221658789	OK	 
REQUEST	Load GraffiTab App	41		Newest streamables	1500221658761	1500221658796	OK	 
REQUEST	Load GraffiTab App	45		Notifications	1500221658761	1500221658796	OK	 
USER	Load GraffiTab App	41	END	1500221656448	1500221658797
REQUEST	Load GraffiTab App	46		Get My Feed	1500221658778	1500221658804	OK	 
REQUEST	Load GraffiTab App	50		Me	1500221658778	1500221658807	OK	 
USER	Load GraffiTab App	53	START	1500221658848	1500221658848
REQUEST	Load GraffiTab App	42		Newest streamables	1500221658848	1500221658876	OK	 
USER	Load GraffiTab App	42	END	1500221656648	1500221658877
REQUEST	Load GraffiTab App	52		Login	1500221658648	1500221658880	OK	 
REQUEST	Load GraffiTab App	48		Unread notifications	1500221658941	1500221658973	OK	 
USER	Load GraffiTab App	54	START	1500221659048	1500221659048
REQUEST	Load GraffiTab App	43		Newest streamables	1500221659020	1500221659053	OK	 
USER	Load GraffiTab App	43	END	1500221656848	1500221659054
REQUEST	Load GraffiTab App	44		Trending	1500221659029	1500221659059	OK	 
REQUEST	Load GraffiTab App	47		Get My Feed	1500221659069	1500221659105	OK	 
REQUEST	Load GraffiTab App	51		Me	1500221659079	1500221659113	OK	 
REQUEST	Load GraffiTab App	45		Trending	1500221659088	1500221659115	OK	 
REQUEST	Load GraffiTab App	49		Unread notifications	1500221659088	1500221659127	OK	 
REQUEST	Load GraffiTab App	46		Notifications	1500221659098	1500221659128	OK	 
REQUEST	Load GraffiTab App	50		Unread notifications	1500221659109	1500221659151	OK	 
REQUEST	Load GraffiTab App	53		Login	1500221658848	1500221659173	OK	 
REQUEST	Load GraffiTab App	52		Me	1500221659198	1500221659227	OK	 
USER	Load GraffiTab App	55	START	1500221659248	1500221659248
REQUEST	Load GraffiTab App	48		Get My Feed	1500221659269	1500221659303	OK	 
REQUEST	Load GraffiTab App	54		Login	1500221659049	1500221659360	OK	 
REQUEST	Load GraffiTab App	44		Newest streamables	1500221659360	1500221659395	OK	 
USER	Load GraffiTab App	44	END	1500221657048	1500221659396
REQUEST	Load GraffiTab App	47		Notifications	1500221659400	1500221659431	OK	 
USER	Load GraffiTab App	56	START	1500221659448	1500221659448
REQUEST	Load GraffiTab App	45		Newest streamables	1500221659420	1500221659462	OK	 
USER	Load GraffiTab App	45	END	1500221657248	1500221659463
REQUEST	Load GraffiTab App	46		Trending	1500221659439	1500221659469	OK	 
REQUEST	Load GraffiTab App	51		Unread notifications	1500221659420	1500221659485	OK	 
REQUEST	Load GraffiTab App	49		Get My Feed	1500221659420	1500221659487	OK	 
REQUEST	Load GraffiTab App	50		Get My Feed	1500221659458	1500221659519	OK	 
REQUEST	Load GraffiTab App	55		Login	1500221659248	1500221659535	OK	 
REQUEST	Load GraffiTab App	53		Me	1500221659488	1500221659539	OK	 
REQUEST	Load GraffiTab App	52		Unread notifications	1500221659538	1500221659564	OK	 
REQUEST	Load GraffiTab App	48		Notifications	1500221659598	1500221659637	OK	 
USER	Load GraffiTab App	57	START	1500221659648	1500221659648
REQUEST	Load GraffiTab App	56		Login	1500221659449	1500221659666	OK	 
REQUEST	Load GraffiTab App	54		Me	1500221659679	1500221659711	OK	 
REQUEST	Load GraffiTab App	47		Trending	1500221659740	1500221659768	OK	 
REQUEST	Load GraffiTab App	51		Get My Feed	1500221659779	1500221659804	OK	 
REQUEST	Load GraffiTab App	46		Newest streamables	1500221659768	1500221659808	OK	 
USER	Load GraffiTab App	46	END	1500221657448	1500221659809
REQUEST	Load GraffiTab App	49		Notifications	1500221659788	1500221659830	OK	 
USER	Load GraffiTab App	58	START	1500221659848	1500221659848
REQUEST	Load GraffiTab App	50		Notifications	1500221659818	1500221659852	OK	 
REQUEST	Load GraffiTab App	57		Login	1500221659649	1500221659854	OK	 
REQUEST	Load GraffiTab App	53		Unread notifications	1500221659848	1500221659871	OK	 
REQUEST	Load GraffiTab App	55		Me	1500221659848	1500221659886	OK	 
REQUEST	Load GraffiTab App	52		Get My Feed	1500221659848	1500221659891	OK	 
REQUEST	Load GraffiTab App	48		Trending	1500221659939	1500221659981	OK	 
REQUEST	Load GraffiTab App	56		Me	1500221659979	1500221660004	OK	 
REQUEST	Load GraffiTab App	54		Unread notifications	1500221660011	1500221660041	OK	 
REQUEST	Load GraffiTab App	58		Login	1500221659848	1500221660041	OK	 
USER	Load GraffiTab App	59	START	1500221660048	1500221660048
REQUEST	Load GraffiTab App	47		Newest streamables	1500221660069	1500221660095	OK	 
USER	Load GraffiTab App	47	END	1500221657650	1500221660096
REQUEST	Load GraffiTab App	51		Notifications	1500221660108	1500221660137	OK	 
REQUEST	Load GraffiTab App	49		Trending	1500221660138	1500221660176	OK	 
REQUEST	Load GraffiTab App	50		Trending	1500221660148	1500221660190	OK	 
REQUEST	Load GraffiTab App	57		Me	1500221660168	1500221660195	OK	 
REQUEST	Load GraffiTab App	53		Get My Feed	1500221660168	1500221660213	OK	 
REQUEST	Load GraffiTab App	52		Notifications	1500221660198	1500221660225	OK	 
REQUEST	Load GraffiTab App	55		Unread notifications	1500221660188	1500221660236	OK	 
USER	Load GraffiTab App	60	START	1500221660248	1500221660248
REQUEST	Load GraffiTab App	48		Newest streamables	1500221660291	1500221660325	OK	 
USER	Load GraffiTab App	48	END	1500221657849	1500221660326
REQUEST	Load GraffiTab App	56		Unread notifications	1500221660311	1500221660349	OK	 
REQUEST	Load GraffiTab App	54		Get My Feed	1500221660349	1500221660373	OK	 
REQUEST	Load GraffiTab App	58		Me	1500221660360	1500221660392	OK	 
USER	Load GraffiTab App	61	START	1500221660448	1500221660448
REQUEST	Load GraffiTab App	59		Login	1500221660049	1500221660451	OK	 
REQUEST	Load GraffiTab App	51		Trending	1500221660428	1500221660452	OK	 
REQUEST	Load GraffiTab App	57		Unread notifications	1500221660498	1500221660525	OK	 
REQUEST	Load GraffiTab App	52		Trending	1500221660520	1500221660545	OK	 
REQUEST	Load GraffiTab App	49		Newest streamables	1500221660469	1500221660552	OK	 
USER	Load GraffiTab App	49	END	1500221658048	1500221660553
REQUEST	Load GraffiTab App	50		Newest streamables	1500221660498	1500221660570	OK	 
USER	Load GraffiTab App	50	END	1500221658248	1500221660571
REQUEST	Load GraffiTab App	55		Get My Feed	1500221660538	1500221660630	OK	 
REQUEST	Load GraffiTab App	53		Notifications	1500221660520	1500221660630	OK	 
USER	Load GraffiTab App	62	START	1500221660648	1500221660648
REQUEST	Load GraffiTab App	61		Login	1500221660448	1500221660650	OK	 
REQUEST	Load GraffiTab App	56		Get My Feed	1500221660648	1500221660685	OK	 
REQUEST	Load GraffiTab App	54		Notifications	1500221660671	1500221660698	OK	 
REQUEST	Load GraffiTab App	58		Unread notifications	1500221660688	1500221660734	OK	 
REQUEST	Load GraffiTab App	60		Login	1500221660248	1500221660760	OK	 
REQUEST	Load GraffiTab App	51		Newest streamables	1500221660758	1500221660782	OK	 
USER	Load GraffiTab App	51	END	1500221658448	1500221660783
REQUEST	Load GraffiTab App	59		Me	1500221660769	1500221660804	OK	 
USER	Load GraffiTab App	63	START	1500221660848	1500221660848
REQUEST	Load GraffiTab App	57		Get My Feed	1500221660828	1500221660853	OK	 
REQUEST	Load GraffiTab App	52		Newest streamables	1500221660848	1500221660898	OK	 
USER	Load GraffiTab App	52	END	1500221658648	1500221660899
REQUEST	Load GraffiTab App	53		Trending	1500221660929	1500221660967	OK	 
REQUEST	Load GraffiTab App	55		Notifications	1500221660939	1500221660971	OK	 
REQUEST	Load GraffiTab App	61		Me	1500221660968	1500221661005	OK	 
REQUEST	Load GraffiTab App	56		Notifications	1500221660988	1500221661018	OK	 
REQUEST	Load GraffiTab App	54		Trending	1500221661000	1500221661036	OK	 
REQUEST	Load GraffiTab App	63		Login	1500221660849	1500221661045	OK	 
USER	Load GraffiTab App	64	START	1500221661049	1500221661049
REQUEST	Load GraffiTab App	58		Get My Feed	1500221661038	1500221661061	OK	 
REQUEST	Load GraffiTab App	62		Login	1500221660648	1500221661061	OK	 
REQUEST	Load GraffiTab App	60		Me	1500221661079	1500221661103	OK	 
REQUEST	Load GraffiTab App	59		Unread notifications	1500221661108	1500221661137	OK	 
REQUEST	Load GraffiTab App	57		Notifications	1500221661161	1500221661207	OK	 
REQUEST	Load GraffiTab App	64		Login	1500221661049	1500221661234	OK	 
USER	Load GraffiTab App	65	START	1500221661248	1500221661248
REQUEST	Load GraffiTab App	53		Newest streamables	1500221661269	1500221661302	OK	 
USER	Load GraffiTab App	53	END	1500221658848	1500221661303
REQUEST	Load GraffiTab App	55		Trending	1500221661269	1500221661310	OK	 
REQUEST	Load GraffiTab App	56		Trending	1500221661310	1500221661336	OK	 
REQUEST	Load GraffiTab App	61		Unread notifications	1500221661310	1500221661346	OK	 
REQUEST	Load GraffiTab App	54		Newest streamables	1500221661329	1500221661361	OK	 
USER	Load GraffiTab App	54	END	1500221659048	1500221661362
REQUEST	Load GraffiTab App	58		Notifications	1500221661368	1500221661400	OK	 
REQUEST	Load GraffiTab App	63		Me	1500221661359	1500221661419	OK	 
REQUEST	Load GraffiTab App	62		Me	1500221661378	1500221661432	OK	 
USER	Load GraffiTab App	66	START	1500221661448	1500221661448
REQUEST	Load GraffiTab App	60		Unread notifications	1500221661408	1500221661466	OK	 
REQUEST	Load GraffiTab App	59		Get My Feed	1500221661439	1500221661484	OK	 
REQUEST	Load GraffiTab App	57		Trending	1500221661510	1500221661558	OK	 
REQUEST	Load GraffiTab App	64		Me	1500221661548	1500221661581	OK	 
USER	Load GraffiTab App	67	START	1500221661648	1500221661648
REQUEST	Load GraffiTab App	56		Newest streamables	1500221661638	1500221661665	OK	 
USER	Load GraffiTab App	56	END	1500221659448	1500221661666
REQUEST	Load GraffiTab App	55		Newest streamables	1500221661611	1500221661672	OK	 
USER	Load GraffiTab App	55	END	1500221659248	1500221661673
REQUEST	Load GraffiTab App	66		Login	1500221661448	1500221661677	OK	 
REQUEST	Load GraffiTab App	61		Get My Feed	1500221661638	1500221661691	OK	 
REQUEST	Load GraffiTab App	58		Trending	1500221661700	1500221661747	OK	 
REQUEST	Load GraffiTab App	63		Unread notifications	1500221661728	1500221661756	OK	 
REQUEST	Load GraffiTab App	62		Unread notifications	1500221661737	1500221661782	OK	 
REQUEST	Load GraffiTab App	60		Get My Feed	1500221661759	1500221661784	OK	 
REQUEST	Load GraffiTab App	59		Notifications	1500221661779	1500221661830	OK	 
REQUEST	Load GraffiTab App	67		Login	1500221661648	1500221661846	OK	 
USER	Load GraffiTab App	68	START	1500221661848	1500221661848
REQUEST	Load GraffiTab App	65		Login	1500221661248	1500221661860	OK	 
REQUEST	Load GraffiTab App	57		Newest streamables	1500221661858	1500221661880	OK	 
USER	Load GraffiTab App	57	END	1500221659648	1500221661881
REQUEST	Load GraffiTab App	64		Unread notifications	1500221661889	1500221661913	OK	 
REQUEST	Load GraffiTab App	66		Me	1500221661990	1500221662017	OK	 
REQUEST	Load GraffiTab App	61		Notifications	1500221661998	1500221662024	OK	 
USER	Load GraffiTab App	69	START	1500221662048	1500221662048
REQUEST	Load GraffiTab App	63		Get My Feed	1500221662048	1500221662071	OK	 
REQUEST	Load GraffiTab App	58		Newest streamables	1500221662048	1500221662076	OK	 
USER	Load GraffiTab App	58	END	1500221659848	1500221662077
REQUEST	Load GraffiTab App	62		Get My Feed	1500221662079	1500221662102	OK	 
REQUEST	Load GraffiTab App	60		Notifications	1500221662088	1500221662113	OK	 
REQUEST	Load GraffiTab App	68		Login	1500221661848	1500221662125	OK	 
REQUEST	Load GraffiTab App	59		Trending	1500221662139	1500221662162	OK	 
REQUEST	Load GraffiTab App	67		Me	1500221662160	1500221662183	OK	 
REQUEST	Load GraffiTab App	65		Me	1500221662178	1500221662202	OK	 
REQUEST	Load GraffiTab App	64		Get My Feed	1500221662208	1500221662235	OK	 
REQUEST	Load GraffiTab App	69		Login	1500221662048	1500221662245	OK	 
USER	Load GraffiTab App	70	START	1500221662249	1500221662249
REQUEST	Load GraffiTab App	66		Unread notifications	1500221662320	1500221662351	OK	 
REQUEST	Load GraffiTab App	61		Trending	1500221662320	1500221662351	OK	 
REQUEST	Load GraffiTab App	63		Notifications	1500221662379	1500221662415	OK	 
REQUEST	Load GraffiTab App	62		Notifications	1500221662400	1500221662431	OK	 
REQUEST	Load GraffiTab App	60		Trending	1500221662408	1500221662444	OK	 
USER	Load GraffiTab App	71	START	1500221662450	1500221662450
REQUEST	Load GraffiTab App	68		Me	1500221662438	1500221662470	OK	 
REQUEST	Load GraffiTab App	70		Login	1500221662250	1500221662469	OK	 
REQUEST	Load GraffiTab App	59		Newest streamables	1500221662460	1500221662508	OK	 
USER	Load GraffiTab App	59	END	1500221660048	1500221662509
REQUEST	Load GraffiTab App	67		Unread notifications	1500221662490	1500221662522	OK	 
REQUEST	Load GraffiTab App	65		Unread notifications	1500221662508	1500221662540	OK	 
REQUEST	Load GraffiTab App	64		Notifications	1500221662539	1500221662576	OK	 
REQUEST	Load GraffiTab App	69		Me	1500221662558	1500221662584	OK	 
USER	Load GraffiTab App	72	START	1500221662648	1500221662648
REQUEST	Load GraffiTab App	71		Login	1500221662450	1500221662651	OK	 
REQUEST	Load GraffiTab App	66		Get My Feed	1500221662661	1500221662694	OK	 
REQUEST	Load GraffiTab App	61		Newest streamables	1500221662661	1500221662699	OK	 
USER	Load GraffiTab App	61	END	1500221660448	1500221662700
REQUEST	Load GraffiTab App	63		Trending	1500221662709	1500221662737	OK	 
REQUEST	Load GraffiTab App	60		Newest streamables	1500221662748	1500221662775	OK	 
USER	Load GraffiTab App	60	END	1500221660248	1500221662776
REQUEST	Load GraffiTab App	62		Trending	1500221662741	1500221662787	OK	 
REQUEST	Load GraffiTab App	70		Me	1500221662788	1500221662818	OK	 
REQUEST	Load GraffiTab App	68		Unread notifications	1500221662779	1500221662826	OK	 
USER	Load GraffiTab App	73	START	1500221662847	1500221662847
REQUEST	Load GraffiTab App	65		Get My Feed	1500221662838	1500221662869	OK	 
REQUEST	Load GraffiTab App	67		Get My Feed	1500221662818	1500221662870	OK	 
REQUEST	Load GraffiTab App	64		Trending	1500221662869	1500221662929	OK	 
REQUEST	Load GraffiTab App	69		Unread notifications	1500221662889	1500221662953	OK	 
REQUEST	Load GraffiTab App	71		Me	1500221662970	1500221663001	OK	 
USER	Load GraffiTab App	74	START	1500221663050	1500221663050
REQUEST	Load GraffiTab App	66		Notifications	1500221662990	1500221663055	OK	 
REQUEST	Load GraffiTab App	63		Newest streamables	1500221663038	1500221663067	OK	 
USER	Load GraffiTab App	63	END	1500221660848	1500221663068
REQUEST	Load GraffiTab App	73		Login	1500221662848	1500221663072	OK	 
REQUEST	Load GraffiTab App	62		Newest streamables	1500221663080	1500221663104	OK	 
USER	Load GraffiTab App	62	END	1500221660648	1500221663104
REQUEST	Load GraffiTab App	70		Unread notifications	1500221663128	1500221663151	OK	 
REQUEST	Load GraffiTab App	68		Get My Feed	1500221663118	1500221663190	OK	 
REQUEST	Load GraffiTab App	67		Notifications	1500221663179	1500221663205	OK	 
USER	Load GraffiTab App	75	START	1500221663248	1500221663248
REQUEST	Load GraffiTab App	65		Notifications	1500221663159	1500221663265	OK	 
REQUEST	Load GraffiTab App	69		Get My Feed	1500221663259	1500221663283	OK	 
REQUEST	Load GraffiTab App	64		Newest streamables	1500221663239	1500221663322	OK	 
USER	Load GraffiTab App	64	END	1500221661049	1500221663323
REQUEST	Load GraffiTab App	71		Unread notifications	1500221663310	1500221663338	OK	 
REQUEST	Load GraffiTab App	73		Me	1500221663388	1500221663413	OK	 
REQUEST	Load GraffiTab App	66		Trending	1500221663350	1500221663428	OK	 
USER	Load GraffiTab App	76	START	1500221663448	1500221663448
REQUEST	Load GraffiTab App	67		Trending	1500221663498	1500221663528	OK	 
REQUEST	Load GraffiTab App	70		Get My Feed	1500221663440	1500221663533	OK	 
REQUEST	Load GraffiTab App	68		Notifications	1500221663498	1500221663598	OK	 
REQUEST	Load GraffiTab App	69		Notifications	1500221663579	1500221663613	OK	 
REQUEST	Load GraffiTab App	72		Login	1500221662648	1500221663627	OK	 
REQUEST	Load GraffiTab App	65		Trending	1500221663570	1500221663633	OK	 
USER	Load GraffiTab App	77	START	1500221663648	1500221663648
REQUEST	Load GraffiTab App	76		Login	1500221663448	1500221663653	OK	 
REQUEST	Load GraffiTab App	71		Get My Feed	1500221663638	1500221663707	OK	 
REQUEST	Load GraffiTab App	66		Newest streamables	1500221663738	1500221663765	OK	 
USER	Load GraffiTab App	66	END	1500221661448	1500221663766
REQUEST	Load GraffiTab App	73		Unread notifications	1500221663720	1500221663776	OK	 
REQUEST	Load GraffiTab App	77		Login	1500221663648	1500221663839	OK	 
USER	Load GraffiTab App	78	START	1500221663848	1500221663848
REQUEST	Load GraffiTab App	67		Newest streamables	1500221663830	1500221663858	OK	 
USER	Load GraffiTab App	67	END	1500221661648	1500221663858
REQUEST	Load GraffiTab App	70		Notifications	1500221663839	1500221663864	OK	 
REQUEST	Load GraffiTab App	68		Trending	1500221663898	1500221663923	OK	 
REQUEST	Load GraffiTab App	69		Trending	1500221663919	1500221663948	OK	 
REQUEST	Load GraffiTab App	72		Me	1500221663938	1500221663961	OK	 
REQUEST	Load GraffiTab App	65		Newest streamables	1500221663938	1500221663969	OK	 
USER	Load GraffiTab App	65	END	1500221661248	1500221663969
REQUEST	Load GraffiTab App	76		Me	1500221663968	1500221663991	OK	 
REQUEST	Load GraffiTab App	74		Login	1500221663050	1500221663998	OK	 
REQUEST	Load GraffiTab App	71		Notifications	1500221663998	1500221664029	OK	 
REQUEST	Load GraffiTab App	75		Login	1500221663248	1500221664039	OK	 
USER	Load GraffiTab App	79	START	1500221664050	1500221664050
REQUEST	Load GraffiTab App	73		Get My Feed	1500221664070	1500221664096	OK	 
REQUEST	Load GraffiTab App	78		Login	1500221663848	1500221664137	OK	 
REQUEST	Load GraffiTab App	77		Me	1500221664158	1500221664182	OK	 
REQUEST	Load GraffiTab App	70		Trending	1500221664158	1500221664182	OK	 
REQUEST	Load GraffiTab App	79		Login	1500221664050	1500221664240	OK	 
REQUEST	Load GraffiTab App	68		Newest streamables	1500221664219	1500221664242	OK	 
USER	Load GraffiTab App	68	END	1500221661848	1500221664243
USER	Load GraffiTab App	80	START	1500221664249	1500221664249
REQUEST	Load GraffiTab App	69		Newest streamables	1500221664239	1500221664261	OK	 
USER	Load GraffiTab App	69	END	1500221662048	1500221664262
REQUEST	Load GraffiTab App	72		Unread notifications	1500221664269	1500221664292	OK	 
REQUEST	Load GraffiTab App	76		Unread notifications	1500221664297	1500221664321	OK	 
REQUEST	Load GraffiTab App	74		Me	1500221664319	1500221664343	OK	 
REQUEST	Load GraffiTab App	71		Trending	1500221664339	1500221664364	OK	 
REQUEST	Load GraffiTab App	75		Me	1500221664360	1500221664386	OK	 
REQUEST	Load GraffiTab App	80		Login	1500221664249	1500221664427	OK	 
REQUEST	Load GraffiTab App	73		Notifications	1500221664400	1500221664428	OK	 
USER	Load GraffiTab App	81	START	1500221664450	1500221664450
REQUEST	Load GraffiTab App	78		Me	1500221664450	1500221664473	OK	 
REQUEST	Load GraffiTab App	77		Unread notifications	1500221664490	1500221664511	OK	 
REQUEST	Load GraffiTab App	70		Newest streamables	1500221664490	1500221664520	OK	 
USER	Load GraffiTab App	70	END	1500221662249	1500221664520
REQUEST	Load GraffiTab App	79		Me	1500221664559	1500221664587	OK	 
REQUEST	Load GraffiTab App	72		Get My Feed	1500221664589	1500221664620	OK	 
USER	Load GraffiTab App	82	START	1500221664650	1500221664650
REQUEST	Load GraffiTab App	76		Get My Feed	1500221664617	1500221664655	OK	 
REQUEST	Load GraffiTab App	74		Unread notifications	1500221664639	1500221664663	OK	 
REQUEST	Load GraffiTab App	81		Login	1500221664450	1500221664665	OK	 
REQUEST	Load GraffiTab App	71		Newest streamables	1500221664660	1500221664691	OK	 
USER	Load GraffiTab App	71	END	1500221662450	1500221664691
REQUEST	Load GraffiTab App	75		Unread notifications	1500221664679	1500221664709	OK	 
REQUEST	Load GraffiTab App	73		Trending	1500221664720	1500221664749	OK	 
REQUEST	Load GraffiTab App	80		Me	1500221664738	1500221664762	OK	 
REQUEST	Load GraffiTab App	78		Unread notifications	1500221664779	1500221664804	OK	 
REQUEST	Load GraffiTab App	77		Get My Feed	1500221664809	1500221664832	OK	 
REQUEST	Load GraffiTab App	82		Login	1500221664650	1500221664844	OK	 
USER	Load GraffiTab App	83	START	1500221664850	1500221664850
REQUEST	Load GraffiTab App	79		Unread notifications	1500221664878	1500221664909	OK	 
REQUEST	Load GraffiTab App	72		Notifications	1500221664929	1500221664959	OK	 
REQUEST	Load GraffiTab App	74		Get My Feed	1500221664971	1500221664996	OK	 
REQUEST	Load GraffiTab App	76		Notifications	1500221664958	1500221665005	OK	 
REQUEST	Load GraffiTab App	81		Me	1500221664980	1500221665017	OK	 
REQUEST	Load GraffiTab App	75		Get My Feed	1500221665020	1500221665045	OK	 
USER	Load GraffiTab App	84	START	1500221665048	1500221665048
REQUEST	Load GraffiTab App	83		Login	1500221664850	1500221665050	OK	 
REQUEST	Load GraffiTab App	80		Unread notifications	1500221665070	1500221665094	OK	 
REQUEST	Load GraffiTab App	73		Newest streamables	1500221665058	1500221665109	OK	 
USER	Load GraffiTab App	73	END	1500221662847	1500221665110
REQUEST	Load GraffiTab App	78		Get My Feed	1500221665108	1500221665130	OK	 
REQUEST	Load GraffiTab App	82		Me	1500221665160	1500221665183	OK	 
REQUEST	Load GraffiTab App	77		Notifications	1500221665128	1500221665183	OK	 
USER	Load GraffiTab App	85	START	1500221665249	1500221665249
REQUEST	Load GraffiTab App	79		Get My Feed	1500221665219	1500221665259	OK	 
REQUEST	Load GraffiTab App	72		Trending	1500221665258	1500221665282	OK	 
REQUEST	Load GraffiTab App	74		Notifications	1500221665289	1500221665327	OK	 
REQUEST	Load GraffiTab App	81		Unread notifications	1500221665319	1500221665341	OK	 
REQUEST	Load GraffiTab App	76		Trending	1500221665298	1500221665342	OK	 
REQUEST	Load GraffiTab App	75		Notifications	1500221665338	1500221665391	OK	 
REQUEST	Load GraffiTab App	83		Me	1500221665370	1500221665393	OK	 
REQUEST	Load GraffiTab App	80		Get My Feed	1500221665401	1500221665448	OK	 
USER	Load GraffiTab App	86	START	1500221665448	1500221665448
REQUEST	Load GraffiTab App	78		Notifications	1500221665429	1500221665454	OK	 
REQUEST	Load GraffiTab App	77		Trending	1500221665480	1500221665504	OK	 
REQUEST	Load GraffiTab App	82		Unread notifications	1500221665488	1500221665559	OK	 
REQUEST	Load GraffiTab App	79		Notifications	1500221665559	1500221665585	OK	 
USER	Load GraffiTab App	87	START	1500221665648	1500221665648
REQUEST	Load GraffiTab App	74		Trending	1500221665629	1500221665654	OK	 
REQUEST	Load GraffiTab App	72		Newest streamables	1500221665579	1500221665660	OK	 
USER	Load GraffiTab App	72	END	1500221662648	1500221665660
REQUEST	Load GraffiTab App	76		Newest streamables	1500221665648	1500221665674	OK	 
USER	Load GraffiTab App	76	END	1500221663448	1500221665675
REQUEST	Load GraffiTab App	84		Login	1500221665048	1500221665708	OK	 
REQUEST	Load GraffiTab App	83		Unread notifications	1500221665688	1500221665711	OK	 
REQUEST	Load GraffiTab App	81		Get My Feed	1500221665648	1500221665729	OK	 
REQUEST	Load GraffiTab App	80		Notifications	1500221665747	1500221665775	OK	 
REQUEST	Load GraffiTab App	75		Trending	1500221665700	1500221665788	OK	 
REQUEST	Load GraffiTab App	78		Trending	1500221665747	1500221665829	OK	 
REQUEST	Load GraffiTab App	77		Newest streamables	1500221665808	1500221665832	OK	 
USER	Load GraffiTab App	77	END	1500221663648	1500221665833
USER	Load GraffiTab App	88	START	1500221665848	1500221665848
REQUEST	Load GraffiTab App	82		Get My Feed	1500221665861	1500221665936	OK	 
REQUEST	Load GraffiTab App	79		Trending	1500221665880	1500221665960	OK	 
REQUEST	Load GraffiTab App	74		Newest streamables	1500221665958	1500221665985	OK	 
USER	Load GraffiTab App	74	END	1500221663050	1500221665986
REQUEST	Load GraffiTab App	88		Login	1500221665848	1500221666042	OK	 
USER	Load GraffiTab App	89	START	1500221666048	1500221666048
REQUEST	Load GraffiTab App	81		Notifications	1500221666030	1500221666061	OK	 
REQUEST	Load GraffiTab App	80		Trending	1500221666068	1500221666094	OK	 
REQUEST	Load GraffiTab App	84		Me	1500221666030	1500221666096	OK	 
REQUEST	Load GraffiTab App	83		Get My Feed	1500221666020	1500221666104	OK	 
REQUEST	Load GraffiTab App	75		Newest streamables	1500221666088	1500221666112	OK	 
USER	Load GraffiTab App	75	END	1500221663248	1500221666113
REQUEST	Load GraffiTab App	78		Newest streamables	1500221666138	1500221666207	OK	 
USER	Load GraffiTab App	78	END	1500221663848	1500221666208
USER	Load GraffiTab App	90	START	1500221666250	1500221666250
REQUEST	Load GraffiTab App	82		Notifications	1500221666229	1500221666255	OK	 
REQUEST	Load GraffiTab App	85		Login	1500221665250	1500221666262	OK	 
REQUEST	Load GraffiTab App	79		Newest streamables	1500221666270	1500221666328	OK	 
USER	Load GraffiTab App	79	END	1500221664050	1500221666330
REQUEST	Load GraffiTab App	81		Trending	1500221666359	1500221666389	OK	 
REQUEST	Load GraffiTab App	88		Me	1500221666359	1500221666392	OK	 
REQUEST	Load GraffiTab App	84		Unread notifications	1500221666389	1500221666425	OK	 
REQUEST	Load GraffiTab App	80		Newest streamables	1500221666398	1500221666426	OK	 
USER	Load GraffiTab App	80	END	1500221664249	1500221666427
REQUEST	Load GraffiTab App	83		Notifications	1500221666398	1500221666429	OK	 
USER	Load GraffiTab App	91	START	1500221666448	1500221666448
REQUEST	Load GraffiTab App	90		Login	1500221666250	1500221666449	OK	 
REQUEST	Load GraffiTab App	86		Login	1500221665448	1500221666488	OK	 
REQUEST	Load GraffiTab App	87		Login	1500221665649	1500221666525	OK	 
REQUEST	Load GraffiTab App	89		Login	1500221666048	1500221666563	OK	 
REQUEST	Load GraffiTab App	82		Trending	1500221666558	1500221666579	OK	 
REQUEST	Load GraffiTab App	85		Me	1500221666579	1500221666607	OK	 
REQUEST	Load GraffiTab App	91		Login	1500221666448	1500221666641	OK	 
USER	Load GraffiTab App	92	START	1500221666649	1500221666649
REQUEST	Load GraffiTab App	81		Newest streamables	1500221666688	1500221666713	OK	 
USER	Load GraffiTab App	81	END	1500221664450	1500221666714
REQUEST	Load GraffiTab App	88		Unread notifications	1500221666700	1500221666731	OK	 
REQUEST	Load GraffiTab App	84		Get My Feed	1500221666730	1500221666754	OK	 
REQUEST	Load GraffiTab App	83		Trending	1500221666740	1500221666773	OK	 
REQUEST	Load GraffiTab App	90		Me	1500221666770	1500221666800	OK	 
REQUEST	Load GraffiTab App	86		Me	1500221666810	1500221666843	OK	 
USER	Load GraffiTab App	93	START	1500221666848	1500221666848
REQUEST	Load GraffiTab App	87		Me	1500221666838	1500221666866	OK	 
REQUEST	Load GraffiTab App	92		Login	1500221666650	1500221666866	OK	 
REQUEST	Load GraffiTab App	89		Me	1500221666879	1500221666903	OK	 
REQUEST	Load GraffiTab App	85		Unread notifications	1500221666917	1500221666941	OK	 
REQUEST	Load GraffiTab App	82		Newest streamables	1500221666888	1500221666950	OK	 
USER	Load GraffiTab App	82	END	1500221664650	1500221666951
REQUEST	Load GraffiTab App	91		Me	1500221666960	1500221667004	OK	 
USER	Load GraffiTab App	94	START	1500221667050	1500221667050
REQUEST	Load GraffiTab App	88		Get My Feed	1500221667030	1500221667055	OK	 
REQUEST	Load GraffiTab App	83		Newest streamables	1500221667060	1500221667086	OK	 
USER	Load GraffiTab App	83	END	1500221664850	1500221667087
REQUEST	Load GraffiTab App	84		Notifications	1500221667050	1500221667111	OK	 
REQUEST	Load GraffiTab App	90		Unread notifications	1500221667098	1500221667122	OK	 
REQUEST	Load GraffiTab App	87		Unread notifications	1500221667170	1500221667195	OK	 
REQUEST	Load GraffiTab App	86		Unread notifications	1500221667139	1500221667201	OK	 
REQUEST	Load GraffiTab App	92		Me	1500221667178	1500221667228	OK	 
REQUEST	Load GraffiTab App	89		Unread notifications	1500221667210	1500221667237	OK	 
USER	Load GraffiTab App	95	START	1500221667248	1500221667248
REQUEST	Load GraffiTab App	85		Get My Feed	1500221667241	1500221667295	OK	 
REQUEST	Load GraffiTab App	91		Unread notifications	1500221667310	1500221667363	OK	 
REQUEST	Load GraffiTab App	88		Notifications	1500221667351	1500221667380	OK	 
USER	Load GraffiTab App	96	START	1500221667448	1500221667448
REQUEST	Load GraffiTab App	84		Trending	1500221667419	1500221667449	OK	 
REQUEST	Load GraffiTab App	95		Login	1500221667248	1500221667453	OK	 
REQUEST	Load GraffiTab App	90		Get My Feed	1500221667419	1500221667467	OK	 
REQUEST	Load GraffiTab App	87		Get My Feed	1500221667500	1500221667525	OK	 
REQUEST	Load GraffiTab App	92		Unread notifications	1500221667528	1500221667551	OK	 
REQUEST	Load GraffiTab App	86		Get My Feed	1500221667508	1500221667583	OK	 
REQUEST	Load GraffiTab App	89		Get My Feed	1500221667528	1500221667602	OK	 
REQUEST	Load GraffiTab App	85		Notifications	1500221667588	1500221667621	OK	 
USER	Load GraffiTab App	97	START	1500221667650	1500221667650
REQUEST	Load GraffiTab App	93		Login	1500221666848	1500221667729	OK	 
REQUEST	Load GraffiTab App	91		Get My Feed	1500221667660	1500221667757	OK	 
REQUEST	Load GraffiTab App	88		Trending	1500221667678	1500221667767	OK	 
REQUEST	Load GraffiTab App	84		Newest streamables	1500221667750	1500221667786	OK	 
USER	Load GraffiTab App	84	END	1500221665048	1500221667787
REQUEST	Load GraffiTab App	90		Notifications	1500221667770	1500221667804	OK	 
REQUEST	Load GraffiTab App	95		Me	1500221667770	1500221667824	OK	 
USER	Load GraffiTab App	98	START	1500221667848	1500221667848
REQUEST	Load GraffiTab App	97		Login	1500221667650	1500221667873	OK	 
REQUEST	Load GraffiTab App	92		Get My Feed	1500221667859	1500221667882	OK	 
REQUEST	Load GraffiTab App	87		Notifications	1500221667820	1500221667902	OK	 
REQUEST	Load GraffiTab App	86		Notifications	1500221667880	1500221667906	OK	 
REQUEST	Load GraffiTab App	85		Trending	1500221667930	1500221667955	OK	 
REQUEST	Load GraffiTab App	89		Notifications	1500221667909	1500221668008	OK	 
REQUEST	Load GraffiTab App	94		Login	1500221667050	1500221668043	OK	 
USER	Load GraffiTab App	99	START	1500221668050	1500221668050
REQUEST	Load GraffiTab App	91		Notifications	1500221668050	1500221668078	OK	 
REQUEST	Load GraffiTab App	93		Me	1500221668050	1500221668140	OK	 
REQUEST	Load GraffiTab App	88		Newest streamables	1500221668068	1500221668150	OK	 
USER	Load GraffiTab App	88	END	1500221665848	1500221668151
REQUEST	Load GraffiTab App	95		Unread notifications	1500221668129	1500221668156	OK	 
REQUEST	Load GraffiTab App	90		Trending	1500221668101	1500221668171	OK	 
REQUEST	Load GraffiTab App	97		Me	1500221668189	1500221668218	OK	 
REQUEST	Load GraffiTab App	87		Trending	1500221668208	1500221668234	OK	 
USER	Load GraffiTab App	100	START	1500221668248	1500221668248
REQUEST	Load GraffiTab App	92		Notifications	1500221668180	1500221668248	OK	 
REQUEST	Load GraffiTab App	86		Trending	1500221668198	1500221668251	OK	 
REQUEST	Load GraffiTab App	99		Login	1500221668050	1500221668254	OK	 
REQUEST	Load GraffiTab App	85		Newest streamables	1500221668248	1500221668292	OK	 
USER	Load GraffiTab App	85	END	1500221665249	1500221668293
REQUEST	Load GraffiTab App	89		Trending	1500221668309	1500221668350	OK	 
REQUEST	Load GraffiTab App	94		Me	1500221668360	1500221668388	OK	 
REQUEST	Load GraffiTab App	91		Trending	1500221668388	1500221668434	OK	 
REQUEST	Load GraffiTab App	100		Login	1500221668248	1500221668438	OK	 
USER	Load GraffiTab App	101	START	1500221668447	1500221668447
REQUEST	Load GraffiTab App	93		Unread notifications	1500221668438	1500221668462	OK	 
REQUEST	Load GraffiTab App	96		Login	1500221667448	1500221668499	OK	 
REQUEST	Load GraffiTab App	95		Get My Feed	1500221668448	1500221668504	OK	 
REQUEST	Load GraffiTab App	90		Newest streamables	1500221668479	1500221668526	OK	 
USER	Load GraffiTab App	90	END	1500221666250	1500221668527
REQUEST	Load GraffiTab App	87		Newest streamables	1500221668528	1500221668563	OK	 
USER	Load GraffiTab App	87	END	1500221665648	1500221668563
REQUEST	Load GraffiTab App	97		Unread notifications	1500221668528	1500221668573	OK	 
REQUEST	Load GraffiTab App	92		Trending	1500221668560	1500221668591	OK	 
REQUEST	Load GraffiTab App	99		Me	1500221668569	1500221668598	OK	 
REQUEST	Load GraffiTab App	86		Newest streamables	1500221668560	1500221668607	OK	 
USER	Load GraffiTab App	86	END	1500221665448	1500221668609
USER	Load GraffiTab App	102	START	1500221668650	1500221668650
REQUEST	Load GraffiTab App	98		Login	1500221667848	1500221668660	OK	 
REQUEST	Load GraffiTab App	101		Login	1500221668448	1500221668662	OK	 
REQUEST	Load GraffiTab App	89		Newest streamables	1500221668650	1500221668730	OK	 
USER	Load GraffiTab App	89	END	1500221666048	1500221668732
REQUEST	Load GraffiTab App	91		Newest streamables	1500221668728	1500221668758	OK	 
USER	Load GraffiTab App	91	END	1500221666448	1500221668760
REQUEST	Load GraffiTab App	94		Unread notifications	1500221668700	1500221668762	OK	 
REQUEST	Load GraffiTab App	93		Get My Feed	1500221668758	1500221668790	OK	 
REQUEST	Load GraffiTab App	100		Me	1500221668758	1500221668814	OK	 
REQUEST	Load GraffiTab App	96		Me	1500221668819	1500221668846	OK	 
USER	Load GraffiTab App	103	START	1500221668849	1500221668849
REQUEST	Load GraffiTab App	95		Notifications	1500221668810	1500221668856	OK	 
REQUEST	Load GraffiTab App	102		Login	1500221668650	1500221668856	OK	 
REQUEST	Load GraffiTab App	97		Get My Feed	1500221668869	1500221668913	OK	 
REQUEST	Load GraffiTab App	92		Newest streamables	1500221668879	1500221668916	OK	 
USER	Load GraffiTab App	92	END	1500221666649	1500221668917
REQUEST	Load GraffiTab App	99		Unread notifications	1500221668910	1500221668937	OK	 
REQUEST	Load GraffiTab App	98		Me	1500221668979	1500221669009	OK	 
REQUEST	Load GraffiTab App	101		Me	1500221668979	1500221669010	OK	 
REQUEST	Load GraffiTab App	103		Login	1500221668849	1500221669046	OK	 
USER	Load GraffiTab App	104	START	1500221669050	1500221669050
REQUEST	Load GraffiTab App	94		Get My Feed	1500221669058	1500221669091	OK	 
REQUEST	Load GraffiTab App	93		Notifications	1500221669098	1500221669135	OK	 
REQUEST	Load GraffiTab App	100		Unread notifications	1500221669110	1500221669136	OK	 
REQUEST	Load GraffiTab App	96		Unread notifications	1500221669148	1500221669182	OK	 
REQUEST	Load GraffiTab App	95		Trending	1500221669148	1500221669202	OK	 
REQUEST	Load GraffiTab App	102		Me	1500221669170	1500221669210	OK	 
USER	Load GraffiTab App	105	START	1500221669248	1500221669248
REQUEST	Load GraffiTab App	97		Notifications	1500221669208	1500221669254	OK	 
REQUEST	Load GraffiTab App	99		Get My Feed	1500221669230	1500221669273	OK	 
REQUEST	Load GraffiTab App	104		Login	1500221669050	1500221669273	OK	 
REQUEST	Load GraffiTab App	98		Unread notifications	1500221669317	1500221669345	OK	 
REQUEST	Load GraffiTab App	101		Unread notifications	1500221669317	1500221669356	OK	 
REQUEST	Load GraffiTab App	103		Me	1500221669358	1500221669392	OK	 
REQUEST	Load GraffiTab App	94		Notifications	1500221669388	1500221669420	OK	 
REQUEST	Load GraffiTab App	105		Login	1500221669248	1500221669447	OK	 
USER	Load GraffiTab App	106	START	1500221669448	1500221669448
REQUEST	Load GraffiTab App	100		Get My Feed	1500221669438	1500221669463	OK	 
REQUEST	Load GraffiTab App	93		Trending	1500221669431	1500221669469	OK	 
REQUEST	Load GraffiTab App	96		Get My Feed	1500221669480	1500221669504	OK	 
REQUEST	Load GraffiTab App	102		Unread notifications	1500221669518	1500221669549	OK	 
REQUEST	Load GraffiTab App	95		Newest streamables	1500221669510	1500221669552	OK	 
USER	Load GraffiTab App	95	END	1500221667248	1500221669553
REQUEST	Load GraffiTab App	99		Notifications	1500221669570	1500221669600	OK	 
REQUEST	Load GraffiTab App	97		Trending	1500221669559	1500221669606	OK	 
REQUEST	Load GraffiTab App	104		Me	1500221669588	1500221669627	OK	 
USER	Load GraffiTab App	107	START	1500221669648	1500221669648
REQUEST	Load GraffiTab App	98		Get My Feed	1500221669639	1500221669663	OK	 
REQUEST	Load GraffiTab App	101		Get My Feed	1500221669648	1500221669693	OK	 
REQUEST	Load GraffiTab App	103		Unread notifications	1500221669699	1500221669746	OK	 
REQUEST	Load GraffiTab App	94		Trending	1500221669720	1500221669749	OK	 
REQUEST	Load GraffiTab App	100		Notifications	1500221669770	1500221669800	OK	 
REQUEST	Load GraffiTab App	105		Me	1500221669770	1500221669821	OK	 
REQUEST	Load GraffiTab App	93		Newest streamables	1500221669779	1500221669829	OK	 
USER	Load GraffiTab App	93	END	1500221666848	1500221669830
REQUEST	Load GraffiTab App	96		Notifications	1500221669810	1500221669840	OK	 
USER	Load GraffiTab App	108	START	1500221669850	1500221669850
REQUEST	Load GraffiTab App	107		Login	1500221669648	1500221669859	OK	 
REQUEST	Load GraffiTab App	102		Get My Feed	1500221669850	1500221669907	OK	 
REQUEST	Load GraffiTab App	99		Trending	1500221669909	1500221669938	OK	 
REQUEST	Load GraffiTab App	98		Notifications	1500221669960	1500221669990	OK	 
REQUEST	Load GraffiTab App	97		Newest streamables	1500221669901	1500221669996	OK	 
USER	Load GraffiTab App	97	END	1500221667650	1500221669997
REQUEST	Load GraffiTab App	106		Login	1500221669448	1500221670022	OK	 
REQUEST	Load GraffiTab App	104		Unread notifications	1500221669929	1500221670036	OK	 
USER	Load GraffiTab App	109	START	1500221670048	1500221670048
REQUEST	Load GraffiTab App	108		Login	1500221669850	1500221670053	OK	 
REQUEST	Load GraffiTab App	101		Notifications	1500221669998	1500221670063	OK	 
REQUEST	Load GraffiTab App	103		Get My Feed	1500221670048	1500221670070	OK	 
REQUEST	Load GraffiTab App	94		Newest streamables	1500221670048	1500221670093	OK	 
USER	Load GraffiTab App	94	END	1500221667050	1500221670096
REQUEST	Load GraffiTab App	100		Trending	1500221670098	1500221670137	OK	 
REQUEST	Load GraffiTab App	105		Unread notifications	1500221670118	1500221670149	OK	 
REQUEST	Load GraffiTab App	96		Trending	1500221670138	1500221670178	OK	 
REQUEST	Load GraffiTab App	107		Me	1500221670178	1500221670205	OK	 
REQUEST	Load GraffiTab App	102		Notifications	1500221670199	1500221670241	OK	 
REQUEST	Load GraffiTab App	109		Login	1500221670048	1500221670245	OK	 
USER	Load GraffiTab App	110	START	1500221670248	1500221670248
REQUEST	Load GraffiTab App	99		Newest streamables	1500221670239	1500221670261	OK	 
USER	Load GraffiTab App	99	END	1500221668050	1500221670262
REQUEST	Load GraffiTab App	98		Trending	1500221670300	1500221670324	OK	 
REQUEST	Load GraffiTab App	106		Me	1500221670339	1500221670364	OK	 
REQUEST	Load GraffiTab App	108		Me	1500221670370	1500221670393	OK	 
REQUEST	Load GraffiTab App	104		Get My Feed	1500221670339	1500221670406	OK	 
REQUEST	Load GraffiTab App	101		Trending	1500221670360	1500221670425	OK	 
REQUEST	Load GraffiTab App	103		Notifications	1500221670370	1500221670429	OK	 
USER	Load GraffiTab App	111	START	1500221670450	1500221670450
REQUEST	Load GraffiTab App	100		Newest streamables	1500221670427	1500221670452	OK	 
USER	Load GraffiTab App	100	END	1500221668248	1500221670452
REQUEST	Load GraffiTab App	105		Get My Feed	1500221670450	1500221670510	OK	 
REQUEST	Load GraffiTab App	107		Unread notifications	1500221670500	1500221670529	OK	 
REQUEST	Load GraffiTab App	96		Newest streamables	1500221670481	1500221670530	OK	 
USER	Load GraffiTab App	96	END	1500221667448	1500221670531
REQUEST	Load GraffiTab App	109		Me	1500221670560	1500221670588	OK	 
REQUEST	Load GraffiTab App	102		Trending	1500221670550	1500221670596	OK	 
USER	Load GraffiTab App	112	START	1500221670647	1500221670647
REQUEST	Load GraffiTab App	111		Login	1500221670451	1500221670656	OK	 
REQUEST	Load GraffiTab App	98		Newest streamables	1500221670620	1500221670672	OK	 
USER	Load GraffiTab App	98	END	1500221667848	1500221670672
REQUEST	Load GraffiTab App	106		Unread notifications	1500221670670	1500221670696	OK	 
REQUEST	Load GraffiTab App	108		Unread notifications	1500221670700	1500221670725	OK	 
REQUEST	Load GraffiTab App	101		Newest streamables	1500221670729	1500221670752	OK	 
USER	Load GraffiTab App	101	END	1500221668447	1500221670753
REQUEST	Load GraffiTab App	104		Notifications	1500221670709	1500221670798	OK	 
REQUEST	Load GraffiTab App	103		Trending	1500221670729	1500221670798	OK	 
REQUEST	Load GraffiTab App	105		Notifications	1500221670810	1500221670836	OK	 
USER	Load GraffiTab App	113	START	1500221670848	1500221670848
REQUEST	Load GraffiTab App	107		Get My Feed	1500221670840	1500221670896	OK	 
REQUEST	Load GraffiTab App	109		Unread notifications	1500221670898	1500221670930	OK	 
REQUEST	Load GraffiTab App	102		Newest streamables	1500221670889	1500221670971	OK	 
USER	Load GraffiTab App	102	END	1500221668650	1500221670972
REQUEST	Load GraffiTab App	106		Get My Feed	1500221670988	1500221671020	OK	 
REQUEST	Load GraffiTab App	111		Me	1500221670969	1500221671022	OK	 
USER	Load GraffiTab App	114	START	1500221671050	1500221671050
REQUEST	Load GraffiTab App	108		Get My Feed	1500221671020	1500221671067	OK	 
REQUEST	Load GraffiTab App	110		Login	1500221670248	1500221671087	OK	 
REQUEST	Load GraffiTab App	113		Login	1500221670848	1500221671107	OK	 
REQUEST	Load GraffiTab App	104		Trending	1500221671100	1500221671127	OK	 
REQUEST	Load GraffiTab App	103		Newest streamables	1500221671100	1500221671133	OK	 
USER	Load GraffiTab App	103	END	1500221668849	1500221671134
REQUEST	Load GraffiTab App	105		Trending	1500221671129	1500221671157	OK	 
REQUEST	Load GraffiTab App	107		Notifications	1500221671188	1500221671214	OK	 
REQUEST	Load GraffiTab App	112		Login	1500221670648	1500221671227	OK	 
USER	Load GraffiTab App	115	START	1500221671250	1500221671250
REQUEST	Load GraffiTab App	109		Get My Feed	1500221671228	1500221671251	OK	 
REQUEST	Load GraffiTab App	114		Login	1500221671050	1500221671252	OK	 
REQUEST	Load GraffiTab App	106		Notifications	1500221671331	1500221671366	OK	 
REQUEST	Load GraffiTab App	111		Unread notifications	1500221671331	1500221671366	OK	 
REQUEST	Load GraffiTab App	108		Notifications	1500221671370	1500221671407	OK	 
REQUEST	Load GraffiTab App	110		Me	1500221671408	1500221671445	OK	 
USER	Load GraffiTab App	116	START	1500221671447	1500221671447
REQUEST	Load GraffiTab App	113		Me	1500221671419	1500221671449	OK	 
REQUEST	Load GraffiTab App	104		Newest streamables	1500221671419	1500221671451	OK	 
USER	Load GraffiTab App	104	END	1500221669050	1500221671452
REQUEST	Load GraffiTab App	115		Login	1500221671250	1500221671475	OK	 
REQUEST	Load GraffiTab App	105		Newest streamables	1500221671457	1500221671493	OK	 
USER	Load GraffiTab App	105	END	1500221669248	1500221671494
REQUEST	Load GraffiTab App	107		Trending	1500221671519	1500221671557	OK	 
REQUEST	Load GraffiTab App	112		Me	1500221671538	1500221671564	OK	 
REQUEST	Load GraffiTab App	114		Me	1500221671568	1500221671597	OK	 
REQUEST	Load GraffiTab App	109		Notifications	1500221671547	1500221671601	OK	 
REQUEST	Load GraffiTab App	116		Login	1500221671447	1500221671647	OK	 
USER	Load GraffiTab App	117	START	1500221671648	1500221671648
REQUEST	Load GraffiTab App	106		Trending	1500221671659	1500221671683	OK	 
REQUEST	Load GraffiTab App	111		Get My Feed	1500221671659	1500221671706	OK	 
REQUEST	Load GraffiTab App	108		Trending	1500221671698	1500221671722	OK	 
REQUEST	Load GraffiTab App	113		Unread notifications	1500221671759	1500221671781	OK	 
REQUEST	Load GraffiTab App	110		Unread notifications	1500221671738	1500221671782	OK	 
REQUEST	Load GraffiTab App	115		Me	1500221671789	1500221671834	OK	 
USER	Load GraffiTab App	118	START	1500221671848	1500221671848
REQUEST	Load GraffiTab App	107		Newest streamables	1500221671858	1500221671884	OK	 
USER	Load GraffiTab App	107	END	1500221669648	1500221671884
REQUEST	Load GraffiTab App	112		Unread notifications	1500221671869	1500221671916	OK	 
REQUEST	Load GraffiTab App	109		Trending	1500221671900	1500221671929	OK	 
REQUEST	Load GraffiTab App	114		Unread notifications	1500221671900	1500221671943	OK	 
REQUEST	Load GraffiTab App	116		Me	1500221671959	1500221672004	OK	 
REQUEST	Load GraffiTab App	106		Newest streamables	1500221671988	1500221672021	OK	 
USER	Load GraffiTab App	106	END	1500221669448	1500221672021
REQUEST	Load GraffiTab App	118		Login	1500221671848	1500221672047	OK	 
USER	Load GraffiTab App	119	START	1500221672049	1500221672049
REQUEST	Load GraffiTab App	108		Newest streamables	1500221672028	1500221672054	OK	 
USER	Load GraffiTab App	108	END	1500221669850	1500221672055
REQUEST	Load GraffiTab App	111		Notifications	1500221672009	1500221672059	OK	 
REQUEST	Load GraffiTab App	113		Get My Feed	1500221672081	1500221672104	OK	 
REQUEST	Load GraffiTab App	117		Login	1500221671648	1500221672124	OK	 
REQUEST	Load GraffiTab App	110		Get My Feed	1500221672089	1500221672139	OK	 
REQUEST	Load GraffiTab App	115		Unread notifications	1500221672138	1500221672159	OK	 
USER	Load GraffiTab App	120	START	1500221672250	1500221672250
REQUEST	Load GraffiTab App	109		Newest streamables	1500221672240	1500221672264	OK	 
USER	Load GraffiTab App	109	END	1500221670048	1500221672265
REQUEST	Load GraffiTab App	112		Get My Feed	1500221672220	1500221672271	OK	 
REQUEST	Load GraffiTab App	114		Get My Feed	1500221672250	1500221672302	OK	 
REQUEST	Load GraffiTab App	116		Unread notifications	1500221672310	1500221672344	OK	 
REQUEST	Load GraffiTab App	118		Me	1500221672357	1500221672385	OK	 
REQUEST	Load GraffiTab App	111		Trending	1500221672370	1500221672403	OK	 
REQUEST	Load GraffiTab App	119		Login	1500221672049	1500221672418	OK	 
REQUEST	Load GraffiTab App	113		Notifications	1500221672401	1500221672429	OK	 
USER	Load GraffiTab App	121	START	1500221672448	1500221672448
REQUEST	Load GraffiTab App	120		Login	1500221672250	1500221672448	OK	 
REQUEST	Load GraffiTab App	117		Me	1500221672439	1500221672461	OK	 
REQUEST	Load GraffiTab App	110		Notifications	1500221672439	1500221672463	OK	 
REQUEST	Load GraffiTab App	115		Get My Feed	1500221672468	1500221672492	OK	 
REQUEST	Load GraffiTab App	112		Notifications	1500221672568	1500221672602	OK	 
REQUEST	Load GraffiTab App	114		Notifications	1500221672598	1500221672624	OK	 
REQUEST	Load GraffiTab App	121		Login	1500221672448	1500221672645	OK	 
USER	Load GraffiTab App	122	START	1500221672648	1500221672648
REQUEST	Load GraffiTab App	116		Get My Feed	1500221672649	1500221672674	OK	 
REQUEST	Load GraffiTab App	118		Unread notifications	1500221672689	1500221672720	OK	 
REQUEST	Load GraffiTab App	111		Newest streamables	1500221672698	1500221672727	OK	 
USER	Load GraffiTab App	111	END	1500221670450	1500221672727
REQUEST	Load GraffiTab App	119		Me	1500221672738	1500221672777	OK	 
REQUEST	Load GraffiTab App	113		Trending	1500221672738	1500221672787	OK	 
REQUEST	Load GraffiTab App	117		Unread notifications	1500221672768	1500221672795	OK	 
REQUEST	Load GraffiTab App	110		Trending	1500221672759	1500221672798	OK	 
REQUEST	Load GraffiTab App	120		Me	1500221672768	1500221672798	OK	 
REQUEST	Load GraffiTab App	115		Notifications	1500221672788	1500221672814	OK	 
USER	Load GraffiTab App	123	START	1500221672847	1500221672847
REQUEST	Load GraffiTab App	122		Login	1500221672649	1500221672878	OK	 
REQUEST	Load GraffiTab App	112		Trending	1500221672909	1500221672934	OK	 
REQUEST	Load GraffiTab App	114		Trending	1500221672920	1500221672963	OK	 
REQUEST	Load GraffiTab App	121		Me	1500221672959	1500221672983	OK	 
REQUEST	Load GraffiTab App	116		Notifications	1500221672970	1500221673007	OK	 
USER	Load GraffiTab App	124	START	1500221673048	1500221673048
REQUEST	Load GraffiTab App	118		Get My Feed	1500221673031	1500221673057	OK	 
REQUEST	Load GraffiTab App	119		Unread notifications	1500221673080	1500221673108	OK	 
REQUEST	Load GraffiTab App	117		Get My Feed	1500221673088	1500221673112	OK	 
REQUEST	Load GraffiTab App	110		Newest streamables	1500221673108	1500221673132	OK	 
USER	Load GraffiTab App	110	END	1500221670248	1500221673133
REQUEST	Load GraffiTab App	113		Newest streamables	1500221673080	1500221673148	OK	 
USER	Load GraffiTab App	113	END	1500221670848	1500221673149
REQUEST	Load GraffiTab App	120		Unread notifications	1500221673100	1500221673156	OK	 
REQUEST	Load GraffiTab App	115		Trending	1500221673108	1500221673160	OK	 
REQUEST	Load GraffiTab App	122		Me	1500221673188	1500221673212	OK	 
USER	Load GraffiTab App	125	START	1500221673247	1500221673247
REQUEST	Load GraffiTab App	112		Newest streamables	1500221673230	1500221673271	OK	 
USER	Load GraffiTab App	112	END	1500221670647	1500221673271
REQUEST	Load GraffiTab App	123		Login	1500221672848	1500221673285	OK	 
REQUEST	Load GraffiTab App	114		Newest streamables	1500221673268	1500221673292	OK	 
USER	Load GraffiTab App	114	END	1500221671050	1500221673293
REQUEST	Load GraffiTab App	121		Unread notifications	1500221673288	1500221673311	OK	 
REQUEST	Load GraffiTab App	116		Trending	1500221673308	1500221673355	OK	 
REQUEST	Load GraffiTab App	118		Notifications	1500221673359	1500221673388	OK	 
REQUEST	Load GraffiTab App	117		Notifications	1500221673420	1500221673446	OK	 
USER	Load GraffiTab App	126	START	1500221673447	1500221673447
REQUEST	Load GraffiTab App	119		Get My Feed	1500221673409	1500221673450	OK	 
REQUEST	Load GraffiTab App	120		Get My Feed	1500221673447	1500221673491	OK	 
REQUEST	Load GraffiTab App	115		Newest streamables	1500221673469	1500221673507	OK	 
USER	Load GraffiTab App	115	END	1500221671250	1500221673508
REQUEST	Load GraffiTab App	122		Unread notifications	1500221673519	1500221673546	OK	 
REQUEST	Load GraffiTab App	124		Login	1500221673048	1500221673617	OK	 
REQUEST	Load GraffiTab App	123		Me	1500221673599	1500221673637	OK	 
REQUEST	Load GraffiTab App	126		Login	1500221673448	1500221673646	OK	 
REQUEST	Load GraffiTab App	121		Get My Feed	1500221673618	1500221673646	OK	 
USER	Load GraffiTab App	127	START	1500221673647	1500221673647
REQUEST	Load GraffiTab App	116		Newest streamables	1500221673658	1500221673702	OK	 
USER	Load GraffiTab App	116	END	1500221671447	1500221673703
REQUEST	Load GraffiTab App	125		Login	1500221673248	1500221673731	OK	 
REQUEST	Load GraffiTab App	118		Trending	1500221673688	1500221673734	OK	 
REQUEST	Load GraffiTab App	117		Trending	1500221673738	1500221673767	OK	 
REQUEST	Load GraffiTab App	119		Notifications	1500221673748	1500221673787	OK	 
REQUEST	Load GraffiTab App	120		Notifications	1500221673798	1500221673830	OK	 
USER	Load GraffiTab App	128	START	1500221673849	1500221673849
REQUEST	Load GraffiTab App	127		Login	1500221673648	1500221673857	OK	 
REQUEST	Load GraffiTab App	122		Get My Feed	1500221673850	1500221673879	OK	 
REQUEST	Load GraffiTab App	124		Me	1500221673929	1500221673957	OK	 
REQUEST	Load GraffiTab App	123		Unread notifications	1500221673938	1500221673965	OK	 
REQUEST	Load GraffiTab App	121		Notifications	1500221673938	1500221673975	OK	 
REQUEST	Load GraffiTab App	126		Me	1500221673958	1500221673985	OK	 
USER	Load GraffiTab App	129	START	1500221674048	1500221674048
REQUEST	Load GraffiTab App	128		Login	1500221673850	1500221674055	OK	 
REQUEST	Load GraffiTab App	125		Me	1500221674048	1500221674071	OK	 
REQUEST	Load GraffiTab App	118		Newest streamables	1500221674029	1500221674078	OK	 
USER	Load GraffiTab App	118	END	1500221671848	1500221674079
REQUEST	Load GraffiTab App	117		Newest streamables	1500221674068	1500221674095	OK	 
USER	Load GraffiTab App	117	END	1500221671648	1500221674095
REQUEST	Load GraffiTab App	120		Trending	1500221674128	1500221674152	OK	 
REQUEST	Load GraffiTab App	119		Trending	1500221674089	1500221674172	OK	 
REQUEST	Load GraffiTab App	127		Me	1500221674169	1500221674208	OK	 
REQUEST	Load GraffiTab App	122		Notifications	1500221674188	1500221674215	OK	 
USER	Load GraffiTab App	130	START	1500221674250	1500221674250
REQUEST	Load GraffiTab App	123		Get My Feed	1500221674268	1500221674295	OK	 
REQUEST	Load GraffiTab App	121		Trending	1500221674281	1500221674304	OK	 
REQUEST	Load GraffiTab App	124		Unread notifications	1500221674268	1500221674318	OK	 
REQUEST	Load GraffiTab App	126		Unread notifications	1500221674288	1500221674337	OK	 
REQUEST	Load GraffiTab App	129		Login	1500221674048	1500221674392	OK	 
REQUEST	Load GraffiTab App	128		Me	1500221674368	1500221674392	OK	 
REQUEST	Load GraffiTab App	125		Unread notifications	1500221674378	1500221674404	OK	 
USER	Load GraffiTab App	131	START	1500221674448	1500221674448
REQUEST	Load GraffiTab App	119		Newest streamables	1500221674469	1500221674500	OK	 
USER	Load GraffiTab App	119	END	1500221672049	1500221674501
REQUEST	Load GraffiTab App	120		Newest streamables	1500221674460	1500221674502	OK	 
USER	Load GraffiTab App	120	END	1500221672250	1500221674502
REQUEST	Load GraffiTab App	130		Login	1500221674251	1500221674518	OK	 
REQUEST	Load GraffiTab App	122		Trending	1500221674508	1500221674532	OK	 
REQUEST	Load GraffiTab App	127		Unread notifications	1500221674518	1500221674548	OK	 
REQUEST	Load GraffiTab App	123		Notifications	1500221674598	1500221674625	OK	 
REQUEST	Load GraffiTab App	121		Newest streamables	1500221674598	1500221674625	OK	 
USER	Load GraffiTab App	121	END	1500221672448	1500221674625
REQUEST	Load GraffiTab App	124		Get My Feed	1500221674620	1500221674644	OK	 
USER	Load GraffiTab App	132	START	1500221674648	1500221674648
REQUEST	Load GraffiTab App	126		Get My Feed	1500221674638	1500221674666	OK	 
REQUEST	Load GraffiTab App	131		Login	1500221674448	1500221674683	OK	 
REQUEST	Load GraffiTab App	128		Unread notifications	1500221674698	1500221674728	OK	 
REQUEST	Load GraffiTab App	125		Get My Feed	1500221674698	1500221674731	OK	 
REQUEST	Load GraffiTab App	129		Me	1500221674708	1500221674733	OK	 
USER	Load GraffiTab App	133	START	1500221674848	1500221674848
REQUEST	Load GraffiTab App	132		Login	1500221674648	1500221674848	OK	 
REQUEST	Load GraffiTab App	122		Newest streamables	1500221674829	1500221674856	OK	 
USER	Load GraffiTab App	122	END	1500221672648	1500221674857
REQUEST	Load GraffiTab App	130		Me	1500221674840	1500221674867	OK	 
REQUEST	Load GraffiTab App	127		Get My Feed	1500221674848	1500221674871	OK	 
REQUEST	Load GraffiTab App	123		Trending	1500221674918	1500221674944	OK	 
REQUEST	Load GraffiTab App	124		Notifications	1500221674939	1500221674974	OK	 
REQUEST	Load GraffiTab App	126		Notifications	1500221674970	1500221674997	OK	 
REQUEST	Load GraffiTab App	131		Me	1500221675000	1500221675028	OK	 
USER	Load GraffiTab App	134	START	1500221675048	1500221675048
REQUEST	Load GraffiTab App	133		Login	1500221674848	1500221675061	OK	 
REQUEST	Load GraffiTab App	129		Unread notifications	1500221675038	1500221675063	OK	 
REQUEST	Load GraffiTab App	128		Get My Feed	1500221675038	1500221675067	OK	 
REQUEST	Load GraffiTab App	125		Notifications	1500221675038	1500221675068	OK	 
REQUEST	Load GraffiTab App	130		Unread notifications	1500221675160	1500221675187	OK	 
REQUEST	Load GraffiTab App	132		Me	1500221675170	1500221675192	OK	 
REQUEST	Load GraffiTab App	127		Notifications	1500221675170	1500221675200	OK	 
REQUEST	Load GraffiTab App	134		Login	1500221675048	1500221675237	OK	 
USER	Load GraffiTab App	135	START	1500221675248	1500221675248
REQUEST	Load GraffiTab App	123		Newest streamables	1500221675248	1500221675270	OK	 
USER	Load GraffiTab App	123	END	1500221672847	1500221675272
REQUEST	Load GraffiTab App	124		Trending	1500221675280	1500221675305	OK	 
REQUEST	Load GraffiTab App	126		Trending	1500221675297	1500221675326	OK	 
REQUEST	Load GraffiTab App	131		Unread notifications	1500221675340	1500221675366	OK	 
REQUEST	Load GraffiTab App	128		Notifications	1500221675361	1500221675387	OK	 
REQUEST	Load GraffiTab App	133		Me	1500221675379	1500221675403	OK	 
REQUEST	Load GraffiTab App	125		Trending	1500221675368	1500221675411	OK	 
REQUEST	Load GraffiTab App	129		Get My Feed	1500221675361	1500221675411	OK	 
USER	Load GraffiTab App	136	START	1500221675448	1500221675448
REQUEST	Load GraffiTab App	132		Unread notifications	1500221675490	1500221675521	OK	 
REQUEST	Load GraffiTab App	127		Trending	1500221675498	1500221675521	OK	 
REQUEST	Load GraffiTab App	130		Get My Feed	1500221675490	1500221675541	OK	 
REQUEST	Load GraffiTab App	134		Me	1500221675548	1500221675594	OK	 
REQUEST	Load GraffiTab App	124		Newest streamables	1500221675599	1500221675624	OK	 
USER	Load GraffiTab App	124	END	1500221673048	1500221675625
USER	Load GraffiTab App	137	START	1500221675648	1500221675648
REQUEST	Load GraffiTab App	126		Newest streamables	1500221675619	1500221675668	OK	 
USER	Load GraffiTab App	126	END	1500221673447	1500221675669
REQUEST	Load GraffiTab App	131		Get My Feed	1500221675659	1500221675682	OK	 
REQUEST	Load GraffiTab App	135		Login	1500221675248	1500221675685	OK	 
REQUEST	Load GraffiTab App	128		Trending	1500221675690	1500221675712	OK	 
REQUEST	Load GraffiTab App	129		Notifications	1500221675708	1500221675737	OK	 
REQUEST	Load GraffiTab App	133		Unread notifications	1500221675708	1500221675782	OK	 
REQUEST	Load GraffiTab App	125		Newest streamables	1500221675708	1500221675783	OK	 
USER	Load GraffiTab App	125	END	1500221673247	1500221675784
USER	Load GraffiTab App	138	START	1500221675848	1500221675848
REQUEST	Load GraffiTab App	132		Get My Feed	1500221675820	1500221675850	OK	 
REQUEST	Load GraffiTab App	127		Newest streamables	1500221675820	1500221675856	OK	 
USER	Load GraffiTab App	127	END	1500221673647	1500221675857
REQUEST	Load GraffiTab App	130		Notifications	1500221675848	1500221675877	OK	 
REQUEST	Load GraffiTab App	134		Unread notifications	1500221675898	1500221675924	OK	 
REQUEST	Load GraffiTab App	131		Notifications	1500221675980	1500221676021	OK	 
REQUEST	Load GraffiTab App	135		Me	1500221675998	1500221676023	OK	 
REQUEST	Load GraffiTab App	128		Newest streamables	1500221676007	1500221676039	OK	 
USER	Load GraffiTab App	128	END	1500221673849	1500221676040
USER	Load GraffiTab App	139	START	1500221676048	1500221676048
REQUEST	Load GraffiTab App	136		Login	1500221675448	1500221676064	OK	 
REQUEST	Load GraffiTab App	129		Trending	1500221676038	1500221676066	OK	 
REQUEST	Load GraffiTab App	133		Get My Feed	1500221676079	1500221676103	OK	 
REQUEST	Load GraffiTab App	137		Login	1500221675648	1500221676191	OK	 
REQUEST	Load GraffiTab App	132		Notifications	1500221676160	1500221676195	OK	 
REQUEST	Load GraffiTab App	130		Trending	1500221676168	1500221676195	OK	 
USER	Load GraffiTab App	140	START	1500221676250	1500221676250
REQUEST	Load GraffiTab App	134		Get My Feed	1500221676231	1500221676259	OK	 
REQUEST	Load GraffiTab App	138		Login	1500221675848	1500221676259	OK	 
REQUEST	Load GraffiTab App	139		Login	1500221676048	1500221676321	OK	 
REQUEST	Load GraffiTab App	131		Trending	1500221676329	1500221676352	OK	 
REQUEST	Load GraffiTab App	135		Unread notifications	1500221676329	1500221676359	OK	 
REQUEST	Load GraffiTab App	129		Newest streamables	1500221676370	1500221676395	OK	 
USER	Load GraffiTab App	129	END	1500221674048	1500221676396
REQUEST	Load GraffiTab App	136		Me	1500221676380	1500221676409	OK	 
REQUEST	Load GraffiTab App	133		Notifications	1500221676398	1500221676439	OK	 
USER	Load GraffiTab App	141	START	1500221676448	1500221676448
REQUEST	Load GraffiTab App	140		Login	1500221676250	1500221676455	OK	 
REQUEST	Load GraffiTab App	132		Trending	1500221676489	1500221676514	OK	 
REQUEST	Load GraffiTab App	130		Newest streamables	1500221676500	1500221676527	OK	 
REQUEST	Load GraffiTab App	137		Me	1500221676508	1500221676527	OK	 
USER	Load GraffiTab App	130	END	1500221674250	1500221676528
REQUEST	Load GraffiTab App	138		Me	1500221676580	1500221676603	OK	 
REQUEST	Load GraffiTab App	134		Notifications	1500221676558	1500221676610	OK	 
USER	Load GraffiTab App	142	START	1500221676647	1500221676647
REQUEST	Load GraffiTab App	139		Me	1500221676639	1500221676666	OK	 
REQUEST	Load GraffiTab App	141		Login	1500221676448	1500221676668	OK	 
REQUEST	Load GraffiTab App	131		Newest streamables	1500221676648	1500221676670	OK	 
USER	Load GraffiTab App	131	END	1500221674448	1500221676670
REQUEST	Load GraffiTab App	135		Get My Feed	1500221676669	1500221676700	OK	 
REQUEST	Load GraffiTab App	136		Unread notifications	1500221676720	1500221676750	OK	 
REQUEST	Load GraffiTab App	133		Trending	1500221676748	1500221676772	OK	 
REQUEST	Load GraffiTab App	140		Me	1500221676770	1500221676798	OK	 
REQUEST	Load GraffiTab App	132		Newest streamables	1500221676811	1500221676838	OK	 
USER	Load GraffiTab App	132	END	1500221674648	1500221676839
USER	Load GraffiTab App	143	START	1500221676848	1500221676848
REQUEST	Load GraffiTab App	137		Unread notifications	1500221676830	1500221676859	OK	 
REQUEST	Load GraffiTab App	142		Login	1500221676648	1500221676860	OK	 
REQUEST	Load GraffiTab App	138		Unread notifications	1500221676898	1500221676924	OK	 
REQUEST	Load GraffiTab App	134		Trending	1500221676908	1500221676955	OK	 
REQUEST	Load GraffiTab App	139		Unread notifications	1500221676970	1500221676999	OK	 
REQUEST	Load GraffiTab App	141		Me	1500221676980	1500221677022	OK	 
REQUEST	Load GraffiTab App	135		Notifications	1500221676999	1500221677035	OK	 
USER	Load GraffiTab App	144	START	1500221677048	1500221677048
REQUEST	Load GraffiTab App	133		Newest streamables	1500221677068	1500221677094	OK	 
USER	Load GraffiTab App	133	END	1500221674848	1500221677094
REQUEST	Load GraffiTab App	136		Get My Feed	1500221677048	1500221677100	OK	 
REQUEST	Load GraffiTab App	140		Unread notifications	1500221677098	1500221677123	OK	 
REQUEST	Load GraffiTab App	142		Me	1500221677178	1500221677210	OK	 
REQUEST	Load GraffiTab App	137		Get My Feed	1500221677160	1500221677210	OK	 
USER	Load GraffiTab App	145	START	1500221677248	1500221677248
REQUEST	Load GraffiTab App	138		Get My Feed	1500221677230	1500221677271	OK	 
REQUEST	Load GraffiTab App	134		Newest streamables	1500221677258	1500221677282	OK	 
USER	Load GraffiTab App	134	END	1500221675048	1500221677283
REQUEST	Load GraffiTab App	139		Get My Feed	1500221677298	1500221677326	OK	 
REQUEST	Load GraffiTab App	141		Unread notifications	1500221677329	1500221677354	OK	 
REQUEST	Load GraffiTab App	135		Trending	1500221677329	1500221677366	OK	 
REQUEST	Load GraffiTab App	143		Login	1500221676848	1500221677414	OK	 
REQUEST	Load GraffiTab App	136		Notifications	1500221677398	1500221677432	OK	 
USER	Load GraffiTab App	146	START	1500221677448	1500221677448
REQUEST	Load GraffiTab App	140		Get My Feed	1500221677428	1500221677454	OK	 
REQUEST	Load GraffiTab App	137		Notifications	1500221677509	1500221677545	OK	 
REQUEST	Load GraffiTab App	142		Unread notifications	1500221677519	1500221677550	OK	 
REQUEST	Load GraffiTab App	138		Notifications	1500221677571	1500221677599	OK	 
REQUEST	Load GraffiTab App	144		Login	1500221677048	1500221677601	OK	 
USER	Load GraffiTab App	147	START	1500221677648	1500221677648
REQUEST	Load GraffiTab App	139		Notifications	1500221677620	1500221677652	OK	 
REQUEST	Load GraffiTab App	135		Newest streamables	1500221677659	1500221677688	OK	 
REQUEST	Load GraffiTab App	141		Get My Feed	1500221677659	1500221677688	OK	 
USER	Load GraffiTab App	135	END	1500221675248	1500221677689
REQUEST	Load GraffiTab App	145		Login	1500221677249	1500221677700	OK	 
REQUEST	Load GraffiTab App	143		Me	1500221677730	1500221677755	OK	 
REQUEST	Load GraffiTab App	146		Login	1500221677448	1500221677755	OK	 
REQUEST	Load GraffiTab App	136		Trending	1500221677730	1500221677765	OK	 
REQUEST	Load GraffiTab App	140		Notifications	1500221677760	1500221677789	OK	 
USER	Load GraffiTab App	148	START	1500221677848	1500221677848
REQUEST	Load GraffiTab App	147		Login	1500221677649	1500221677864	OK	 
REQUEST	Load GraffiTab App	137		Trending	1500221677848	1500221677872	OK	 
REQUEST	Load GraffiTab App	142		Get My Feed	1500221677848	1500221677874	OK	 
REQUEST	Load GraffiTab App	138		Trending	1500221677900	1500221677922	OK	 
REQUEST	Load GraffiTab App	144		Me	1500221677919	1500221677949	OK	 
REQUEST	Load GraffiTab App	139		Trending	1500221677959	1500221677986	OK	 
REQUEST	Load GraffiTab App	141		Notifications	1500221677989	1500221678020	OK	 
REQUEST	Load GraffiTab App	145		Me	1500221678018	1500221678039	OK	 
REQUEST	Load GraffiTab App	148		Login	1500221677848	1500221678045	OK	 
USER	Load GraffiTab App	149	START	1500221678048	1500221678048
REQUEST	Load GraffiTab App	143		Unread notifications	1500221678058	1500221678089	OK	 
REQUEST	Load GraffiTab App	146		Me	1500221678069	1500221678092	OK	 
REQUEST	Load GraffiTab App	136		Newest streamables	1500221678058	1500221678103	OK	 
USER	Load GraffiTab App	136	END	1500221675448	1500221678104
REQUEST	Load GraffiTab App	140		Trending	1500221678089	1500221678113	OK	 
REQUEST	Load GraffiTab App	142		Notifications	1500221678170	1500221678199	OK	 
REQUEST	Load GraffiTab App	137		Newest streamables	1500221678170	1500221678219	OK	 
REQUEST	Load GraffiTab App	147		Me	1500221678180	1500221678219	OK	 
USER	Load GraffiTab App	137	END	1500221675648	1500221678220
REQUEST	Load GraffiTab App	138		Newest streamables	1500221678219	1500221678242	OK	 
USER	Load GraffiTab App	138	END	1500221675848	1500221678243
USER	Load GraffiTab App	150	START	1500221678260	1500221678260
REQUEST	Load GraffiTab App	139		Newest streamables	1500221678281	1500221678305	OK	 
USER	Load GraffiTab App	139	END	1500221676048	1500221678306
REQUEST	Load GraffiTab App	144		Unread notifications	1500221678260	1500221678319	OK	 
REQUEST	Load GraffiTab App	141		Trending	1500221678318	1500221678343	OK	 
REQUEST	Load GraffiTab App	148		Me	1500221678358	1500221678384	OK	 
REQUEST	Load GraffiTab App	145		Unread notifications	1500221678348	1500221678403	OK	 
REQUEST	Load GraffiTab App	146		Unread notifications	1500221678398	1500221678422	OK	 
REQUEST	Load GraffiTab App	143		Get My Feed	1500221678389	1500221678457	OK	 
REQUEST	Load GraffiTab App	140		Newest streamables	1500221678411	1500221678465	OK	 
USER	Load GraffiTab App	140	END	1500221676250	1500221678465
REQUEST	Load GraffiTab App	149		Login	1500221678048	1500221678526	OK	 
REQUEST	Load GraffiTab App	142		Trending	1500221678498	1500221678528	OK	 
REQUEST	Load GraffiTab App	147		Unread notifications	1500221678528	1500221678563	OK	 
REQUEST	Load GraffiTab App	144		Get My Feed	1500221678610	1500221678637	OK	 
REQUEST	Load GraffiTab App	150		Login	1500221678261	1500221678665	OK	 
REQUEST	Load GraffiTab App	141		Newest streamables	1500221678637	1500221678678	OK	 
USER	Load GraffiTab App	141	END	1500221676448	1500221678678
REQUEST	Load GraffiTab App	148		Unread notifications	1500221678689	1500221678718	OK	 
REQUEST	Load GraffiTab App	146		Get My Feed	1500221678718	1500221678745	OK	 
REQUEST	Load GraffiTab App	145		Get My Feed	1500221678699	1500221678748	OK	 
REQUEST	Load GraffiTab App	143		Notifications	1500221678770	1500221678810	OK	 
REQUEST	Load GraffiTab App	142		Newest streamables	1500221678828	1500221678858	OK	 
USER	Load GraffiTab App	142	END	1500221676647	1500221678859
REQUEST	Load GraffiTab App	149		Me	1500221678840	1500221678879	OK	 
REQUEST	Load GraffiTab App	147		Get My Feed	1500221678857	1500221678889	OK	 
REQUEST	Load GraffiTab App	144		Notifications	1500221678939	1500221678981	OK	 
REQUEST	Load GraffiTab App	150		Me	1500221678979	1500221679010	OK	 
REQUEST	Load GraffiTab App	148		Get My Feed	1500221679020	1500221679063	OK	 
REQUEST	Load GraffiTab App	145		Notifications	1500221679039	1500221679071	OK	 
REQUEST	Load GraffiTab App	146		Notifications	1500221679050	1500221679090	OK	 
REQUEST	Load GraffiTab App	143		Trending	1500221679098	1500221679134	OK	 
REQUEST	Load GraffiTab App	149		Unread notifications	1500221679189	1500221679221	OK	 
REQUEST	Load GraffiTab App	147		Notifications	1500221679189	1500221679232	OK	 
REQUEST	Load GraffiTab App	144		Trending	1500221679280	1500221679319	OK	 
REQUEST	Load GraffiTab App	150		Unread notifications	1500221679318	1500221679352	OK	 
REQUEST	Load GraffiTab App	148		Notifications	1500221679358	1500221679389	OK	 
REQUEST	Load GraffiTab App	145		Trending	1500221679380	1500221679410	OK	 
REQUEST	Load GraffiTab App	146		Trending	1500221679389	1500221679417	OK	 
REQUEST	Load GraffiTab App	143		Newest streamables	1500221679440	1500221679466	OK	 
USER	Load GraffiTab App	143	END	1500221676848	1500221679467
REQUEST	Load GraffiTab App	149		Get My Feed	1500221679520	1500221679559	OK	 
REQUEST	Load GraffiTab App	147		Trending	1500221679538	1500221679567	OK	 
REQUEST	Load GraffiTab App	144		Newest streamables	1500221679620	1500221679659	OK	 
USER	Load GraffiTab App	144	END	1500221677048	1500221679659
REQUEST	Load GraffiTab App	150		Get My Feed	1500221679650	1500221679677	OK	 
REQUEST	Load GraffiTab App	145		Newest streamables	1500221679708	1500221679737	OK	 
USER	Load GraffiTab App	145	END	1500221677248	1500221679738
REQUEST	Load GraffiTab App	148		Trending	1500221679698	1500221679750	OK	 
REQUEST	Load GraffiTab App	146		Newest streamables	1500221679718	1500221679765	OK	 
USER	Load GraffiTab App	146	END	1500221677448	1500221679766
REQUEST	Load GraffiTab App	149		Notifications	1500221679860	1500221679892	OK	 
REQUEST	Load GraffiTab App	147		Newest streamables	1500221679869	1500221679905	OK	 
USER	Load GraffiTab App	147	END	1500221677648	1500221679906
REQUEST	Load GraffiTab App	150		Notifications	1500221679970	1500221679996	OK	 
REQUEST	Load GraffiTab App	148		Newest streamables	1500221680049	1500221680088	OK	 
USER	Load GraffiTab App	148	END	1500221677848	1500221680089
REQUEST	Load GraffiTab App	149		Trending	1500221680190	1500221680215	OK	 
REQUEST	Load GraffiTab App	150		Trending	1500221680298	1500221680339	OK	 
REQUEST	Load GraffiTab App	149		Newest streamables	1500221680511	1500221680535	OK	 
USER	Load GraffiTab App	149	END	1500221678048	1500221680535
REQUEST	Load GraffiTab App	150		Newest streamables	1500221680639	1500221680681	OK	 
USER	Load GraffiTab App	150	END	1500221678260	1500221680681
