RUN	graffitab.LoadAppHome		loadapphome	1500221528122	 	2.0
USER	Load GraffiTab App	1	START	1500221528601	1500221528601
USER	Load GraffiTab App	2	START	1500221528817	1500221528817
REQUEST	Load GraffiTab App	1		Login	1500221528644	1500221528932	OK	 
USER	Load GraffiTab App	3	START	1500221529029	1500221529029
REQUEST	Load GraffiTab App	2		Login	1500221528817	1500221529146	OK	 
USER	Load GraffiTab App	4	START	1500221529228	1500221529228
REQUEST	Load GraffiTab App	3		Login	1500221529030	1500221529230	OK	 
REQUEST	Load GraffiTab App	1		Me	1500221529248	1500221529289	OK	 
USER	Load GraffiTab App	5	START	1500221529426	1500221529426
REQUEST	Load GraffiTab App	4		Login	1500221529229	1500221529456	OK	 
REQUEST	Load GraffiTab App	2		Me	1500221529463	1500221529496	OK	 
USER	Load GraffiTab App	6	START	1500221529627	1500221529627
REQUEST	Load GraffiTab App	3		Me	1500221529547	1500221529630	OK	 
REQUEST	Load GraffiTab App	1		Unread notifications	1500221529598	1500221529639	OK	 
REQUEST	Load GraffiTab App	4		Me	1500221529777	1500221529815	OK	 
USER	Load GraffiTab App	7	START	1500221529826	1500221529826
REQUEST	Load GraffiTab App	2		Unread notifications	1500221529796	1500221529866	OK	 
REQUEST	Load GraffiTab App	3		Unread notifications	1500221529937	1500221529970	OK	 
REQUEST	Load GraffiTab App	1		Get My Feed	1500221529937	1500221529998	OK	 
USER	Load GraffiTab App	8	START	1500221530028	1500221530028
REQUEST	Load GraffiTab App	7		Login	1500221529827	1500221530033	OK	 
REQUEST	Load GraffiTab App	4		Unread notifications	1500221530107	1500221530138	OK	 
USER	Load GraffiTab App	9	START	1500221530227	1500221530227
REQUEST	Load GraffiTab App	5		Login	1500221529427	1500221530244	OK	 
REQUEST	Load GraffiTab App	2		Get My Feed	1500221530177	1500221530256	OK	 
REQUEST	Load GraffiTab App	1		Notifications	1500221530296	1500221530335	OK	 
REQUEST	Load GraffiTab App	3		Get My Feed	1500221530267	1500221530344	OK	 
REQUEST	Load GraffiTab App	6		Login	1500221529627	1500221530392	OK	 
REQUEST	Load GraffiTab App	7		Me	1500221530348	1500221530396	OK	 
USER	Load GraffiTab App	10	START	1500221530427	1500221530427
REQUEST	Load GraffiTab App	9		Login	1500221530228	1500221530450	OK	 
REQUEST	Load GraffiTab App	4		Get My Feed	1500221530446	1500221530484	OK	 
REQUEST	Load GraffiTab App	2		Notifications	1500221530556	1500221530594	OK	 
REQUEST	Load GraffiTab App	5		Me	1500221530556	1500221530610	OK	 
USER	Load GraffiTab App	11	START	1500221530627	1500221530627
REQUEST	Load GraffiTab App	8		Login	1500221530028	1500221530667	OK	 
REQUEST	Load GraffiTab App	1		Trending	1500221530636	1500221530679	OK	 
REQUEST	Load GraffiTab App	3		Notifications	1500221530649	1500221530693	OK	 
REQUEST	Load GraffiTab App	6		Me	1500221530707	1500221530743	OK	 
REQUEST	Load GraffiTab App	7		Unread notifications	1500221530707	1500221530761	OK	 
REQUEST	Load GraffiTab App	4		Notifications	1500221530777	1500221530815	OK	 
USER	Load GraffiTab App	12	START	1500221530816	1500221530816
REQUEST	Load GraffiTab App	9		Me	1500221530767	1500221530822	OK	 
REQUEST	Load GraffiTab App	11		Login	1500221530628	1500221530854	OK	 
REQUEST	Load GraffiTab App	2		Trending	1500221530886	1500221530919	OK	 
REQUEST	Load GraffiTab App	5		Unread notifications	1500221530917	1500221530972	OK	 
REQUEST	Load GraffiTab App	10		Login	1500221530428	1500221530992	OK	 
USER	Load GraffiTab App	13	START	1500221531015	1500221531015
REQUEST	Load GraffiTab App	3		Trending	1500221530987	1500221531032	OK	 
REQUEST	Load GraffiTab App	8		Me	1500221530987	1500221531032	OK	 
REQUEST	Load GraffiTab App	1		Newest streamables	1500221530987	1500221531034	OK	 
USER	Load GraffiTab App	1	END	1500221528601	1500221531040
REQUEST	Load GraffiTab App	6		Unread notifications	1500221531046	1500221531079	OK	 
REQUEST	Load GraffiTab App	7		Get My Feed	1500221531058	1500221531109	OK	 
REQUEST	Load GraffiTab App	4		Trending	1500221531118	1500221531146	OK	 
REQUEST	Load GraffiTab App	9		Unread notifications	1500221531128	1500221531178	OK	 
REQUEST	Load GraffiTab App	11		Me	1500221531177	1500221531206	OK	 
USER	Load GraffiTab App	14	START	1500221531217	1500221531217
REQUEST	Load GraffiTab App	2		Newest streamables	1500221531218	1500221531308	OK	 
USER	Load GraffiTab App	2	END	1500221528817	1500221531310
REQUEST	Load GraffiTab App	5		Get My Feed	1500221531267	1500221531328	OK	 
REQUEST	Load GraffiTab App	10		Me	1500221531307	1500221531338	OK	 
REQUEST	Load GraffiTab App	3		Newest streamables	1500221531337	1500221531379	OK	 
USER	Load GraffiTab App	3	END	1500221529029	1500221531380
USER	Load GraffiTab App	15	START	1500221531416	1500221531416
REQUEST	Load GraffiTab App	8		Unread notifications	1500221531327	1500221531422	OK	 
REQUEST	Load GraffiTab App	7		Notifications	1500221531408	1500221531451	OK	 
REQUEST	Load GraffiTab App	14		Login	1500221531218	1500221531459	OK	 
REQUEST	Load GraffiTab App	4		Newest streamables	1500221531458	1500221531487	OK	 
USER	Load GraffiTab App	4	END	1500221529228	1500221531489
REQUEST	Load GraffiTab App	6		Get My Feed	1500221531389	1500221531515	OK	 
REQUEST	Load GraffiTab App	11		Unread notifications	1500221531509	1500221531551	OK	 
REQUEST	Load GraffiTab App	9		Get My Feed	1500221531476	1500221531595	OK	 
USER	Load GraffiTab App	16	START	1500221531618	1500221531618
REQUEST	Load GraffiTab App	12		Login	1500221530816	1500221531726	OK	 
REQUEST	Load GraffiTab App	8		Get My Feed	1500221531728	1500221531758	OK	 
REQUEST	Load GraffiTab App	10		Unread notifications	1500221531646	1500221531772	OK	 
REQUEST	Load GraffiTab App	5		Notifications	1500221531637	1500221531779	OK	 
REQUEST	Load GraffiTab App	14		Me	1500221531777	1500221531808	OK	 
USER	Load GraffiTab App	17	START	1500221531817	1500221531817
REQUEST	Load GraffiTab App	16		Login	1500221531619	1500221531838	OK	 
REQUEST	Load GraffiTab App	7		Trending	1500221531746	1500221531845	OK	 
REQUEST	Load GraffiTab App	6		Notifications	1500221531807	1500221531886	OK	 
REQUEST	Load GraffiTab App	11		Get My Feed	1500221531848	1500221531910	OK	 
REQUEST	Load GraffiTab App	9		Notifications	1500221531886	1500221531937	OK	 
REQUEST	Load GraffiTab App	13		Login	1500221531016	1500221531997	OK	 
USER	Load GraffiTab App	18	START	1500221532017	1500221532017
REQUEST	Load GraffiTab App	12		Me	1500221532046	1500221532084	OK	 
REQUEST	Load GraffiTab App	8		Notifications	1500221532066	1500221532107	OK	 
REQUEST	Load GraffiTab App	17		Login	1500221531817	1500221532107	OK	 
REQUEST	Load GraffiTab App	10		Get My Feed	1500221532066	1500221532127	OK	 
REQUEST	Load GraffiTab App	5		Trending	1500221532078	1500221532129	OK	 
REQUEST	Load GraffiTab App	14		Unread notifications	1500221532116	1500221532147	OK	 
REQUEST	Load GraffiTab App	16		Me	1500221532157	1500221532185	OK	 
REQUEST	Load GraffiTab App	7		Newest streamables	1500221532146	1500221532187	OK	 
USER	Load GraffiTab App	7	END	1500221529826	1500221532189
USER	Load GraffiTab App	19	START	1500221532216	1500221532216
REQUEST	Load GraffiTab App	6		Trending	1500221532186	1500221532245	OK	 
REQUEST	Load GraffiTab App	11		Notifications	1500221532208	1500221532246	OK	 
REQUEST	Load GraffiTab App	9		Trending	1500221532246	1500221532278	OK	 
REQUEST	Load GraffiTab App	15		Login	1500221531417	1500221532290	OK	 
REQUEST	Load GraffiTab App	13		Me	1500221532317	1500221532368	OK	 
USER	Load GraffiTab App	20	START	1500221532416	1500221532416
REQUEST	Load GraffiTab App	12		Unread notifications	1500221532389	1500221532434	OK	 
REQUEST	Load GraffiTab App	8		Trending	1500221532406	1500221532464	OK	 
REQUEST	Load GraffiTab App	17		Me	1500221532427	1500221532481	OK	 
REQUEST	Load GraffiTab App	14		Get My Feed	1500221532447	1500221532494	OK	 
REQUEST	Load GraffiTab App	10		Notifications	1500221532438	1500221532496	OK	 
REQUEST	Load GraffiTab App	5		Newest streamables	1500221532438	1500221532500	OK	 
USER	Load GraffiTab App	5	END	1500221529426	1500221532501
REQUEST	Load GraffiTab App	16		Unread notifications	1500221532486	1500221532543	OK	 
REQUEST	Load GraffiTab App	6		Newest streamables	1500221532548	1500221532582	OK	 
USER	Load GraffiTab App	6	END	1500221529627	1500221532583
REQUEST	Load GraffiTab App	9		Newest streamables	1500221532578	1500221532614	OK	 
USER	Load GraffiTab App	9	END	1500221530227	1500221532615
USER	Load GraffiTab App	21	START	1500221532617	1500221532617
REQUEST	Load GraffiTab App	11		Trending	1500221532556	1500221532621	OK	 
REQUEST	Load GraffiTab App	15		Me	1500221532608	1500221532702	OK	 
REQUEST	Load GraffiTab App	13		Unread notifications	1500221532666	1500221532744	OK	 
REQUEST	Load GraffiTab App	12		Get My Feed	1500221532728	1500221532765	OK	 
REQUEST	Load GraffiTab App	18		Login	1500221532017	1500221532791	OK	 
REQUEST	Load GraffiTab App	17		Unread notifications	1500221532777	1500221532805	OK	 
USER	Load GraffiTab App	22	START	1500221532815	1500221532815
REQUEST	Load GraffiTab App	10		Trending	1500221532796	1500221532824	OK	 
REQUEST	Load GraffiTab App	8		Newest streamables	1500221532758	1500221532824	OK	 
USER	Load GraffiTab App	8	END	1500221530028	1500221532824
REQUEST	Load GraffiTab App	14		Notifications	1500221532786	1500221532844	OK	 
REQUEST	Load GraffiTab App	16		Get My Feed	1500221532837	1500221532890	OK	 
REQUEST	Load GraffiTab App	21		Login	1500221532618	1500221532913	OK	 
REQUEST	Load GraffiTab App	19		Login	1500221532217	1500221532934	OK	 
REQUEST	Load GraffiTab App	11		Newest streamables	1500221532917	1500221532966	OK	 
USER	Load GraffiTab App	11	END	1500221530627	1500221532967
USER	Load GraffiTab App	23	START	1500221533019	1500221533019
REQUEST	Load GraffiTab App	22		Login	1500221532816	1500221533041	OK	 
REQUEST	Load GraffiTab App	15		Unread notifications	1500221533007	1500221533042	OK	 
REQUEST	Load GraffiTab App	20		Login	1500221532417	1500221533073	OK	 
REQUEST	Load GraffiTab App	13		Get My Feed	1500221533048	1500221533080	OK	 
REQUEST	Load GraffiTab App	12		Notifications	1500221533078	1500221533117	OK	 
REQUEST	Load GraffiTab App	10		Newest streamables	1500221533116	1500221533142	OK	 
REQUEST	Load GraffiTab App	17		Get My Feed	1500221533107	1500221533143	OK	 
USER	Load GraffiTab App	10	END	1500221530427	1500221533144
REQUEST	Load GraffiTab App	18		Me	1500221533107	1500221533148	OK	 
REQUEST	Load GraffiTab App	14		Trending	1500221533146	1500221533188	OK	 
USER	Load GraffiTab App	24	START	1500221533216	1500221533216
REQUEST	Load GraffiTab App	16		Notifications	1500221533198	1500221533230	OK	 
REQUEST	Load GraffiTab App	21		Me	1500221533227	1500221533271	OK	 
REQUEST	Load GraffiTab App	19		Me	1500221533247	1500221533286	OK	 
REQUEST	Load GraffiTab App	15		Get My Feed	1500221533337	1500221533384	OK	 
REQUEST	Load GraffiTab App	22		Me	1500221533357	1500221533400	OK	 
REQUEST	Load GraffiTab App	13		Notifications	1500221533378	1500221533413	OK	 
USER	Load GraffiTab App	25	START	1500221533417	1500221533417
REQUEST	Load GraffiTab App	20		Me	1500221533387	1500221533422	OK	 
REQUEST	Load GraffiTab App	12		Trending	1500221533409	1500221533443	OK	 
REQUEST	Load GraffiTab App	23		Login	1500221533019	1500221533462	OK	 
REQUEST	Load GraffiTab App	17		Notifications	1500221533449	1500221533494	OK	 
REQUEST	Load GraffiTab App	18		Unread notifications	1500221533458	1500221533508	OK	 
REQUEST	Load GraffiTab App	14		Newest streamables	1500221533498	1500221533532	OK	 
USER	Load GraffiTab App	14	END	1500221531217	1500221533534
REQUEST	Load GraffiTab App	16		Trending	1500221533528	1500221533564	OK	 
REQUEST	Load GraffiTab App	24		Login	1500221533217	1500221533578	OK	 
REQUEST	Load GraffiTab App	21		Unread notifications	1500221533577	1500221533607	OK	 
USER	Load GraffiTab App	26	START	1500221533616	1500221533616
REQUEST	Load GraffiTab App	19		Unread notifications	1500221533597	1500221533641	OK	 
REQUEST	Load GraffiTab App	15		Notifications	1500221533687	1500221533742	OK	 
REQUEST	Load GraffiTab App	22		Unread notifications	1500221533708	1500221533746	OK	 
REQUEST	Load GraffiTab App	13		Trending	1500221533708	1500221533752	OK	 
REQUEST	Load GraffiTab App	20		Unread notifications	1500221533727	1500221533758	OK	 
REQUEST	Load GraffiTab App	12		Newest streamables	1500221533737	1500221533780	OK	 
USER	Load GraffiTab App	12	END	1500221530816	1500221533780
REQUEST	Load GraffiTab App	23		Me	1500221533778	1500221533808	OK	 
USER	Load GraffiTab App	27	START	1500221533825	1500221533825
REQUEST	Load GraffiTab App	17		Trending	1500221533788	1500221533827	OK	 
REQUEST	Load GraffiTab App	18		Get My Feed	1500221533807	1500221533840	OK	 
REQUEST	Load GraffiTab App	25		Login	1500221533417	1500221533845	OK	 
REQUEST	Load GraffiTab App	16		Newest streamables	1500221533866	1500221533928	OK	 
USER	Load GraffiTab App	16	END	1500221531618	1500221533929
REQUEST	Load GraffiTab App	26		Login	1500221533617	1500221533930	OK	 
REQUEST	Load GraffiTab App	24		Me	1500221533896	1500221533934	OK	 
REQUEST	Load GraffiTab App	21		Get My Feed	1500221533907	1500221533941	OK	 
REQUEST	Load GraffiTab App	19		Get My Feed	1500221533937	1500221533981	OK	 
USER	Load GraffiTab App	28	START	1500221534028	1500221534028
REQUEST	Load GraffiTab App	15		Trending	1500221534047	1500221534089	OK	 
REQUEST	Load GraffiTab App	22		Get My Feed	1500221534047	1500221534097	OK	 
REQUEST	Load GraffiTab App	13		Newest streamables	1500221534057	1500221534099	OK	 
USER	Load GraffiTab App	13	END	1500221531015	1500221534100
REQUEST	Load GraffiTab App	20		Get My Feed	1500221534066	1500221534119	OK	 
REQUEST	Load GraffiTab App	23		Unread notifications	1500221534117	1500221534170	OK	 
REQUEST	Load GraffiTab App	18		Notifications	1500221534137	1500221534173	OK	 
REQUEST	Load GraffiTab App	17		Newest streamables	1500221534137	1500221534178	OK	 
USER	Load GraffiTab App	17	END	1500221531817	1500221534179
REQUEST	Load GraffiTab App	25		Me	1500221534157	1500221534188	OK	 
USER	Load GraffiTab App	29	START	1500221534227	1500221534227
REQUEST	Load GraffiTab App	24		Unread notifications	1500221534237	1500221534308	OK	 
REQUEST	Load GraffiTab App	28		Login	1500221534029	1500221534320	OK	 
REQUEST	Load GraffiTab App	26		Me	1500221534248	1500221534323	OK	 
REQUEST	Load GraffiTab App	21		Notifications	1500221534248	1500221534330	OK	 
REQUEST	Load GraffiTab App	27		Login	1500221533826	1500221534343	OK	 
REQUEST	Load GraffiTab App	19		Notifications	1500221534287	1500221534346	OK	 
USER	Load GraffiTab App	30	START	1500221534427	1500221534427
REQUEST	Load GraffiTab App	15		Newest streamables	1500221534386	1500221534432	OK	 
USER	Load GraffiTab App	15	END	1500221531416	1500221534433
REQUEST	Load GraffiTab App	22		Notifications	1500221534397	1500221534433	OK	 
REQUEST	Load GraffiTab App	20		Notifications	1500221534417	1500221534463	OK	 
REQUEST	Load GraffiTab App	23		Get My Feed	1500221534467	1500221534500	OK	 
REQUEST	Load GraffiTab App	18		Trending	1500221534467	1500221534518	OK	 
REQUEST	Load GraffiTab App	25		Unread notifications	1500221534498	1500221534537	OK	 
REQUEST	Load GraffiTab App	29		Login	1500221534228	1500221534589	OK	 
USER	Load GraffiTab App	31	START	1500221534626	1500221534626
REQUEST	Load GraffiTab App	21		Trending	1500221534626	1500221534657	OK	 
REQUEST	Load GraffiTab App	28		Me	1500221534637	1500221534662	OK	 
REQUEST	Load GraffiTab App	24		Get My Feed	1500221534609	1500221534663	OK	 
REQUEST	Load GraffiTab App	26		Unread notifications	1500221534626	1500221534677	OK	 
REQUEST	Load GraffiTab App	27		Me	1500221534657	1500221534693	OK	 
REQUEST	Load GraffiTab App	19		Trending	1500221534637	1500221534693	OK	 
REQUEST	Load GraffiTab App	22		Trending	1500221534728	1500221534768	OK	 
REQUEST	Load GraffiTab App	20		Trending	1500221534758	1500221534796	OK	 
USER	Load GraffiTab App	32	START	1500221534828	1500221534828
REQUEST	Load GraffiTab App	23		Notifications	1500221534796	1500221534830	OK	 
REQUEST	Load GraffiTab App	25		Get My Feed	1500221534838	1500221534875	OK	 
REQUEST	Load GraffiTab App	18		Newest streamables	1500221534829	1500221534886	OK	 
USER	Load GraffiTab App	18	END	1500221532017	1500221534888
REQUEST	Load GraffiTab App	31		Login	1500221534626	1500221534904	OK	 
REQUEST	Load GraffiTab App	29		Me	1500221534909	1500221534935	OK	 
REQUEST	Load GraffiTab App	30		Login	1500221534427	1500221534982	OK	 
REQUEST	Load GraffiTab App	24		Notifications	1500221534956	1500221534987	OK	 
REQUEST	Load GraffiTab App	26		Get My Feed	1500221534977	1500221535006	OK	 
REQUEST	Load GraffiTab App	19		Newest streamables	1500221534996	1500221535021	OK	 
USER	Load GraffiTab App	19	END	1500221532216	1500221535024
REQUEST	Load GraffiTab App	28		Unread notifications	1500221534966	1500221535023	OK	 
REQUEST	Load GraffiTab App	21		Newest streamables	1500221534956	1500221535026	OK	 
USER	Load GraffiTab App	21	END	1500221532617	1500221535026
USER	Load GraffiTab App	33	START	1500221535027	1500221535027
REQUEST	Load GraffiTab App	27		Unread notifications	1500221534996	1500221535046	OK	 
REQUEST	Load GraffiTab App	22		Newest streamables	1500221535066	1500221535097	OK	 
USER	Load GraffiTab App	22	END	1500221532815	1500221535098
REQUEST	Load GraffiTab App	20		Newest streamables	1500221535106	1500221535150	OK	 
USER	Load GraffiTab App	20	END	1500221532416	1500221535151
REQUEST	Load GraffiTab App	23		Trending	1500221535137	1500221535166	OK	 
REQUEST	Load GraffiTab App	25		Notifications	1500221535166	1500221535216	OK	 
USER	Load GraffiTab App	34	START	1500221535227	1500221535227
REQUEST	Load GraffiTab App	31		Me	1500221535217	1500221535251	OK	 
REQUEST	Load GraffiTab App	29		Unread notifications	1500221535228	1500221535277	OK	 
REQUEST	Load GraffiTab App	24		Trending	1500221535297	1500221535330	OK	 
REQUEST	Load GraffiTab App	30		Me	1500221535297	1500221535351	OK	 
REQUEST	Load GraffiTab App	28		Get My Feed	1500221535318	1500221535354	OK	 
REQUEST	Load GraffiTab App	26		Notifications	1500221535306	1500221535363	OK	 
REQUEST	Load GraffiTab App	27		Get My Feed	1500221535358	1500221535400	OK	 
USER	Load GraffiTab App	35	START	1500221535426	1500221535426
REQUEST	Load GraffiTab App	23		Newest streamables	1500221535468	1500221535513	OK	 
USER	Load GraffiTab App	23	END	1500221533019	1500221535514
REQUEST	Load GraffiTab App	32		Login	1500221534829	1500221535526	OK	 
REQUEST	Load GraffiTab App	25		Trending	1500221535518	1500221535556	OK	 
REQUEST	Load GraffiTab App	31		Unread notifications	1500221535556	1500221535593	OK	 
REQUEST	Load GraffiTab App	34		Login	1500221535228	1500221535609	OK	 
REQUEST	Load GraffiTab App	29		Get My Feed	1500221535587	1500221535625	OK	 
USER	Load GraffiTab App	36	START	1500221535627	1500221535627
REQUEST	Load GraffiTab App	33		Login	1500221535028	1500221535694	OK	 
REQUEST	Load GraffiTab App	26		Trending	1500221535657	1500221535700	OK	 
REQUEST	Load GraffiTab App	30		Unread notifications	1500221535657	1500221535707	OK	 
REQUEST	Load GraffiTab App	24		Newest streamables	1500221535627	1500221535707	OK	 
USER	Load GraffiTab App	24	END	1500221533216	1500221535708
REQUEST	Load GraffiTab App	28		Notifications	1500221535657	1500221535711	OK	 
REQUEST	Load GraffiTab App	27		Notifications	1500221535696	1500221535739	OK	 
USER	Load GraffiTab App	37	START	1500221535818	1500221535818
REQUEST	Load GraffiTab App	32		Me	1500221535846	1500221535885	OK	 
REQUEST	Load GraffiTab App	35		Login	1500221535426	1500221535905	OK	 
REQUEST	Load GraffiTab App	25		Newest streamables	1500221535868	1500221535913	OK	 
USER	Load GraffiTab App	25	END	1500221533417	1500221535914
REQUEST	Load GraffiTab App	31		Get My Feed	1500221535896	1500221535935	OK	 
REQUEST	Load GraffiTab App	34		Me	1500221535928	1500221535964	OK	 
REQUEST	Load GraffiTab App	29		Notifications	1500221535917	1500221535969	OK	 
USER	Load GraffiTab App	38	START	1500221536017	1500221536017
REQUEST	Load GraffiTab App	30		Get My Feed	1500221536007	1500221536039	OK	 
REQUEST	Load GraffiTab App	28		Trending	1500221536017	1500221536042	OK	 
REQUEST	Load GraffiTab App	33		Me	1500221536007	1500221536070	OK	 
REQUEST	Load GraffiTab App	26		Newest streamables	1500221536007	1500221536072	OK	 
USER	Load GraffiTab App	26	END	1500221533616	1500221536073
REQUEST	Load GraffiTab App	36		Login	1500221535627	1500221536073	OK	 
REQUEST	Load GraffiTab App	27		Trending	1500221536038	1500221536090	OK	 
REQUEST	Load GraffiTab App	38		Login	1500221536017	1500221536204	OK	 
USER	Load GraffiTab App	39	START	1500221536218	1500221536218
REQUEST	Load GraffiTab App	32		Unread notifications	1500221536186	1500221536225	OK	 
REQUEST	Load GraffiTab App	35		Me	1500221536219	1500221536245	OK	 
REQUEST	Load GraffiTab App	31		Notifications	1500221536226	1500221536291	OK	 
REQUEST	Load GraffiTab App	34		Unread notifications	1500221536258	1500221536306	OK	 
REQUEST	Load GraffiTab App	29		Trending	1500221536276	1500221536320	OK	 
REQUEST	Load GraffiTab App	37		Login	1500221535818	1500221536336	OK	 
REQUEST	Load GraffiTab App	28		Newest streamables	1500221536337	1500221536368	OK	 
USER	Load GraffiTab App	28	END	1500221534028	1500221536369
REQUEST	Load GraffiTab App	36		Me	1500221536387	1500221536416	OK	 
USER	Load GraffiTab App	40	START	1500221536418	1500221536418
REQUEST	Load GraffiTab App	30		Notifications	1500221536337	1500221536431	OK	 
REQUEST	Load GraffiTab App	33		Unread notifications	1500221536377	1500221536458	OK	 
REQUEST	Load GraffiTab App	27		Newest streamables	1500221536387	1500221536459	OK	 
REQUEST	Load GraffiTab App	39		Login	1500221536219	1500221536459	OK	 
USER	Load GraffiTab App	27	END	1500221533825	1500221536460
REQUEST	Load GraffiTab App	38		Me	1500221536517	1500221536577	OK	 
REQUEST	Load GraffiTab App	32		Get My Feed	1500221536526	1500221536577	OK	 
REQUEST	Load GraffiTab App	35		Unread notifications	1500221536547	1500221536606	OK	 
USER	Load GraffiTab App	41	START	1500221536618	1500221536618
REQUEST	Load GraffiTab App	31		Trending	1500221536597	1500221536627	OK	 
REQUEST	Load GraffiTab App	29		Newest streamables	1500221536619	1500221536646	OK	 
USER	Load GraffiTab App	29	END	1500221534227	1500221536646
REQUEST	Load GraffiTab App	40		Login	1500221536418	1500221536648	OK	 
REQUEST	Load GraffiTab App	37		Me	1500221536656	1500221536686	OK	 
REQUEST	Load GraffiTab App	34		Get My Feed	1500221536619	1500221536688	OK	 
REQUEST	Load GraffiTab App	30		Trending	1500221536737	1500221536764	OK	 
REQUEST	Load GraffiTab App	36		Unread notifications	1500221536718	1500221536796	OK	 
REQUEST	Load GraffiTab App	39		Me	1500221536779	1500221536804	OK	 
USER	Load GraffiTab App	42	START	1500221536828	1500221536828
REQUEST	Load GraffiTab App	33		Get My Feed	1500221536766	1500221536844	OK	 
REQUEST	Load GraffiTab App	32		Notifications	1500221536878	1500221536913	OK	 
REQUEST	Load GraffiTab App	38		Unread notifications	1500221536886	1500221536932	OK	 
REQUEST	Load GraffiTab App	35		Get My Feed	1500221536916	1500221536942	OK	 
REQUEST	Load GraffiTab App	31		Newest streamables	1500221536936	1500221536982	OK	 
USER	Load GraffiTab App	31	END	1500221534626	1500221536983
REQUEST	Load GraffiTab App	40		Me	1500221536967	1500221537002	OK	 
REQUEST	Load GraffiTab App	34		Notifications	1500221536988	1500221537019	OK	 
USER	Load GraffiTab App	43	START	1500221537027	1500221537027
REQUEST	Load GraffiTab App	37		Unread notifications	1500221536988	1500221537029	OK	 
REQUEST	Load GraffiTab App	30		Newest streamables	1500221537057	1500221537086	OK	 
USER	Load GraffiTab App	30	END	1500221534427	1500221537086
REQUEST	Load GraffiTab App	36		Get My Feed	1500221537109	1500221537140	OK	 
REQUEST	Load GraffiTab App	39		Unread notifications	1500221537097	1500221537159	OK	 
REQUEST	Load GraffiTab App	33		Notifications	1500221537138	1500221537192	OK	 
USER	Load GraffiTab App	44	START	1500221537228	1500221537228
REQUEST	Load GraffiTab App	32		Trending	1500221537208	1500221537245	OK	 
REQUEST	Load GraffiTab App	35		Notifications	1500221537236	1500221537269	OK	 
REQUEST	Load GraffiTab App	38		Get My Feed	1500221537228	1500221537293	OK	 
REQUEST	Load GraffiTab App	40		Unread notifications	1500221537307	1500221537335	OK	 
REQUEST	Load GraffiTab App	37		Get My Feed	1500221537328	1500221537358	OK	 
REQUEST	Load GraffiTab App	34		Trending	1500221537319	1500221537372	OK	 
REQUEST	Load GraffiTab App	41		Login	1500221536619	1500221537384	OK	 
USER	Load GraffiTab App	45	START	1500221537426	1500221537426
REQUEST	Load GraffiTab App	33		Trending	1500221537486	1500221537521	OK	 
REQUEST	Load GraffiTab App	36		Notifications	1500221537426	1500221537527	OK	 
REQUEST	Load GraffiTab App	39		Get My Feed	1500221537467	1500221537601	OK	 
USER	Load GraffiTab App	46	START	1500221537626	1500221537626
REQUEST	Load GraffiTab App	42		Login	1500221536828	1500221537627	OK	 
REQUEST	Load GraffiTab App	32		Newest streamables	1500221537548	1500221537630	OK	 
USER	Load GraffiTab App	32	END	1500221534828	1500221537631
REQUEST	Load GraffiTab App	35		Trending	1500221537578	1500221537637	OK	 
REQUEST	Load GraffiTab App	38		Notifications	1500221537598	1500221537657	OK	 
REQUEST	Load GraffiTab App	40		Get My Feed	1500221537637	1500221537667	OK	 
REQUEST	Load GraffiTab App	45		Login	1500221537426	1500221537690	OK	 
REQUEST	Load GraffiTab App	37		Notifications	1500221537666	1500221537703	OK	 
REQUEST	Load GraffiTab App	34		Newest streamables	1500221537666	1500221537712	OK	 
USER	Load GraffiTab App	34	END	1500221535227	1500221537712
REQUEST	Load GraffiTab App	41		Me	1500221537697	1500221537729	OK	 
USER	Load GraffiTab App	47	START	1500221537826	1500221537826
REQUEST	Load GraffiTab App	43		Login	1500221537028	1500221537852	OK	 
REQUEST	Load GraffiTab App	36		Trending	1500221537837	1500221537863	OK	 
REQUEST	Load GraffiTab App	33		Newest streamables	1500221537826	1500221537877	OK	 
USER	Load GraffiTab App	33	END	1500221535027	1500221537878
REQUEST	Load GraffiTab App	39		Notifications	1500221537897	1500221537925	OK	 
REQUEST	Load GraffiTab App	42		Me	1500221537947	1500221537971	OK	 
REQUEST	Load GraffiTab App	40		Notifications	1500221537967	1500221537996	OK	 
USER	Load GraffiTab App	48	START	1500221538028	1500221538028
REQUEST	Load GraffiTab App	45		Me	1500221538008	1500221538035	OK	 
REQUEST	Load GraffiTab App	35		Newest streamables	1500221537937	1500221538048	OK	 
USER	Load GraffiTab App	35	END	1500221535426	1500221538048
REQUEST	Load GraffiTab App	38		Trending	1500221537958	1500221538050	OK	 
REQUEST	Load GraffiTab App	37		Trending	1500221537997	1500221538085	OK	 
REQUEST	Load GraffiTab App	41		Unread notifications	1500221538038	1500221538090	OK	 
REQUEST	Load GraffiTab App	44		Login	1500221537228	1500221538136	OK	 
REQUEST	Load GraffiTab App	43		Me	1500221538166	1500221538202	OK	 
REQUEST	Load GraffiTab App	36		Newest streamables	1500221538158	1500221538204	OK	 
USER	Load GraffiTab App	36	END	1500221535627	1500221538205
USER	Load GraffiTab App	49	START	1500221538226	1500221538226
REQUEST	Load GraffiTab App	48		Login	1500221538029	1500221538227	OK	 
REQUEST	Load GraffiTab App	39		Trending	1500221538237	1500221538286	OK	 
REQUEST	Load GraffiTab App	40		Trending	1500221538286	1500221538315	OK	 
REQUEST	Load GraffiTab App	42		Unread notifications	1500221538276	1500221538325	OK	 
REQUEST	Load GraffiTab App	38		Newest streamables	1500221538346	1500221538384	OK	 
USER	Load GraffiTab App	38	END	1500221536017	1500221538385
REQUEST	Load GraffiTab App	37		Newest streamables	1500221538387	1500221538415	OK	 
USER	Load GraffiTab App	37	END	1500221535818	1500221538415
USER	Load GraffiTab App	50	START	1500221538428	1500221538428
REQUEST	Load GraffiTab App	46		Login	1500221537627	1500221538429	OK	 
REQUEST	Load GraffiTab App	45		Unread notifications	1500221538337	1500221538433	OK	 
REQUEST	Load GraffiTab App	49		Login	1500221538226	1500221538452	OK	 
REQUEST	Load GraffiTab App	44		Me	1500221538457	1500221538482	OK	 
REQUEST	Load GraffiTab App	41		Get My Feed	1500221538387	1500221538507	OK	 
REQUEST	Load GraffiTab App	48		Me	1500221538549	1500221538575	OK	 
REQUEST	Load GraffiTab App	43		Unread notifications	1500221538507	1500221538594	OK	 
USER	Load GraffiTab App	51	START	1500221538627	1500221538627
REQUEST	Load GraffiTab App	42		Get My Feed	1500221538619	1500221538646	OK	 
REQUEST	Load GraffiTab App	46		Me	1500221538749	1500221538781	OK	 
USER	Load GraffiTab App	52	START	1500221538816	1500221538816
REQUEST	Load GraffiTab App	44		Unread notifications	1500221538777	1500221538821	OK	 
REQUEST	Load GraffiTab App	39		Newest streamables	1500221538587	1500221538831	OK	 
USER	Load GraffiTab App	39	END	1500221536218	1500221538833
REQUEST	Load GraffiTab App	40		Newest streamables	1500221538619	1500221538844	OK	 
USER	Load GraffiTab App	40	END	1500221536418	1500221538845
REQUEST	Load GraffiTab App	51		Login	1500221538627	1500221538854	OK	 
REQUEST	Load GraffiTab App	49		Me	1500221538768	1500221538873	OK	 
REQUEST	Load GraffiTab App	45		Get My Feed	1500221538736	1500221538876	OK	 
REQUEST	Load GraffiTab App	41		Notifications	1500221538816	1500221538877	OK	 
REQUEST	Load GraffiTab App	48		Unread notifications	1500221538868	1500221538921	OK	 
REQUEST	Load GraffiTab App	43		Get My Feed	1500221538887	1500221538921	OK	 
REQUEST	Load GraffiTab App	47		Login	1500221537826	1500221538927	OK	 
REQUEST	Load GraffiTab App	42		Notifications	1500221538958	1500221539003	OK	 
REQUEST	Load GraffiTab App	52		Login	1500221538816	1500221539014	OK	 
USER	Load GraffiTab App	53	START	1500221539019	1500221539019
REQUEST	Load GraffiTab App	46		Unread notifications	1500221539087	1500221539129	OK	 
REQUEST	Load GraffiTab App	44		Get My Feed	1500221539128	1500221539161	OK	 
USER	Load GraffiTab App	54	START	1500221539216	1500221539216
REQUEST	Load GraffiTab App	49		Unread notifications	1500221539177	1500221539216	OK	 
REQUEST	Load GraffiTab App	45		Notifications	1500221539177	1500221539217	OK	 
REQUEST	Load GraffiTab App	51		Me	1500221539169	1500221539219	OK	 
REQUEST	Load GraffiTab App	41		Trending	1500221539177	1500221539220	OK	 
REQUEST	Load GraffiTab App	53		Login	1500221539019	1500221539240	OK	 
REQUEST	Load GraffiTab App	50		Login	1500221538429	1500221539240	OK	 
REQUEST	Load GraffiTab App	48		Get My Feed	1500221539226	1500221539257	OK	 
REQUEST	Load GraffiTab App	43		Notifications	1500221539226	1500221539278	OK	 
REQUEST	Load GraffiTab App	47		Me	1500221539248	1500221539278	OK	 
REQUEST	Load GraffiTab App	42		Trending	1500221539296	1500221539346	OK	 
REQUEST	Load GraffiTab App	52		Me	1500221539326	1500221539350	OK	 
USER	Load GraffiTab App	55	START	1500221539417	1500221539417
REQUEST	Load GraffiTab App	46		Get My Feed	1500221539428	1500221539466	OK	 
REQUEST	Load GraffiTab App	44		Notifications	1500221539457	1500221539502	OK	 
REQUEST	Load GraffiTab App	51		Unread notifications	1500221539527	1500221539553	OK	 
REQUEST	Load GraffiTab App	41		Newest streamables	1500221539517	1500221539553	OK	 
USER	Load GraffiTab App	41	END	1500221536618	1500221539553
REQUEST	Load GraffiTab App	45		Trending	1500221539517	1500221539572	OK	 
REQUEST	Load GraffiTab App	49		Get My Feed	1500221539527	1500221539581	OK	 
REQUEST	Load GraffiTab App	50		Me	1500221539557	1500221539593	OK	 
REQUEST	Load GraffiTab App	53		Me	1500221539557	1500221539593	OK	 
REQUEST	Load GraffiTab App	48		Notifications	1500221539557	1500221539614	OK	 
REQUEST	Load GraffiTab App	47		Unread notifications	1500221539576	1500221539614	OK	 
USER	Load GraffiTab App	56	START	1500221539617	1500221539617
REQUEST	Load GraffiTab App	43		Trending	1500221539586	1500221539625	OK	 
REQUEST	Load GraffiTab App	42		Newest streamables	1500221539638	1500221539672	OK	 
USER	Load GraffiTab App	42	END	1500221536828	1500221539673
REQUEST	Load GraffiTab App	55		Login	1500221539417	1500221539677	OK	 
REQUEST	Load GraffiTab App	52		Unread notifications	1500221539657	1500221539692	OK	 
REQUEST	Load GraffiTab App	54		Login	1500221539216	1500221539703	OK	 
REQUEST	Load GraffiTab App	46		Notifications	1500221539768	1500221539809	OK	 
REQUEST	Load GraffiTab App	56		Login	1500221539617	1500221539818	OK	 
USER	Load GraffiTab App	57	START	1500221539826	1500221539826
REQUEST	Load GraffiTab App	44		Trending	1500221539807	1500221539834	OK	 
REQUEST	Load GraffiTab App	51		Get My Feed	1500221539846	1500221539877	OK	 
REQUEST	Load GraffiTab App	45		Newest streamables	1500221539866	1500221539897	OK	 
USER	Load GraffiTab App	45	END	1500221537426	1500221539898
REQUEST	Load GraffiTab App	49		Notifications	1500221539866	1500221539900	OK	 
REQUEST	Load GraffiTab App	53		Unread notifications	1500221539896	1500221539932	OK	 
REQUEST	Load GraffiTab App	50		Unread notifications	1500221539896	1500221539933	OK	 
REQUEST	Load GraffiTab App	48		Trending	1500221539906	1500221539944	OK	 
REQUEST	Load GraffiTab App	47		Get My Feed	1500221539917	1500221539952	OK	 
REQUEST	Load GraffiTab App	43		Newest streamables	1500221539917	1500221539956	OK	 
USER	Load GraffiTab App	43	END	1500221537027	1500221539957
USER	Load GraffiTab App	58	START	1500221540028	1500221540028
REQUEST	Load GraffiTab App	52		Get My Feed	1500221539996	1500221540029	OK	 
REQUEST	Load GraffiTab App	55		Me	1500221539996	1500221540035	OK	 
REQUEST	Load GraffiTab App	54		Me	1500221540016	1500221540048	OK	 
REQUEST	Load GraffiTab App	57		Login	1500221539826	1500221540122	OK	 
REQUEST	Load GraffiTab App	46		Trending	1500221540106	1500221540132	OK	 
REQUEST	Load GraffiTab App	56		Me	1500221540137	1500221540159	OK	 
REQUEST	Load GraffiTab App	44		Newest streamables	1500221540129	1500221540159	OK	 
USER	Load GraffiTab App	44	END	1500221537228	1500221540160
REQUEST	Load GraffiTab App	51		Notifications	1500221540188	1500221540224	OK	 
USER	Load GraffiTab App	59	START	1500221540228	1500221540228
REQUEST	Load GraffiTab App	49		Trending	1500221540208	1500221540231	OK	 
REQUEST	Load GraffiTab App	58		Login	1500221540028	1500221540231	OK	 
REQUEST	Load GraffiTab App	53		Get My Feed	1500221540236	1500221540274	OK	 
REQUEST	Load GraffiTab App	50		Get My Feed	1500221540236	1500221540283	OK	 
REQUEST	Load GraffiTab App	48		Newest streamables	1500221540245	1500221540284	OK	 
USER	Load GraffiTab App	48	END	1500221538028	1500221540285
REQUEST	Load GraffiTab App	47		Notifications	1500221540245	1500221540288	OK	 
REQUEST	Load GraffiTab App	52		Notifications	1500221540328	1500221540363	OK	 
REQUEST	Load GraffiTab App	55		Unread notifications	1500221540328	1500221540391	OK	 
REQUEST	Load GraffiTab App	54		Unread notifications	1500221540356	1500221540403	OK	 
USER	Load GraffiTab App	60	START	1500221540427	1500221540427
REQUEST	Load GraffiTab App	46		Newest streamables	1500221540427	1500221540455	OK	 
USER	Load GraffiTab App	46	END	1500221537626	1500221540456
REQUEST	Load GraffiTab App	59		Login	1500221540229	1500221540458	OK	 
REQUEST	Load GraffiTab App	57		Me	1500221540436	1500221540493	OK	 
REQUEST	Load GraffiTab App	56		Unread notifications	1500221540457	1500221540512	OK	 
REQUEST	Load GraffiTab App	51		Trending	1500221540516	1500221540551	OK	 
REQUEST	Load GraffiTab App	49		Newest streamables	1500221540527	1500221540584	OK	 
USER	Load GraffiTab App	49	END	1500221538226	1500221540584
REQUEST	Load GraffiTab App	58		Me	1500221540548	1500221540592	OK	 
REQUEST	Load GraffiTab App	50		Notifications	1500221540579	1500221540611	OK	 
REQUEST	Load GraffiTab App	53		Notifications	1500221540566	1500221540622	OK	 
USER	Load GraffiTab App	61	START	1500221540626	1500221540626
REQUEST	Load GraffiTab App	47		Trending	1500221540598	1500221540657	OK	 
REQUEST	Load GraffiTab App	52		Trending	1500221540657	1500221540727	OK	 
REQUEST	Load GraffiTab App	54		Get My Feed	1500221540696	1500221540731	OK	 
REQUEST	Load GraffiTab App	55		Get My Feed	1500221540696	1500221540766	OK	 
REQUEST	Load GraffiTab App	60		Login	1500221540428	1500221540769	OK	 
REQUEST	Load GraffiTab App	59		Me	1500221540779	1500221540807	OK	 
USER	Load GraffiTab App	62	START	1500221540828	1500221540828
REQUEST	Load GraffiTab App	57		Unread notifications	1500221540796	1500221540844	OK	 
REQUEST	Load GraffiTab App	56		Get My Feed	1500221540817	1500221540851	OK	 
REQUEST	Load GraffiTab App	51		Newest streamables	1500221540856	1500221540891	OK	 
USER	Load GraffiTab App	51	END	1500221538627	1500221540892
REQUEST	Load GraffiTab App	58		Unread notifications	1500221540896	1500221540933	OK	 
REQUEST	Load GraffiTab App	61		Login	1500221540626	1500221540939	OK	 
REQUEST	Load GraffiTab App	50		Trending	1500221540917	1500221540949	OK	 
REQUEST	Load GraffiTab App	53		Trending	1500221540928	1500221540964	OK	 
REQUEST	Load GraffiTab App	47		Newest streamables	1500221540959	1500221540986	OK	 
USER	Load GraffiTab App	47	END	1500221537826	1500221540987
USER	Load GraffiTab App	63	START	1500221541027	1500221541027
REQUEST	Load GraffiTab App	54		Notifications	1500221541037	1500221541069	OK	 
REQUEST	Load GraffiTab App	52		Newest streamables	1500221541037	1500221541076	OK	 
USER	Load GraffiTab App	52	END	1500221538816	1500221541077
REQUEST	Load GraffiTab App	55		Notifications	1500221541077	1500221541123	OK	 
REQUEST	Load GraffiTab App	60		Me	1500221541086	1500221541136	OK	 
REQUEST	Load GraffiTab App	59		Unread notifications	1500221541106	1500221541138	OK	 
REQUEST	Load GraffiTab App	57		Get My Feed	1500221541149	1500221541176	OK	 
REQUEST	Load GraffiTab App	56		Notifications	1500221541149	1500221541188	OK	 
USER	Load GraffiTab App	64	START	1500221541227	1500221541227
REQUEST	Load GraffiTab App	62		Login	1500221540829	1500221541234	OK	 
REQUEST	Load GraffiTab App	58		Get My Feed	1500221541228	1500221541258	OK	 
REQUEST	Load GraffiTab App	50		Newest streamables	1500221541247	1500221541283	OK	 
REQUEST	Load GraffiTab App	53		Newest streamables	1500221541257	1500221541283	OK	 
USER	Load GraffiTab App	50	END	1500221538428	1500221541283
USER	Load GraffiTab App	53	END	1500221539019	1500221541283
REQUEST	Load GraffiTab App	61		Me	1500221541257	1500221541292	OK	 
REQUEST	Load GraffiTab App	54		Trending	1500221541367	1500221541394	OK	 
USER	Load GraffiTab App	65	START	1500221541428	1500221541428
REQUEST	Load GraffiTab App	55		Trending	1500221541417	1500221541460	OK	 
REQUEST	Load GraffiTab App	60		Unread notifications	1500221541437	1500221541466	OK	 
REQUEST	Load GraffiTab App	59		Get My Feed	1500221541437	1500221541473	OK	 
REQUEST	Load GraffiTab App	63		Login	1500221541028	1500221541516	OK	 
REQUEST	Load GraffiTab App	56		Trending	1500221541496	1500221541524	OK	 
REQUEST	Load GraffiTab App	57		Notifications	1500221541478	1500221541579	OK	 
REQUEST	Load GraffiTab App	58		Notifications	1500221541568	1500221541597	OK	 
USER	Load GraffiTab App	66	START	1500221541627	1500221541627
REQUEST	Load GraffiTab App	65		Login	1500221541428	1500221541630	OK	 
REQUEST	Load GraffiTab App	62		Me	1500221541546	1500221541634	OK	 
REQUEST	Load GraffiTab App	61		Unread notifications	1500221541597	1500221541666	OK	 
REQUEST	Load GraffiTab App	54		Newest streamables	1500221541696	1500221541757	OK	 
USER	Load GraffiTab App	54	END	1500221539216	1500221541758
REQUEST	Load GraffiTab App	55		Newest streamables	1500221541757	1500221541800	OK	 
USER	Load GraffiTab App	55	END	1500221539417	1500221541801
REQUEST	Load GraffiTab App	59		Notifications	1500221541767	1500221541805	OK	 
USER	Load GraffiTab App	67	START	1500221541827	1500221541827
REQUEST	Load GraffiTab App	66		Login	1500221541628	1500221541834	OK	 
REQUEST	Load GraffiTab App	60		Get My Feed	1500221541767	1500221541837	OK	 
REQUEST	Load GraffiTab App	63		Me	1500221541827	1500221541851	OK	 
REQUEST	Load GraffiTab App	64		Login	1500221541228	1500221541867	OK	 
REQUEST	Load GraffiTab App	56		Newest streamables	1500221541818	1500221541876	OK	 
USER	Load GraffiTab App	56	END	1500221539617	1500221541877
REQUEST	Load GraffiTab App	57		Trending	1500221541876	1500221541901	OK	 
REQUEST	Load GraffiTab App	58		Trending	1500221541898	1500221541951	OK	 
REQUEST	Load GraffiTab App	62		Unread notifications	1500221541937	1500221541973	OK	 
REQUEST	Load GraffiTab App	65		Me	1500221541946	1500221541995	OK	 
REQUEST	Load GraffiTab App	61		Get My Feed	1500221541968	1500221542008	OK	 
USER	Load GraffiTab App	68	START	1500221542028	1500221542028
REQUEST	Load GraffiTab App	67		Login	1500221541827	1500221542132	OK	 
REQUEST	Load GraffiTab App	59		Trending	1500221542119	1500221542145	OK	 
REQUEST	Load GraffiTab App	66		Me	1500221542148	1500221542181	OK	 
REQUEST	Load GraffiTab App	64		Me	1500221542187	1500221542218	OK	 
USER	Load GraffiTab App	69	START	1500221542227	1500221542227
REQUEST	Load GraffiTab App	60		Notifications	1500221542138	1500221542227	OK	 
REQUEST	Load GraffiTab App	63		Unread notifications	1500221542156	1500221542245	OK	 
REQUEST	Load GraffiTab App	58		Newest streamables	1500221542246	1500221542272	OK	 
USER	Load GraffiTab App	58	END	1500221540028	1500221542273
REQUEST	Load GraffiTab App	57		Newest streamables	1500221542206	1500221542309	OK	 
USER	Load GraffiTab App	57	END	1500221539826	1500221542310
REQUEST	Load GraffiTab App	62		Get My Feed	1500221542278	1500221542312	OK	 
REQUEST	Load GraffiTab App	61		Notifications	1500221542306	1500221542339	OK	 
REQUEST	Load GraffiTab App	65		Unread notifications	1500221542298	1500221542417	OK	 
USER	Load GraffiTab App	70	START	1500221542425	1500221542425
REQUEST	Load GraffiTab App	67		Me	1500221542446	1500221542472	OK	 
REQUEST	Load GraffiTab App	66		Unread notifications	1500221542487	1500221542518	OK	 
REQUEST	Load GraffiTab App	59		Newest streamables	1500221542437	1500221542547	OK	 
USER	Load GraffiTab App	59	END	1500221540228	1500221542548
REQUEST	Load GraffiTab App	60		Trending	1500221542527	1500221542556	OK	 
USER	Load GraffiTab App	71	START	1500221542627	1500221542627
REQUEST	Load GraffiTab App	64		Unread notifications	1500221542517	1500221542627	OK	 
REQUEST	Load GraffiTab App	62		Notifications	1500221542617	1500221542647	OK	 
REQUEST	Load GraffiTab App	63		Get My Feed	1500221542556	1500221542667	OK	 
REQUEST	Load GraffiTab App	61		Trending	1500221542636	1500221542767	OK	 
REQUEST	Load GraffiTab App	67		Unread notifications	1500221542778	1500221542811	OK	 
REQUEST	Load GraffiTab App	65		Get My Feed	1500221542728	1500221542817	OK	 
REQUEST	Load GraffiTab App	71		Login	1500221542627	1500221542818	OK	 
USER	Load GraffiTab App	72	START	1500221542828	1500221542828
REQUEST	Load GraffiTab App	66		Get My Feed	1500221542828	1500221542875	OK	 
REQUEST	Load GraffiTab App	60		Newest streamables	1500221542858	1500221542899	OK	 
USER	Load GraffiTab App	60	END	1500221540427	1500221542900
REQUEST	Load GraffiTab App	62		Trending	1500221542946	1500221542991	OK	 
REQUEST	Load GraffiTab App	64		Get My Feed	1500221542936	1500221542993	OK	 
REQUEST	Load GraffiTab App	63		Notifications	1500221542966	1500221543007	OK	 
USER	Load GraffiTab App	73	START	1500221543027	1500221543027
REQUEST	Load GraffiTab App	68		Login	1500221542028	1500221543028	OK	 
REQUEST	Load GraffiTab App	72		Login	1500221542828	1500221543067	OK	 
REQUEST	Load GraffiTab App	61		Newest streamables	1500221543076	1500221543103	OK	 
USER	Load GraffiTab App	61	END	1500221540626	1500221543104
REQUEST	Load GraffiTab App	67		Get My Feed	1500221543108	1500221543136	OK	 
REQUEST	Load GraffiTab App	65		Notifications	1500221543108	1500221543161	OK	 
REQUEST	Load GraffiTab App	71		Me	1500221543136	1500221543174	OK	 
REQUEST	Load GraffiTab App	69		Login	1500221542227	1500221543180	OK	 
REQUEST	Load GraffiTab App	66		Notifications	1500221543167	1500221543199	OK	 
REQUEST	Load GraffiTab App	70		Login	1500221542426	1500221543223	OK	 
USER	Load GraffiTab App	74	START	1500221543228	1500221543228
REQUEST	Load GraffiTab App	62		Newest streamables	1500221543288	1500221543323	OK	 
USER	Load GraffiTab App	62	END	1500221540828	1500221543324
REQUEST	Load GraffiTab App	64		Notifications	1500221543288	1500221543324	OK	 
REQUEST	Load GraffiTab App	63		Trending	1500221543306	1500221543333	OK	 
REQUEST	Load GraffiTab App	73		Login	1500221543027	1500221543364	OK	 
REQUEST	Load GraffiTab App	68		Me	1500221543348	1500221543378	OK	 
REQUEST	Load GraffiTab App	72		Me	1500221543388	1500221543415	OK	 
USER	Load GraffiTab App	75	START	1500221543428	1500221543428
REQUEST	Load GraffiTab App	74		Login	1500221543228	1500221543459	OK	 
REQUEST	Load GraffiTab App	67		Notifications	1500221543438	1500221543482	OK	 
REQUEST	Load GraffiTab App	65		Trending	1500221543458	1500221543494	OK	 
REQUEST	Load GraffiTab App	71		Unread notifications	1500221543478	1500221543508	OK	 
REQUEST	Load GraffiTab App	69		Me	1500221543496	1500221543523	OK	 
REQUEST	Load GraffiTab App	66		Trending	1500221543496	1500221543537	OK	 
REQUEST	Load GraffiTab App	70		Me	1500221543537	1500221543575	OK	 
USER	Load GraffiTab App	76	START	1500221543628	1500221543628
REQUEST	Load GraffiTab App	63		Newest streamables	1500221543628	1500221543653	OK	 
USER	Load GraffiTab App	63	END	1500221541027	1500221543654
REQUEST	Load GraffiTab App	64		Trending	1500221543618	1500221543655	OK	 
REQUEST	Load GraffiTab App	75		Login	1500221543428	1500221543663	OK	 
REQUEST	Load GraffiTab App	73		Me	1500221543678	1500221543706	OK	 
REQUEST	Load GraffiTab App	68		Unread notifications	1500221543678	1500221543707	OK	 
REQUEST	Load GraffiTab App	72		Unread notifications	1500221543716	1500221543748	OK	 
REQUEST	Load GraffiTab App	74		Me	1500221543777	1500221543807	OK	 
USER	Load GraffiTab App	77	START	1500221543818	1500221543818
REQUEST	Load GraffiTab App	65		Newest streamables	1500221543796	1500221543822	OK	 
USER	Load GraffiTab App	65	END	1500221541428	1500221543823
REQUEST	Load GraffiTab App	67		Trending	1500221543787	1500221543827	OK	 
REQUEST	Load GraffiTab App	71		Get My Feed	1500221543806	1500221543831	OK	 
REQUEST	Load GraffiTab App	76		Login	1500221543628	1500221543862	OK	 
REQUEST	Load GraffiTab App	69		Unread notifications	1500221543827	1500221543871	OK	 
REQUEST	Load GraffiTab App	66		Newest streamables	1500221543846	1500221543888	OK	 
USER	Load GraffiTab App	66	END	1500221541627	1500221543889
REQUEST	Load GraffiTab App	70		Unread notifications	1500221543887	1500221543914	OK	 
REQUEST	Load GraffiTab App	64		Newest streamables	1500221543959	1500221543988	OK	 
USER	Load GraffiTab App	64	END	1500221541227	1500221543991
REQUEST	Load GraffiTab App	75		Me	1500221543976	1500221544010	OK	 
USER	Load GraffiTab App	78	START	1500221544018	1500221544018
REQUEST	Load GraffiTab App	73		Unread notifications	1500221544006	1500221544040	OK	 
REQUEST	Load GraffiTab App	68		Get My Feed	1500221544006	1500221544041	OK	 
REQUEST	Load GraffiTab App	77		Login	1500221543818	1500221544072	OK	 
REQUEST	Load GraffiTab App	72		Get My Feed	1500221544046	1500221544079	OK	 
REQUEST	Load GraffiTab App	71		Notifications	1500221544126	1500221544160	OK	 
REQUEST	Load GraffiTab App	67		Newest streamables	1500221544126	1500221544160	OK	 
REQUEST	Load GraffiTab App	74		Unread notifications	1500221544117	1500221544160	OK	 
USER	Load GraffiTab App	67	END	1500221541827	1500221544161
REQUEST	Load GraffiTab App	69		Get My Feed	1500221544175	1500221544205	OK	 
USER	Load GraffiTab App	79	START	1500221544216	1500221544216
REQUEST	Load GraffiTab App	76		Me	1500221544175	1500221544217	OK	 
REQUEST	Load GraffiTab App	70		Get My Feed	1500221544209	1500221544241	OK	 
REQUEST	Load GraffiTab App	75		Unread notifications	1500221544318	1500221544353	OK	 
REQUEST	Load GraffiTab App	68		Notifications	1500221544347	1500221544378	OK	 
REQUEST	Load GraffiTab App	73		Get My Feed	1500221544347	1500221544384	OK	 
USER	Load GraffiTab App	80	START	1500221544417	1500221544417
REQUEST	Load GraffiTab App	72		Notifications	1500221544376	1500221544422	OK	 
REQUEST	Load GraffiTab App	77		Me	1500221544388	1500221544430	OK	 
REQUEST	Load GraffiTab App	78		Login	1500221544018	1500221544433	OK	 
REQUEST	Load GraffiTab App	74		Get My Feed	1500221544458	1500221544482	OK	 
REQUEST	Load GraffiTab App	71		Trending	1500221544467	1500221544505	OK	 
REQUEST	Load GraffiTab App	69		Notifications	1500221544497	1500221544531	OK	 
REQUEST	Load GraffiTab App	70		Notifications	1500221544537	1500221544569	OK	 
REQUEST	Load GraffiTab App	76		Unread notifications	1500221544526	1500221544577	OK	 
USER	Load GraffiTab App	81	START	1500221544618	1500221544618
REQUEST	Load GraffiTab App	79		Login	1500221544216	1500221544632	OK	 
REQUEST	Load GraffiTab App	75		Get My Feed	1500221544647	1500221544672	OK	 
REQUEST	Load GraffiTab App	73		Notifications	1500221544677	1500221544720	OK	 
REQUEST	Load GraffiTab App	68		Trending	1500221544677	1500221544721	OK	 
REQUEST	Load GraffiTab App	77		Unread notifications	1500221544738	1500221544770	OK	 
REQUEST	Load GraffiTab App	72		Trending	1500221544727	1500221544782	OK	 
REQUEST	Load GraffiTab App	78		Me	1500221544746	1500221544788	OK	 
REQUEST	Load GraffiTab App	74		Notifications	1500221544778	1500221544808	OK	 
USER	Load GraffiTab App	82	START	1500221544816	1500221544816
REQUEST	Load GraffiTab App	71		Newest streamables	1500221544806	1500221544854	OK	 
USER	Load GraffiTab App	71	END	1500221542627	1500221544855
REQUEST	Load GraffiTab App	80		Login	1500221544417	1500221544872	OK	 
REQUEST	Load GraffiTab App	69		Trending	1500221544837	1500221544880	OK	 
REQUEST	Load GraffiTab App	76		Get My Feed	1500221544877	1500221544918	OK	 
REQUEST	Load GraffiTab App	70		Trending	1500221544877	1500221544923	OK	 
REQUEST	Load GraffiTab App	79		Me	1500221544947	1500221544991	OK	 
USER	Load GraffiTab App	83	START	1500221545019	1500221545019
REQUEST	Load GraffiTab App	75		Notifications	1500221544976	1500221545053	OK	 
REQUEST	Load GraffiTab App	68		Newest streamables	1500221545019	1500221545069	OK	 
USER	Load GraffiTab App	68	END	1500221542028	1500221545069
REQUEST	Load GraffiTab App	73		Trending	1500221545027	1500221545072	OK	 
REQUEST	Load GraffiTab App	77		Get My Feed	1500221545067	1500221545114	OK	 
REQUEST	Load GraffiTab App	72		Newest streamables	1500221545077	1500221545130	OK	 
USER	Load GraffiTab App	72	END	1500221542828	1500221545131
REQUEST	Load GraffiTab App	78		Unread notifications	1500221545097	1500221545145	OK	 
REQUEST	Load GraffiTab App	74		Trending	1500221545106	1500221545151	OK	 
REQUEST	Load GraffiTab App	81		Login	1500221544618	1500221545187	OK	 
USER	Load GraffiTab App	84	START	1500221545216	1500221545216
REQUEST	Load GraffiTab App	69		Newest streamables	1500221545178	1500221545216	OK	 
USER	Load GraffiTab App	69	END	1500221542227	1500221545217
REQUEST	Load GraffiTab App	80		Me	1500221545187	1500221545238	OK	 
REQUEST	Load GraffiTab App	70		Newest streamables	1500221545216	1500221545263	OK	 
USER	Load GraffiTab App	70	END	1500221542425	1500221545264
REQUEST	Load GraffiTab App	76		Notifications	1500221545216	1500221545271	OK	 
REQUEST	Load GraffiTab App	79		Unread notifications	1500221545297	1500221545337	OK	 
REQUEST	Load GraffiTab App	82		Login	1500221544816	1500221545360	OK	 
REQUEST	Load GraffiTab App	83		Login	1500221545019	1500221545371	OK	 
REQUEST	Load GraffiTab App	75		Trending	1500221545356	1500221545395	OK	 
USER	Load GraffiTab App	85	START	1500221545416	1500221545416
REQUEST	Load GraffiTab App	73		Newest streamables	1500221545369	1500221545419	OK	 
USER	Load GraffiTab App	73	END	1500221543027	1500221545420
REQUEST	Load GraffiTab App	77		Notifications	1500221545417	1500221545460	OK	 
REQUEST	Load GraffiTab App	78		Get My Feed	1500221545437	1500221545490	OK	 
REQUEST	Load GraffiTab App	74		Newest streamables	1500221545457	1500221545508	OK	 
USER	Load GraffiTab App	74	END	1500221543228	1500221545508
REQUEST	Load GraffiTab App	81		Me	1500221545505	1500221545546	OK	 
REQUEST	Load GraffiTab App	80		Unread notifications	1500221545546	1500221545593	OK	 
USER	Load GraffiTab App	86	START	1500221545616	1500221545616
REQUEST	Load GraffiTab App	76		Trending	1500221545577	1500221545620	OK	 
REQUEST	Load GraffiTab App	79		Get My Feed	1500221545626	1500221545668	OK	 
REQUEST	Load GraffiTab App	82		Me	1500221545677	1500221545731	OK	 
REQUEST	Load GraffiTab App	83		Me	1500221545686	1500221545731	OK	 
REQUEST	Load GraffiTab App	75		Newest streamables	1500221545686	1500221545732	OK	 
USER	Load GraffiTab App	75	END	1500221543428	1500221545733
REQUEST	Load GraffiTab App	84		Login	1500221545216	1500221545740	OK	 
REQUEST	Load GraffiTab App	77		Trending	1500221545756	1500221545802	OK	 
USER	Load GraffiTab App	87	START	1500221545826	1500221545826
REQUEST	Load GraffiTab App	78		Notifications	1500221545796	1500221545841	OK	 
REQUEST	Load GraffiTab App	81		Unread notifications	1500221545856	1500221545896	OK	 
REQUEST	Load GraffiTab App	80		Get My Feed	1500221545888	1500221545937	OK	 
REQUEST	Load GraffiTab App	76		Newest streamables	1500221545916	1500221545959	OK	 
USER	Load GraffiTab App	76	END	1500221543628	1500221545960
REQUEST	Load GraffiTab App	85		Login	1500221545417	1500221545972	OK	 
USER	Load GraffiTab App	88	START	1500221546027	1500221546027
REQUEST	Load GraffiTab App	79		Notifications	1500221545988	1500221546036	OK	 
REQUEST	Load GraffiTab App	82		Unread notifications	1500221546035	1500221546077	OK	 
REQUEST	Load GraffiTab App	83		Unread notifications	1500221546035	1500221546083	OK	 
REQUEST	Load GraffiTab App	84		Me	1500221546056	1500221546083	OK	 
REQUEST	Load GraffiTab App	77		Newest streamables	1500221546106	1500221546151	OK	 
USER	Load GraffiTab App	77	END	1500221543818	1500221546152
REQUEST	Load GraffiTab App	86		Login	1500221545616	1500221546167	OK	 
REQUEST	Load GraffiTab App	78		Trending	1500221546136	1500221546172	OK	 
USER	Load GraffiTab App	89	START	1500221546227	1500221546227
REQUEST	Load GraffiTab App	81		Get My Feed	1500221546188	1500221546236	OK	 
REQUEST	Load GraffiTab App	87		Login	1500221545826	1500221546237	OK	 
REQUEST	Load GraffiTab App	80		Notifications	1500221546246	1500221546281	OK	 
REQUEST	Load GraffiTab App	85		Me	1500221546287	1500221546318	OK	 
REQUEST	Load GraffiTab App	79		Trending	1500221546337	1500221546384	OK	 
REQUEST	Load GraffiTab App	82		Get My Feed	1500221546378	1500221546409	OK	 
REQUEST	Load GraffiTab App	84		Unread notifications	1500221546388	1500221546416	OK	 
REQUEST	Load GraffiTab App	83		Get My Feed	1500221546378	1500221546420	OK	 
USER	Load GraffiTab App	90	START	1500221546428	1500221546428
REQUEST	Load GraffiTab App	88		Login	1500221546028	1500221546471	OK	 
REQUEST	Load GraffiTab App	78		Newest streamables	1500221546477	1500221546511	OK	 
USER	Load GraffiTab App	78	END	1500221544018	1500221546512
REQUEST	Load GraffiTab App	86		Me	1500221546488	1500221546524	OK	 
REQUEST	Load GraffiTab App	81		Notifications	1500221546537	1500221546566	OK	 
REQUEST	Load GraffiTab App	87		Me	1500221546558	1500221546592	OK	 
REQUEST	Load GraffiTab App	80		Trending	1500221546578	1500221546606	OK	 
USER	Load GraffiTab App	91	START	1500221546627	1500221546627
REQUEST	Load GraffiTab App	85		Unread notifications	1500221546628	1500221546664	OK	 
REQUEST	Load GraffiTab App	89		Login	1500221546228	1500221546693	OK	 
REQUEST	Load GraffiTab App	79		Newest streamables	1500221546666	1500221546696	OK	 
USER	Load GraffiTab App	79	END	1500221544216	1500221546696
REQUEST	Load GraffiTab App	82		Notifications	1500221546708	1500221546747	OK	 
REQUEST	Load GraffiTab App	84		Get My Feed	1500221546708	1500221546750	OK	 
REQUEST	Load GraffiTab App	83		Notifications	1500221546726	1500221546763	OK	 
REQUEST	Load GraffiTab App	90		Login	1500221546429	1500221546777	OK	 
USER	Load GraffiTab App	92	START	1500221546817	1500221546817
REQUEST	Load GraffiTab App	88		Me	1500221546788	1500221546819	OK	 
REQUEST	Load GraffiTab App	86		Unread notifications	1500221546817	1500221546852	OK	 
REQUEST	Load GraffiTab App	91		Login	1500221546628	1500221546866	OK	 
REQUEST	Load GraffiTab App	81		Trending	1500221546866	1500221546890	OK	 
REQUEST	Load GraffiTab App	87		Unread notifications	1500221546886	1500221546915	OK	 
REQUEST	Load GraffiTab App	80		Newest streamables	1500221546906	1500221546948	OK	 
USER	Load GraffiTab App	80	END	1500221544417	1500221546948
REQUEST	Load GraffiTab App	85		Get My Feed	1500221546956	1500221546984	OK	 
USER	Load GraffiTab App	93	START	1500221547017	1500221547017
REQUEST	Load GraffiTab App	89		Me	1500221547009	1500221547039	OK	 
REQUEST	Load GraffiTab App	82		Trending	1500221547047	1500221547076	OK	 
REQUEST	Load GraffiTab App	92		Login	1500221546817	1500221547078	OK	 
REQUEST	Load GraffiTab App	83		Trending	1500221547056	1500221547087	OK	 
REQUEST	Load GraffiTab App	84		Notifications	1500221547056	1500221547087	OK	 
REQUEST	Load GraffiTab App	90		Me	1500221547097	1500221547128	OK	 
REQUEST	Load GraffiTab App	88		Unread notifications	1500221547127	1500221547152	OK	 
REQUEST	Load GraffiTab App	86		Get My Feed	1500221547157	1500221547202	OK	 
USER	Load GraffiTab App	94	START	1500221547217	1500221547217
REQUEST	Load GraffiTab App	91		Me	1500221547188	1500221547222	OK	 
REQUEST	Load GraffiTab App	81		Newest streamables	1500221547188	1500221547222	OK	 
USER	Load GraffiTab App	81	END	1500221544618	1500221547222
REQUEST	Load GraffiTab App	87		Get My Feed	1500221547217	1500221547243	OK	 
REQUEST	Load GraffiTab App	85		Notifications	1500221547287	1500221547320	OK	 
REQUEST	Load GraffiTab App	93		Login	1500221547017	1500221547327	OK	 
REQUEST	Load GraffiTab App	89		Unread notifications	1500221547347	1500221547400	OK	 
REQUEST	Load GraffiTab App	82		Newest streamables	1500221547378	1500221547405	OK	 
USER	Load GraffiTab App	82	END	1500221544816	1500221547405
USER	Load GraffiTab App	95	START	1500221547417	1500221547417
REQUEST	Load GraffiTab App	83		Newest streamables	1500221547396	1500221547418	OK	 
USER	Load GraffiTab App	83	END	1500221545019	1500221547418
REQUEST	Load GraffiTab App	92		Me	1500221547396	1500221547438	OK	 
REQUEST	Load GraffiTab App	84		Trending	1500221547387	1500221547441	OK	 
REQUEST	Load GraffiTab App	90		Unread notifications	1500221547427	1500221547450	OK	 
REQUEST	Load GraffiTab App	88		Get My Feed	1500221547447	1500221547473	OK	 
REQUEST	Load GraffiTab App	91		Unread notifications	1500221547518	1500221547545	OK	 
REQUEST	Load GraffiTab App	86		Notifications	1500221547507	1500221547570	OK	 
REQUEST	Load GraffiTab App	87		Notifications	1500221547547	1500221547608	OK	 
USER	Load GraffiTab App	96	START	1500221547618	1500221547618
REQUEST	Load GraffiTab App	85		Trending	1500221547618	1500221547643	OK	 
REQUEST	Load GraffiTab App	94		Login	1500221547217	1500221547668	OK	 
REQUEST	Load GraffiTab App	93		Me	1500221547647	1500221547671	OK	 
REQUEST	Load GraffiTab App	89		Get My Feed	1500221547696	1500221547735	OK	 
REQUEST	Load GraffiTab App	84		Newest streamables	1500221547737	1500221547768	OK	 
USER	Load GraffiTab App	84	END	1500221545216	1500221547769
REQUEST	Load GraffiTab App	90		Get My Feed	1500221547758	1500221547784	OK	 
REQUEST	Load GraffiTab App	92		Unread notifications	1500221547746	1500221547790	OK	 
REQUEST	Load GraffiTab App	88		Notifications	1500221547766	1500221547812	OK	 
USER	Load GraffiTab App	97	START	1500221547828	1500221547828
REQUEST	Load GraffiTab App	91		Get My Feed	1500221547847	1500221547874	OK	 
REQUEST	Load GraffiTab App	86		Trending	1500221547868	1500221547892	OK	 
REQUEST	Load GraffiTab App	85		Newest streamables	1500221547947	1500221547972	OK	 
USER	Load GraffiTab App	85	END	1500221545416	1500221547973
REQUEST	Load GraffiTab App	87		Trending	1500221547906	1500221547999	OK	 
REQUEST	Load GraffiTab App	94		Me	1500221547986	1500221548013	OK	 
USER	Load GraffiTab App	98	START	1500221548028	1500221548028
REQUEST	Load GraffiTab App	93		Unread notifications	1500221547968	1500221548041	OK	 
REQUEST	Load GraffiTab App	92		Get My Feed	1500221548088	1500221548116	OK	 
REQUEST	Load GraffiTab App	89		Notifications	1500221548038	1500221548152	OK	 
REQUEST	Load GraffiTab App	95		Login	1500221547417	1500221548155	OK	 
REQUEST	Load GraffiTab App	90		Notifications	1500221548076	1500221548178	OK	 
REQUEST	Load GraffiTab App	91		Notifications	1500221548168	1500221548203	OK	 
REQUEST	Load GraffiTab App	88		Trending	1500221548116	1500221548214	OK	 
USER	Load GraffiTab App	99	START	1500221548227	1500221548227
REQUEST	Load GraffiTab App	98		Login	1500221548029	1500221548240	OK	 
REQUEST	Load GraffiTab App	86		Newest streamables	1500221548186	1500221548262	OK	 
USER	Load GraffiTab App	86	END	1500221545616	1500221548262
REQUEST	Load GraffiTab App	94		Unread notifications	1500221548317	1500221548348	OK	 
REQUEST	Load GraffiTab App	87		Newest streamables	1500221548308	1500221548362	OK	 
USER	Load GraffiTab App	87	END	1500221545826	1500221548363
REQUEST	Load GraffiTab App	93		Get My Feed	1500221548347	1500221548392	OK	 
REQUEST	Load GraffiTab App	99		Login	1500221548228	1500221548424	OK	 
USER	Load GraffiTab App	100	START	1500221548428	1500221548428
REQUEST	Load GraffiTab App	92		Notifications	1500221548417	1500221548447	OK	 
REQUEST	Load GraffiTab App	96		Login	1500221547618	1500221548447	OK	 
REQUEST	Load GraffiTab App	89		Trending	1500221548447	1500221548485	OK	 
REQUEST	Load GraffiTab App	95		Me	1500221548466	1500221548498	OK	 
REQUEST	Load GraffiTab App	90		Trending	1500221548486	1500221548516	OK	 
REQUEST	Load GraffiTab App	91		Trending	1500221548506	1500221548540	OK	 
REQUEST	Load GraffiTab App	88		Newest streamables	1500221548518	1500221548546	OK	 
USER	Load GraffiTab App	88	END	1500221546027	1500221548547
REQUEST	Load GraffiTab App	97		Login	1500221547828	1500221548587	OK	 
REQUEST	Load GraffiTab App	98		Me	1500221548557	1500221548590	OK	 
USER	Load GraffiTab App	101	START	1500221548627	1500221548627
REQUEST	Load GraffiTab App	100		Login	1500221548428	1500221548643	OK	 
REQUEST	Load GraffiTab App	94		Get My Feed	1500221548646	1500221548672	OK	 
REQUEST	Load GraffiTab App	93		Notifications	1500221548688	1500221548718	OK	 
REQUEST	Load GraffiTab App	92		Trending	1500221548746	1500221548790	OK	 
REQUEST	Load GraffiTab App	99		Me	1500221548737	1500221548809	OK	 
REQUEST	Load GraffiTab App	96		Me	1500221548768	1500221548809	OK	 
USER	Load GraffiTab App	102	START	1500221548826	1500221548826
REQUEST	Load GraffiTab App	90		Newest streamables	1500221548806	1500221548831	OK	 
USER	Load GraffiTab App	90	END	1500221546428	1500221548831
REQUEST	Load GraffiTab App	89		Newest streamables	1500221548798	1500221548832	OK	 
USER	Load GraffiTab App	89	END	1500221546227	1500221548832
REQUEST	Load GraffiTab App	95		Unread notifications	1500221548806	1500221548846	OK	 
REQUEST	Load GraffiTab App	91		Newest streamables	1500221548847	1500221548915	OK	 
USER	Load GraffiTab App	91	END	1500221546627	1500221548916
REQUEST	Load GraffiTab App	97		Me	1500221548909	1500221548939	OK	 
REQUEST	Load GraffiTab App	98		Unread notifications	1500221548897	1500221548999	OK	 
REQUEST	Load GraffiTab App	94		Notifications	1500221548966	1500221549002	OK	 
USER	Load GraffiTab App	103	START	1500221549026	1500221549026
REQUEST	Load GraffiTab App	100		Me	1500221548958	1500221549039	OK	 
REQUEST	Load GraffiTab App	102		Login	1500221548826	1500221549066	OK	 
REQUEST	Load GraffiTab App	93		Trending	1500221549027	1500221549093	OK	 
REQUEST	Load GraffiTab App	96		Unread notifications	1500221549106	1500221549136	OK	 
REQUEST	Load GraffiTab App	92		Newest streamables	1500221549087	1500221549156	OK	 
USER	Load GraffiTab App	92	END	1500221546817	1500221549157
REQUEST	Load GraffiTab App	99		Unread notifications	1500221549118	1500221549179	OK	 
REQUEST	Load GraffiTab App	95		Get My Feed	1500221549146	1500221549180	OK	 
USER	Load GraffiTab App	104	START	1500221549228	1500221549228
REQUEST	Load GraffiTab App	97		Unread notifications	1500221549237	1500221549304	OK	 
REQUEST	Load GraffiTab App	101		Login	1500221548627	1500221549335	OK	 
REQUEST	Load GraffiTab App	94		Trending	1500221549306	1500221549353	OK	 
REQUEST	Load GraffiTab App	98		Get My Feed	1500221549297	1500221549357	OK	 
REQUEST	Load GraffiTab App	100		Unread notifications	1500221549347	1500221549403	OK	 
REQUEST	Load GraffiTab App	103		Login	1500221549027	1500221549403	OK	 
USER	Load GraffiTab App	105	START	1500221549428	1500221549428
REQUEST	Load GraffiTab App	93		Newest streamables	1500221549386	1500221549429	OK	 
USER	Load GraffiTab App	93	END	1500221547017	1500221549430
REQUEST	Load GraffiTab App	102		Me	1500221549386	1500221549445	OK	 
REQUEST	Load GraffiTab App	96		Get My Feed	1500221549447	1500221549478	OK	 
REQUEST	Load GraffiTab App	95		Notifications	1500221549476	1500221549518	OK	 
REQUEST	Load GraffiTab App	99		Get My Feed	1500221549476	1500221549553	OK	 
REQUEST	Load GraffiTab App	104		Login	1500221549229	1500221549587	OK	 
USER	Load GraffiTab App	106	START	1500221549628	1500221549628
REQUEST	Load GraffiTab App	97		Get My Feed	1500221549607	1500221549641	OK	 
REQUEST	Load GraffiTab App	98		Notifications	1500221549658	1500221549699	OK	 
REQUEST	Load GraffiTab App	101		Me	1500221549646	1500221549726	OK	 
REQUEST	Load GraffiTab App	94		Newest streamables	1500221549658	1500221549727	OK	 
USER	Load GraffiTab App	94	END	1500221547217	1500221549728
REQUEST	Load GraffiTab App	103		Me	1500221549717	1500221549747	OK	 
REQUEST	Load GraffiTab App	100		Get My Feed	1500221549697	1500221549777	OK	 
REQUEST	Load GraffiTab App	102		Unread notifications	1500221549737	1500221549810	OK	 
REQUEST	Load GraffiTab App	96		Notifications	1500221549777	1500221549810	OK	 
USER	Load GraffiTab App	107	START	1500221549829	1500221549829
REQUEST	Load GraffiTab App	106		Login	1500221549628	1500221549868	OK	 
REQUEST	Load GraffiTab App	95		Trending	1500221549829	1500221549896	OK	 
REQUEST	Load GraffiTab App	104		Me	1500221549907	1500221549937	OK	 
REQUEST	Load GraffiTab App	99		Notifications	1500221549856	1500221549937	OK	 
REQUEST	Load GraffiTab App	97		Notifications	1500221549936	1500221549994	OK	 
USER	Load GraffiTab App	108	START	1500221550026	1500221550026
REQUEST	Load GraffiTab App	98		Trending	1500221549997	1500221550027	OK	 
REQUEST	Load GraffiTab App	107		Login	1500221549829	1500221550040	OK	 
REQUEST	Load GraffiTab App	101		Unread notifications	1500221550027	1500221550079	OK	 
REQUEST	Load GraffiTab App	103		Unread notifications	1500221550056	1500221550092	OK	 
REQUEST	Load GraffiTab App	100		Notifications	1500221550088	1500221550125	OK	 
REQUEST	Load GraffiTab App	105		Login	1500221549428	1500221550137	OK	 
REQUEST	Load GraffiTab App	96		Trending	1500221550106	1500221550139	OK	 
REQUEST	Load GraffiTab App	102		Get My Feed	1500221550118	1500221550156	OK	 
REQUEST	Load GraffiTab App	95		Newest streamables	1500221550188	1500221550215	OK	 
USER	Load GraffiTab App	95	END	1500221547417	1500221550216
REQUEST	Load GraffiTab App	106		Me	1500221550188	1500221550220	OK	 
USER	Load GraffiTab App	109	START	1500221550229	1500221550229
REQUEST	Load GraffiTab App	104		Unread notifications	1500221550238	1500221550272	OK	 
REQUEST	Load GraffiTab App	99		Trending	1500221550238	1500221550272	OK	 
REQUEST	Load GraffiTab App	108		Login	1500221550027	1500221550265	OK	 
REQUEST	Load GraffiTab App	97		Trending	1500221550297	1500221550322	OK	 
REQUEST	Load GraffiTab App	98		Newest streamables	1500221550327	1500221550377	OK	 
USER	Load GraffiTab App	98	END	1500221548028	1500221550378
REQUEST	Load GraffiTab App	107		Me	1500221550356	1500221550384	OK	 
REQUEST	Load GraffiTab App	101		Get My Feed	1500221550387	1500221550421	OK	 
USER	Load GraffiTab App	110	START	1500221550428	1500221550428
REQUEST	Load GraffiTab App	96		Newest streamables	1500221550438	1500221550472	OK	 
USER	Load GraffiTab App	96	END	1500221547618	1500221550473
REQUEST	Load GraffiTab App	105		Me	1500221550456	1500221550484	OK	 
REQUEST	Load GraffiTab App	103		Get My Feed	1500221550387	1500221550514	OK	 
REQUEST	Load GraffiTab App	106		Unread notifications	1500221550516	1500221550544	OK	 
REQUEST	Load GraffiTab App	100		Trending	1500221550417	1500221550580	OK	 
REQUEST	Load GraffiTab App	104		Get My Feed	1500221550576	1500221550604	OK	 
USER	Load GraffiTab App	111	START	1500221550625	1500221550625
REQUEST	Load GraffiTab App	97		Newest streamables	1500221550618	1500221550651	OK	 
USER	Load GraffiTab App	97	END	1500221547828	1500221550651
REQUEST	Load GraffiTab App	102		Notifications	1500221550456	1500221550680	OK	 
REQUEST	Load GraffiTab App	107		Unread notifications	1500221550688	1500221550713	OK	 
REQUEST	Load GraffiTab App	108		Me	1500221550587	1500221550747	OK	 
REQUEST	Load GraffiTab App	99		Newest streamables	1500221550567	1500221550771	OK	 
USER	Load GraffiTab App	99	END	1500221548227	1500221550772
REQUEST	Load GraffiTab App	105		Unread notifications	1500221550788	1500221550815	OK	 
USER	Load GraffiTab App	112	START	1500221550819	1500221550819
REQUEST	Load GraffiTab App	101		Notifications	1500221550728	1500221550896	OK	 
REQUEST	Load GraffiTab App	100		Newest streamables	1500221550877	1500221550909	OK	 
USER	Load GraffiTab App	100	END	1500221548428	1500221550910
USER	Load GraffiTab App	113	START	1500221551016	1500221551016
REQUEST	Load GraffiTab App	112		Login	1500221550819	1500221551016	OK	 
REQUEST	Load GraffiTab App	102		Trending	1500221550988	1500221551018	OK	 
REQUEST	Load GraffiTab App	106		Get My Feed	1500221550847	1500221551030	OK	 
REQUEST	Load GraffiTab App	103		Notifications	1500221550819	1500221551040	OK	 
REQUEST	Load GraffiTab App	104		Notifications	1500221550896	1500221551135	OK	 
REQUEST	Load GraffiTab App	105		Get My Feed	1500221551106	1500221551139	OK	 
REQUEST	Load GraffiTab App	107		Get My Feed	1500221551006	1500221551201	OK	 
USER	Load GraffiTab App	114	START	1500221551217	1500221551217
REQUEST	Load GraffiTab App	113		Login	1500221551016	1500221551225	OK	 
REQUEST	Load GraffiTab App	108		Unread notifications	1500221551047	1500221551251	OK	 
REQUEST	Load GraffiTab App	109		Login	1500221550229	1500221551322	OK	 
REQUEST	Load GraffiTab App	101		Trending	1500221551197	1500221551347	OK	 
REQUEST	Load GraffiTab App	112		Me	1500221551338	1500221551376	OK	 
REQUEST	Load GraffiTab App	103		Trending	1500221551338	1500221551378	OK	 
REQUEST	Load GraffiTab App	102		Newest streamables	1500221551318	1500221551394	OK	 
USER	Load GraffiTab App	102	END	1500221548826	1500221551397
REQUEST	Load GraffiTab App	106		Notifications	1500221551338	1500221551400	OK	 
USER	Load GraffiTab App	115	START	1500221551416	1500221551416
REQUEST	Load GraffiTab App	104		Trending	1500221551447	1500221551477	OK	 
REQUEST	Load GraffiTab App	114		Login	1500221551217	1500221551480	OK	 
REQUEST	Load GraffiTab App	105		Notifications	1500221551447	1500221551528	OK	 
REQUEST	Load GraffiTab App	107		Notifications	1500221551506	1500221551540	OK	 
REQUEST	Load GraffiTab App	108		Get My Feed	1500221551548	1500221551575	OK	 
REQUEST	Load GraffiTab App	113		Me	1500221551538	1500221551580	OK	 
USER	Load GraffiTab App	116	START	1500221551617	1500221551617
REQUEST	Load GraffiTab App	109		Me	1500221551638	1500221551685	OK	 
REQUEST	Load GraffiTab App	101		Newest streamables	1500221551647	1500221551700	OK	 
USER	Load GraffiTab App	101	END	1500221548627	1500221551701
REQUEST	Load GraffiTab App	112		Unread notifications	1500221551678	1500221551710	OK	 
REQUEST	Load GraffiTab App	106		Trending	1500221551697	1500221551728	OK	 
REQUEST	Load GraffiTab App	103		Newest streamables	1500221551678	1500221551732	OK	 
USER	Load GraffiTab App	103	END	1500221549026	1500221551733
REQUEST	Load GraffiTab App	110		Login	1500221550428	1500221551776	OK	 
REQUEST	Load GraffiTab App	104		Newest streamables	1500221551776	1500221551811	OK	 
USER	Load GraffiTab App	104	END	1500221549228	1500221551812
REQUEST	Load GraffiTab App	111		Login	1500221550626	1500221551812	OK	 
USER	Load GraffiTab App	117	START	1500221551818	1500221551818
REQUEST	Load GraffiTab App	114		Me	1500221551796	1500221551837	OK	 
REQUEST	Load GraffiTab App	116		Login	1500221551617	1500221551839	OK	 
REQUEST	Load GraffiTab App	105		Trending	1500221551827	1500221551868	OK	 
REQUEST	Load GraffiTab App	107		Trending	1500221551847	1500221551881	OK	 
REQUEST	Load GraffiTab App	108		Notifications	1500221551878	1500221551910	OK	 
REQUEST	Load GraffiTab App	113		Unread notifications	1500221551887	1500221551929	OK	 
REQUEST	Load GraffiTab App	115		Login	1500221551416	1500221551963	OK	 
USER	Load GraffiTab App	118	START	1500221552017	1500221552017
REQUEST	Load GraffiTab App	109		Unread notifications	1500221551996	1500221552029	OK	 
REQUEST	Load GraffiTab App	117		Login	1500221551818	1500221552031	OK	 
REQUEST	Load GraffiTab App	112		Get My Feed	1500221552007	1500221552056	OK	 
REQUEST	Load GraffiTab App	106		Newest streamables	1500221552026	1500221552059	OK	 
USER	Load GraffiTab App	106	END	1500221549628	1500221552060
REQUEST	Load GraffiTab App	110		Me	1500221552098	1500221552125	OK	 
REQUEST	Load GraffiTab App	111		Me	1500221552126	1500221552157	OK	 
REQUEST	Load GraffiTab App	114		Unread notifications	1500221552138	1500221552166	OK	 
REQUEST	Load GraffiTab App	116		Me	1500221552156	1500221552182	OK	 
REQUEST	Load GraffiTab App	107		Newest streamables	1500221552179	1500221552203	OK	 
USER	Load GraffiTab App	107	END	1500221549829	1500221552204
USER	Load GraffiTab App	119	START	1500221552217	1500221552217
REQUEST	Load GraffiTab App	105		Newest streamables	1500221552179	1500221552221	OK	 
USER	Load GraffiTab App	105	END	1500221549428	1500221552222
REQUEST	Load GraffiTab App	108		Trending	1500221552208	1500221552232	OK	 
REQUEST	Load GraffiTab App	113		Get My Feed	1500221552227	1500221552266	OK	 
REQUEST	Load GraffiTab App	118		Login	1500221552017	1500221552308	OK	 
REQUEST	Load GraffiTab App	115		Me	1500221552276	1500221552321	OK	 
REQUEST	Load GraffiTab App	109		Get My Feed	1500221552328	1500221552356	OK	 
REQUEST	Load GraffiTab App	117		Me	1500221552347	1500221552390	OK	 
REQUEST	Load GraffiTab App	112		Notifications	1500221552356	1500221552392	OK	 
USER	Load GraffiTab App	120	START	1500221552416	1500221552416
REQUEST	Load GraffiTab App	119		Login	1500221552217	1500221552427	OK	 
REQUEST	Load GraffiTab App	110		Unread notifications	1500221552427	1500221552471	OK	 
REQUEST	Load GraffiTab App	111		Unread notifications	1500221552467	1500221552517	OK	 
REQUEST	Load GraffiTab App	114		Get My Feed	1500221552478	1500221552534	OK	 
REQUEST	Load GraffiTab App	116		Unread notifications	1500221552486	1500221552535	OK	 
REQUEST	Load GraffiTab App	108		Newest streamables	1500221552538	1500221552570	OK	 
USER	Load GraffiTab App	108	END	1500221550026	1500221552571
USER	Load GraffiTab App	121	START	1500221552618	1500221552618
REQUEST	Load GraffiTab App	113		Notifications	1500221552578	1500221552634	OK	 
REQUEST	Load GraffiTab App	115		Unread notifications	1500221552628	1500221552662	OK	 
REQUEST	Load GraffiTab App	118		Me	1500221552628	1500221552681	OK	 
REQUEST	Load GraffiTab App	109		Notifications	1500221552657	1500221552704	OK	 
REQUEST	Load GraffiTab App	112		Trending	1500221552687	1500221552721	OK	 
REQUEST	Load GraffiTab App	117		Unread notifications	1500221552697	1500221552734	OK	 
REQUEST	Load GraffiTab App	120		Login	1500221552416	1500221552739	OK	 
REQUEST	Load GraffiTab App	119		Me	1500221552748	1500221552785	OK	 
USER	Load GraffiTab App	122	START	1500221552817	1500221552817
REQUEST	Load GraffiTab App	111		Get My Feed	1500221552817	1500221552853	OK	 
REQUEST	Load GraffiTab App	114		Notifications	1500221552827	1500221552858	OK	 
REQUEST	Load GraffiTab App	110		Get My Feed	1500221552767	1500221552870	OK	 
REQUEST	Load GraffiTab App	121		Login	1500221552618	1500221552900	OK	 
REQUEST	Load GraffiTab App	116		Get My Feed	1500221552827	1500221552905	OK	 
REQUEST	Load GraffiTab App	113		Trending	1500221552917	1500221552943	OK	 
USER	Load GraffiTab App	123	START	1500221553016	1500221553016
REQUEST	Load GraffiTab App	118		Unread notifications	1500221552988	1500221553017	OK	 
REQUEST	Load GraffiTab App	115		Get My Feed	1500221552967	1500221553041	OK	 
REQUEST	Load GraffiTab App	112		Newest streamables	1500221553027	1500221553061	OK	 
USER	Load GraffiTab App	112	END	1500221550819	1500221553061
REQUEST	Load GraffiTab App	109		Trending	1500221552997	1500221553080	OK	 
REQUEST	Load GraffiTab App	119		Unread notifications	1500221553076	1500221553104	OK	 
REQUEST	Load GraffiTab App	117		Get My Feed	1500221553027	1500221553107	OK	 
REQUEST	Load GraffiTab App	120		Me	1500221553058	1500221553136	OK	 
REQUEST	Load GraffiTab App	114		Trending	1500221553158	1500221553194	OK	 
REQUEST	Load GraffiTab App	111		Notifications	1500221553147	1500221553212	OK	 
USER	Load GraffiTab App	124	START	1500221553218	1500221553218
REQUEST	Load GraffiTab App	123		Login	1500221553016	1500221553251	OK	 
REQUEST	Load GraffiTab App	116		Notifications	1500221553205	1500221553252	OK	 
REQUEST	Load GraffiTab App	110		Notifications	1500221553178	1500221553256	OK	 
REQUEST	Load GraffiTab App	121		Me	1500221553218	1500221553286	OK	 
REQUEST	Load GraffiTab App	113		Newest streamables	1500221553247	1500221553309	OK	 
USER	Load GraffiTab App	113	END	1500221551016	1500221553310
REQUEST	Load GraffiTab App	118		Get My Feed	1500221553318	1500221553345	OK	 
REQUEST	Load GraffiTab App	115		Notifications	1500221553336	1500221553410	OK	 
USER	Load GraffiTab App	125	START	1500221553416	1500221553416
REQUEST	Load GraffiTab App	109		Newest streamables	1500221553388	1500221553425	OK	 
USER	Load GraffiTab App	109	END	1500221550229	1500221553425
REQUEST	Load GraffiTab App	124		Login	1500221553218	1500221553438	OK	 
REQUEST	Load GraffiTab App	117		Notifications	1500221553417	1500221553445	OK	 
REQUEST	Load GraffiTab App	119		Get My Feed	1500221553405	1500221553474	OK	 
REQUEST	Load GraffiTab App	120		Unread notifications	1500221553436	1500221553498	OK	 
REQUEST	Load GraffiTab App	114		Newest streamables	1500221553487	1500221553536	OK	 
USER	Load GraffiTab App	114	END	1500221551217	1500221553536
REQUEST	Load GraffiTab App	111		Trending	1500221553519	1500221553555	OK	 
REQUEST	Load GraffiTab App	116		Trending	1500221553558	1500221553587	OK	 
REQUEST	Load GraffiTab App	122		Login	1500221552817	1500221553603	OK	 
REQUEST	Load GraffiTab App	110		Trending	1500221553558	1500221553613	OK	 
REQUEST	Load GraffiTab App	123		Me	1500221553567	1500221553614	OK	 
USER	Load GraffiTab App	126	START	1500221553616	1500221553616
REQUEST	Load GraffiTab App	121		Unread notifications	1500221553597	1500221553625	OK	 
REQUEST	Load GraffiTab App	125		Login	1500221553417	1500221553636	OK	 
REQUEST	Load GraffiTab App	118		Notifications	1500221553636	1500221553672	OK	 
REQUEST	Load GraffiTab App	115		Trending	1500221553718	1500221553757	OK	 
REQUEST	Load GraffiTab App	117		Trending	1500221553737	1500221553772	OK	 
REQUEST	Load GraffiTab App	124		Me	1500221553756	1500221553791	OK	 
REQUEST	Load GraffiTab App	119		Notifications	1500221553777	1500221553812	OK	 
USER	Load GraffiTab App	127	START	1500221553826	1500221553826
REQUEST	Load GraffiTab App	120		Get My Feed	1500221553806	1500221553840	OK	 
REQUEST	Load GraffiTab App	126		Login	1500221553616	1500221553853	OK	 
REQUEST	Load GraffiTab App	111		Newest streamables	1500221553848	1500221553880	OK	 
USER	Load GraffiTab App	111	END	1500221550625	1500221553881
REQUEST	Load GraffiTab App	122		Me	1500221553916	1500221553948	OK	 
REQUEST	Load GraffiTab App	116		Newest streamables	1500221553898	1500221553948	OK	 
USER	Load GraffiTab App	116	END	1500221551617	1500221553949
REQUEST	Load GraffiTab App	110		Newest streamables	1500221553908	1500221553949	OK	 
USER	Load GraffiTab App	110	END	1500221550428	1500221553950
REQUEST	Load GraffiTab App	123		Unread notifications	1500221553916	1500221553954	OK	 
REQUEST	Load GraffiTab App	121		Get My Feed	1500221553916	1500221553954	OK	 
REQUEST	Load GraffiTab App	118		Trending	1500221553976	1500221554004	OK	 
REQUEST	Load GraffiTab App	125		Me	1500221553957	1500221554005	OK	 
USER	Load GraffiTab App	128	START	1500221554027	1500221554027
REQUEST	Load GraffiTab App	115		Newest streamables	1500221554057	1500221554088	OK	 
USER	Load GraffiTab App	115	END	1500221551416	1500221554088
REQUEST	Load GraffiTab App	117		Newest streamables	1500221554076	1500221554125	OK	 
REQUEST	Load GraffiTab App	124		Unread notifications	1500221554097	1500221554125	OK	 
USER	Load GraffiTab App	117	END	1500221551818	1500221554126
REQUEST	Load GraffiTab App	120		Notifications	1500221554137	1500221554166	OK	 
REQUEST	Load GraffiTab App	119		Trending	1500221554118	1500221554177	OK	 
REQUEST	Load GraffiTab App	126		Me	1500221554166	1500221554217	OK	 
USER	Load GraffiTab App	129	START	1500221554228	1500221554228
REQUEST	Load GraffiTab App	122		Unread notifications	1500221554257	1500221554299	OK	 
REQUEST	Load GraffiTab App	121		Notifications	1500221554248	1500221554300	OK	 
REQUEST	Load GraffiTab App	123		Get My Feed	1500221554257	1500221554307	OK	 
REQUEST	Load GraffiTab App	125		Unread notifications	1500221554297	1500221554327	OK	 
REQUEST	Load GraffiTab App	118		Newest streamables	1500221554297	1500221554364	OK	 
USER	Load GraffiTab App	118	END	1500221552017	1500221554364
REQUEST	Load GraffiTab App	127		Login	1500221553827	1500221554423	OK	 
USER	Load GraffiTab App	130	START	1500221554428	1500221554428
REQUEST	Load GraffiTab App	124		Get My Feed	1500221554417	1500221554448	OK	 
REQUEST	Load GraffiTab App	120		Trending	1500221554467	1500221554498	OK	 
REQUEST	Load GraffiTab App	119		Newest streamables	1500221554478	1500221554548	OK	 
USER	Load GraffiTab App	119	END	1500221552217	1500221554548
REQUEST	Load GraffiTab App	126		Unread notifications	1500221554528	1500221554555	OK	 
USER	Load GraffiTab App	131	START	1500221554628	1500221554628
REQUEST	Load GraffiTab App	123		Notifications	1500221554607	1500221554644	OK	 
REQUEST	Load GraffiTab App	125		Get My Feed	1500221554638	1500221554666	OK	 
REQUEST	Load GraffiTab App	122		Get My Feed	1500221554597	1500221554709	OK	 
REQUEST	Load GraffiTab App	121		Trending	1500221554607	1500221554708	OK	 
REQUEST	Load GraffiTab App	127		Me	1500221554737	1500221554775	OK	 
USER	Load GraffiTab App	132	START	1500221554816	1500221554816
REQUEST	Load GraffiTab App	120		Newest streamables	1500221554797	1500221554825	OK	 
USER	Load GraffiTab App	120	END	1500221552416	1500221554826
REQUEST	Load GraffiTab App	124		Notifications	1500221554756	1500221554846	OK	 
REQUEST	Load GraffiTab App	126		Get My Feed	1500221554847	1500221554875	OK	 
REQUEST	Load GraffiTab App	128		Login	1500221554027	1500221554968	OK	 
REQUEST	Load GraffiTab App	125		Notifications	1500221554956	1500221554986	OK	 
REQUEST	Load GraffiTab App	123		Trending	1500221554938	1500221555000	OK	 
USER	Load GraffiTab App	133	START	1500221555017	1500221555017
REQUEST	Load GraffiTab App	122		Notifications	1500221555007	1500221555042	OK	 
REQUEST	Load GraffiTab App	121		Newest streamables	1500221555007	1500221555056	OK	 
USER	Load GraffiTab App	121	END	1500221552618	1500221555056
REQUEST	Load GraffiTab App	127		Unread notifications	1500221555078	1500221555112	OK	 
REQUEST	Load GraffiTab App	124		Trending	1500221555137	1500221555193	OK	 
REQUEST	Load GraffiTab App	126		Notifications	1500221555177	1500221555208	OK	 
REQUEST	Load GraffiTab App	129		Login	1500221554229	1500221555212	OK	 
USER	Load GraffiTab App	134	START	1500221555218	1500221555218
REQUEST	Load GraffiTab App	128		Me	1500221555287	1500221555322	OK	 
REQUEST	Load GraffiTab App	123		Newest streamables	1500221555307	1500221555335	OK	 
USER	Load GraffiTab App	123	END	1500221553016	1500221555336
REQUEST	Load GraffiTab App	125		Trending	1500221555298	1500221555357	OK	 
REQUEST	Load GraffiTab App	130		Login	1500221554428	1500221555367	OK	 
REQUEST	Load GraffiTab App	122		Trending	1500221555347	1500221555399	OK	 
USER	Load GraffiTab App	135	START	1500221555416	1500221555416
REQUEST	Load GraffiTab App	127		Get My Feed	1500221555416	1500221555448	OK	 
REQUEST	Load GraffiTab App	131		Login	1500221554628	1500221555484	OK	 
REQUEST	Load GraffiTab App	124		Newest streamables	1500221555497	1500221555529	OK	 
USER	Load GraffiTab App	124	END	1500221553218	1500221555529
REQUEST	Load GraffiTab App	129		Me	1500221555526	1500221555555	OK	 
REQUEST	Load GraffiTab App	132		Login	1500221554816	1500221555565	OK	 
REQUEST	Load GraffiTab App	126		Trending	1500221555517	1500221555577	OK	 
USER	Load GraffiTab App	136	START	1500221555617	1500221555617
REQUEST	Load GraffiTab App	128		Unread notifications	1500221555627	1500221555672	OK	 
REQUEST	Load GraffiTab App	125		Newest streamables	1500221555656	1500221555715	OK	 
USER	Load GraffiTab App	125	END	1500221553416	1500221555716
REQUEST	Load GraffiTab App	130		Me	1500221555688	1500221555725	OK	 
REQUEST	Load GraffiTab App	133		Login	1500221555017	1500221555729	OK	 
REQUEST	Load GraffiTab App	122		Newest streamables	1500221555697	1500221555745	OK	 
USER	Load GraffiTab App	122	END	1500221552817	1500221555746
REQUEST	Load GraffiTab App	127		Notifications	1500221555746	1500221555779	OK	 
USER	Load GraffiTab App	137	START	1500221555827	1500221555827
REQUEST	Load GraffiTab App	131		Me	1500221555798	1500221555833	OK	 
REQUEST	Load GraffiTab App	134		Login	1500221555218	1500221555898	OK	 
REQUEST	Load GraffiTab App	132		Me	1500221555877	1500221555916	OK	 
REQUEST	Load GraffiTab App	129		Unread notifications	1500221555857	1500221555956	OK	 
REQUEST	Load GraffiTab App	126		Newest streamables	1500221555877	1500221555959	OK	 
USER	Load GraffiTab App	126	END	1500221553616	1500221555960
REQUEST	Load GraffiTab App	128		Get My Feed	1500221555968	1500221556015	OK	 
USER	Load GraffiTab App	138	START	1500221556028	1500221556028
REQUEST	Load GraffiTab App	136		Login	1500221555617	1500221556028	OK	 
REQUEST	Load GraffiTab App	133		Me	1500221556046	1500221556089	OK	 
REQUEST	Load GraffiTab App	130		Unread notifications	1500221556019	1500221556099	OK	 
REQUEST	Load GraffiTab App	127		Trending	1500221556088	1500221556121	OK	 
REQUEST	Load GraffiTab App	135		Login	1500221555416	1500221556134	OK	 
REQUEST	Load GraffiTab App	131		Unread notifications	1500221556137	1500221556206	OK	 
USER	Load GraffiTab App	139	START	1500221556226	1500221556226
REQUEST	Load GraffiTab App	137		Login	1500221555828	1500221556232	OK	 
REQUEST	Load GraffiTab App	134		Me	1500221556216	1500221556252	OK	 
REQUEST	Load GraffiTab App	132		Unread notifications	1500221556216	1500221556284	OK	 
REQUEST	Load GraffiTab App	129		Get My Feed	1500221556256	1500221556324	OK	 
REQUEST	Load GraffiTab App	128		Notifications	1500221556317	1500221556354	OK	 
REQUEST	Load GraffiTab App	136		Me	1500221556347	1500221556384	OK	 
USER	Load GraffiTab App	140	START	1500221556427	1500221556427
REQUEST	Load GraffiTab App	133		Unread notifications	1500221556398	1500221556434	OK	 
REQUEST	Load GraffiTab App	130		Get My Feed	1500221556406	1500221556444	OK	 
REQUEST	Load GraffiTab App	127		Newest streamables	1500221556416	1500221556448	OK	 
USER	Load GraffiTab App	127	END	1500221553826	1500221556449
REQUEST	Load GraffiTab App	135		Me	1500221556447	1500221556480	OK	 
REQUEST	Load GraffiTab App	137		Me	1500221556548	1500221556585	OK	 
REQUEST	Load GraffiTab App	131		Get My Feed	1500221556518	1500221556600	OK	 
REQUEST	Load GraffiTab App	132		Get My Feed	1500221556588	1500221556625	OK	 
USER	Load GraffiTab App	141	START	1500221556626	1500221556626
REQUEST	Load GraffiTab App	134		Unread notifications	1500221556556	1500221556630	OK	 
REQUEST	Load GraffiTab App	138		Login	1500221556028	1500221556681	OK	 
REQUEST	Load GraffiTab App	128		Trending	1500221556646	1500221556684	OK	 
REQUEST	Load GraffiTab App	139		Login	1500221556227	1500221556684	OK	 
REQUEST	Load GraffiTab App	129		Notifications	1500221556626	1500221556693	OK	 
REQUEST	Load GraffiTab App	136		Unread notifications	1500221556678	1500221556729	OK	 
REQUEST	Load GraffiTab App	133		Get My Feed	1500221556727	1500221556768	OK	 
REQUEST	Load GraffiTab App	130		Notifications	1500221556737	1500221556770	OK	 
REQUEST	Load GraffiTab App	135		Unread notifications	1500221556787	1500221556821	OK	 
USER	Load GraffiTab App	142	START	1500221556828	1500221556828
REQUEST	Load GraffiTab App	140		Login	1500221556428	1500221556892	OK	 
REQUEST	Load GraffiTab App	131		Notifications	1500221556887	1500221556956	OK	 
REQUEST	Load GraffiTab App	132		Notifications	1500221556938	1500221556993	OK	 
USER	Load GraffiTab App	143	START	1500221557026	1500221557026
REQUEST	Load GraffiTab App	137		Unread notifications	1500221556887	1500221557036	OK	 
REQUEST	Load GraffiTab App	129		Trending	1500221556996	1500221557036	OK	 
REQUEST	Load GraffiTab App	138		Me	1500221556996	1500221557036	OK	 
REQUEST	Load GraffiTab App	133		Notifications	1500221557076	1500221557129	OK	 
REQUEST	Load GraffiTab App	139		Me	1500221556996	1500221557184	OK	 
REQUEST	Load GraffiTab App	134		Get My Feed	1500221556926	1500221557189	OK	 
REQUEST	Load GraffiTab App	128		Newest streamables	1500221556987	1500221557222	OK	 
USER	Load GraffiTab App	128	END	1500221554027	1500221557223
USER	Load GraffiTab App	144	START	1500221557226	1500221557226
REQUEST	Load GraffiTab App	136		Get My Feed	1500221557036	1500221557252	OK	 
REQUEST	Load GraffiTab App	140		Me	1500221557208	1500221557255	OK	 
REQUEST	Load GraffiTab App	130		Trending	1500221557076	1500221557269	OK	 
REQUEST	Load GraffiTab App	135		Get My Feed	1500221557116	1500221557287	OK	 
REQUEST	Load GraffiTab App	131		Trending	1500221557257	1500221557301	OK	 
REQUEST	Load GraffiTab App	132		Trending	1500221557287	1500221557371	OK	 
REQUEST	Load GraffiTab App	129		Newest streamables	1500221557338	1500221557384	OK	 
REQUEST	Load GraffiTab App	137		Get My Feed	1500221557348	1500221557384	OK	 
USER	Load GraffiTab App	129	END	1500221554228	1500221557384
REQUEST	Load GraffiTab App	138		Unread notifications	1500221557348	1500221557395	OK	 
REQUEST	Load GraffiTab App	142		Login	1500221556828	1500221557417	OK	 
USER	Load GraffiTab App	145	START	1500221557428	1500221557428
REQUEST	Load GraffiTab App	133		Trending	1500221557428	1500221557473	OK	 
REQUEST	Load GraffiTab App	141		Login	1500221556626	1500221557514	OK	 
REQUEST	Load GraffiTab App	139		Unread notifications	1500221557488	1500221557527	OK	 
REQUEST	Load GraffiTab App	134		Notifications	1500221557495	1500221557538	OK	 
REQUEST	Load GraffiTab App	143		Login	1500221557026	1500221557540	OK	 
REQUEST	Load GraffiTab App	140		Unread notifications	1500221557557	1500221557598	OK	 
REQUEST	Load GraffiTab App	136		Notifications	1500221557548	1500221557600	OK	 
USER	Load GraffiTab App	146	START	1500221557626	1500221557626
REQUEST	Load GraffiTab App	135		Notifications	1500221557596	1500221557628	OK	 
REQUEST	Load GraffiTab App	130		Newest streamables	1500221557568	1500221557639	OK	 
USER	Load GraffiTab App	130	END	1500221554428	1500221557639
REQUEST	Load GraffiTab App	131		Newest streamables	1500221557606	1500221557666	OK	 
USER	Load GraffiTab App	131	END	1500221554628	1500221557667
REQUEST	Load GraffiTab App	137		Notifications	1500221557666	1500221557712	OK	 
REQUEST	Load GraffiTab App	132		Newest streamables	1500221557666	1500221557731	OK	 
USER	Load GraffiTab App	132	END	1500221554816	1500221557731
REQUEST	Load GraffiTab App	138		Get My Feed	1500221557686	1500221557742	OK	 
REQUEST	Load GraffiTab App	142		Me	1500221557738	1500221557776	OK	 
REQUEST	Load GraffiTab App	133		Newest streamables	1500221557768	1500221557799	OK	 
USER	Load GraffiTab App	133	END	1500221555017	1500221557799
REQUEST	Load GraffiTab App	144		Login	1500221557226	1500221557815	OK	 
USER	Load GraffiTab App	147	START	1500221557816	1500221557816
REQUEST	Load GraffiTab App	134		Trending	1500221557838	1500221557879	OK	 
REQUEST	Load GraffiTab App	141		Me	1500221557829	1500221557879	OK	 
REQUEST	Load GraffiTab App	143		Me	1500221557858	1500221557898	OK	 
REQUEST	Load GraffiTab App	145		Login	1500221557428	1500221557898	OK	 
REQUEST	Load GraffiTab App	139		Get My Feed	1500221557838	1500221557906	OK	 
REQUEST	Load GraffiTab App	136		Trending	1500221557906	1500221557936	OK	 
REQUEST	Load GraffiTab App	140		Get My Feed	1500221557906	1500221557982	OK	 
REQUEST	Load GraffiTab App	135		Trending	1500221557926	1500221557994	OK	 
USER	Load GraffiTab App	148	START	1500221558017	1500221558017
REQUEST	Load GraffiTab App	137		Trending	1500221558017	1500221558048	OK	 
REQUEST	Load GraffiTab App	146		Login	1500221557627	1500221558057	OK	 
REQUEST	Load GraffiTab App	138		Notifications	1500221558048	1500221558077	OK	 
REQUEST	Load GraffiTab App	142		Unread notifications	1500221558077	1500221558144	OK	 
REQUEST	Load GraffiTab App	144		Me	1500221558128	1500221558159	OK	 
USER	Load GraffiTab App	149	START	1500221558216	1500221558216
REQUEST	Load GraffiTab App	141		Unread notifications	1500221558187	1500221558217	OK	 
REQUEST	Load GraffiTab App	139		Notifications	1500221558207	1500221558241	OK	 
REQUEST	Load GraffiTab App	136		Newest streamables	1500221558226	1500221558261	OK	 
USER	Load GraffiTab App	136	END	1500221555617	1500221558261
REQUEST	Load GraffiTab App	134		Newest streamables	1500221558176	1500221558274	OK	 
USER	Load GraffiTab App	134	END	1500221555218	1500221558274
REQUEST	Load GraffiTab App	140		Notifications	1500221558278	1500221558307	OK	 
REQUEST	Load GraffiTab App	143		Unread notifications	1500221558207	1500221558321	OK	 
REQUEST	Load GraffiTab App	145		Me	1500221558217	1500221558328	OK	 
REQUEST	Load GraffiTab App	135		Newest streamables	1500221558286	1500221558352	OK	 
USER	Load GraffiTab App	135	END	1500221555416	1500221558352
REQUEST	Load GraffiTab App	137		Newest streamables	1500221558357	1500221558384	OK	 
USER	Load GraffiTab App	137	END	1500221555827	1500221558384
REQUEST	Load GraffiTab App	146		Me	1500221558378	1500221558402	OK	 
USER	Load GraffiTab App	150	START	1500221558415	1500221558415
REQUEST	Load GraffiTab App	138		Trending	1500221558378	1500221558424	OK	 
REQUEST	Load GraffiTab App	142		Get My Feed	1500221558436	1500221558485	OK	 
REQUEST	Load GraffiTab App	144		Unread notifications	1500221558469	1500221558511	OK	 
REQUEST	Load GraffiTab App	141		Get My Feed	1500221558517	1500221558547	OK	 
REQUEST	Load GraffiTab App	139		Trending	1500221558537	1500221558581	OK	 
REQUEST	Load GraffiTab App	150		Login	1500221558416	1500221558627	OK	 
REQUEST	Load GraffiTab App	140		Trending	1500221558608	1500221558643	OK	 
REQUEST	Load GraffiTab App	147		Login	1500221557816	1500221558648	OK	 
REQUEST	Load GraffiTab App	143		Get My Feed	1500221558616	1500221558649	OK	 
REQUEST	Load GraffiTab App	145		Unread notifications	1500221558639	1500221558666	OK	 
REQUEST	Load GraffiTab App	146		Unread notifications	1500221558698	1500221558732	OK	 
REQUEST	Load GraffiTab App	148		Login	1500221558017	1500221558732	OK	 
REQUEST	Load GraffiTab App	138		Newest streamables	1500221558716	1500221558750	OK	 
USER	Load GraffiTab App	138	END	1500221556028	1500221558751
REQUEST	Load GraffiTab App	149		Login	1500221558217	1500221558760	OK	 
REQUEST	Load GraffiTab App	142		Notifications	1500221558786	1500221558814	OK	 
REQUEST	Load GraffiTab App	144		Get My Feed	1500221558806	1500221558837	OK	 
REQUEST	Load GraffiTab App	141		Notifications	1500221558848	1500221558877	OK	 
REQUEST	Load GraffiTab App	139		Newest streamables	1500221558876	1500221558902	OK	 
USER	Load GraffiTab App	139	END	1500221556226	1500221558902
REQUEST	Load GraffiTab App	140		Newest streamables	1500221558938	1500221558971	OK	 
USER	Load GraffiTab App	140	END	1500221556427	1500221558972
REQUEST	Load GraffiTab App	150		Me	1500221558948	1500221558981	OK	 
REQUEST	Load GraffiTab App	145		Get My Feed	1500221558967	1500221558994	OK	 
REQUEST	Load GraffiTab App	143		Notifications	1500221558948	1500221558994	OK	 
REQUEST	Load GraffiTab App	147		Me	1500221558967	1500221559004	OK	 
REQUEST	Load GraffiTab App	146		Get My Feed	1500221559038	1500221559069	OK	 
REQUEST	Load GraffiTab App	148		Me	1500221559048	1500221559085	OK	 
REQUEST	Load GraffiTab App	149		Me	1500221559078	1500221559109	OK	 
REQUEST	Load GraffiTab App	142		Trending	1500221559119	1500221559143	OK	 
REQUEST	Load GraffiTab App	144		Notifications	1500221559148	1500221559181	OK	 
REQUEST	Load GraffiTab App	141		Trending	1500221559176	1500221559211	OK	 
REQUEST	Load GraffiTab App	145		Notifications	1500221559276	1500221559304	OK	 
REQUEST	Load GraffiTab App	150		Unread notifications	1500221559276	1500221559306	OK	 
REQUEST	Load GraffiTab App	143		Trending	1500221559298	1500221559326	OK	 
REQUEST	Load GraffiTab App	147		Unread notifications	1500221559306	1500221559330	OK	 
REQUEST	Load GraffiTab App	146		Notifications	1500221559369	1500221559403	OK	 
REQUEST	Load GraffiTab App	148		Unread notifications	1500221559387	1500221559427	OK	 
REQUEST	Load GraffiTab App	149		Unread notifications	1500221559416	1500221559441	OK	 
REQUEST	Load GraffiTab App	142		Newest streamables	1500221559447	1500221559489	OK	 
USER	Load GraffiTab App	142	END	1500221556828	1500221559489
REQUEST	Load GraffiTab App	144		Trending	1500221559478	1500221559503	OK	 
REQUEST	Load GraffiTab App	141		Newest streamables	1500221559507	1500221559555	OK	 
USER	Load GraffiTab App	141	END	1500221556626	1500221559556
REQUEST	Load GraffiTab App	145		Trending	1500221559608	1500221559633	OK	 
REQUEST	Load GraffiTab App	147		Get My Feed	1500221559625	1500221559650	OK	 
REQUEST	Load GraffiTab App	150		Get My Feed	1500221559608	1500221559669	OK	 
REQUEST	Load GraffiTab App	143		Newest streamables	1500221559625	1500221559699	OK	 
USER	Load GraffiTab App	143	END	1500221557026	1500221559699
REQUEST	Load GraffiTab App	146		Trending	1500221559697	1500221559722	OK	 
REQUEST	Load GraffiTab App	149		Get My Feed	1500221559738	1500221559765	OK	 
REQUEST	Load GraffiTab App	148		Get My Feed	1500221559728	1500221559766	OK	 
REQUEST	Load GraffiTab App	144		Newest streamables	1500221559797	1500221559840	OK	 
USER	Load GraffiTab App	144	END	1500221557226	1500221559840
REQUEST	Load GraffiTab App	145		Newest streamables	1500221559937	1500221559962	OK	 
USER	Load GraffiTab App	145	END	1500221557428	1500221559963
REQUEST	Load GraffiTab App	147		Notifications	1500221559956	1500221559995	OK	 
REQUEST	Load GraffiTab App	150		Notifications	1500221559978	1500221560006	OK	 
REQUEST	Load GraffiTab App	146		Newest streamables	1500221560028	1500221560062	OK	 
USER	Load GraffiTab App	146	END	1500221557626	1500221560063
REQUEST	Load GraffiTab App	149		Notifications	1500221560056	1500221560086	OK	 
REQUEST	Load GraffiTab App	148		Notifications	1500221560078	1500221560117	OK	 
REQUEST	Load GraffiTab App	147		Trending	1500221560287	1500221560312	OK	 
REQUEST	Load GraffiTab App	150		Trending	1500221560307	1500221560350	OK	 
REQUEST	Load GraffiTab App	149		Trending	1500221560398	1500221560424	OK	 
REQUEST	Load GraffiTab App	148		Trending	1500221560406	1500221560447	OK	 
REQUEST	Load GraffiTab App	147		Newest streamables	1500221560618	1500221560644	OK	 
USER	Load GraffiTab App	147	END	1500221557816	1500221560644
REQUEST	Load GraffiTab App	150		Newest streamables	1500221560649	1500221560692	OK	 
USER	Load GraffiTab App	150	END	1500221558415	1500221560693
REQUEST	Load GraffiTab App	149		Newest streamables	1500221560716	1500221560741	OK	 
USER	Load GraffiTab App	149	END	1500221558216	1500221560742
REQUEST	Load GraffiTab App	148		Newest streamables	1500221560748	1500221560781	OK	 
USER	Load GraffiTab App	148	END	1500221558017	1500221560782
